2025-12-27 10:05:17,027 [INFO] Activator:176 - 


2025-12-27 10:05:17,067 [INFO] Activator:177 - !SESSION log4j initialized
2025-12-27 10:05:24,057 [INFO] LogOutputStream:77 - [STDOUT_REDIRECT] 
2025-12-27 10:05:25,155 [INFO] ApplicationProperties:184 - Using Application install path: C:\ST\STM32CubeIDE_1.18.1\STM32CubeIDE\plugins\com.st.stm32cube.common.mx_6.14.1.202504091515
2025-12-27 10:05:25,185 [INFO] DbMcusXml:78 - Set database path to: C:\ST\STM32CubeIDE_1.18.1\STM32CubeIDE\plugins\com.st.stm32cube.common.mx_6.14.1.202504091515\\db\/mcu/
2025-12-27 10:05:25,185 [INFO] ApiDb:274 - Set plugin database path to: C:\ST\STM32CubeIDE_1.18.1\STM32CubeIDE\plugins\com.st.stm32cube.common.mx_6.14.1.202504091515\\db\/plugins/boardmanager/
2025-12-27 10:05:25,217 [WARN] ApiDb:259 - Overriding images path with different value:  => C:\ST\STM32CubeIDE_1.18.1\STM32CubeIDE\plugins\com.st.stm32cube.common.mx_6.14.1.202504091515\\db\/plugins/mcufinder/images/
2025-12-27 10:05:25,227 [INFO] ApiDb:250 - Set database path to: C:\Users\NIVYA\.stmcufinder\plugins\mcufinder//mcu/
2025-12-27 10:05:25,229 [INFO] DbMcusAds:125 - Set database path to: C:\Users\NIVYA\.stmcufinder\plugins\mcufinder//mcu/
2025-12-27 10:05:25,232 [INFO] CrossReferenceDbSqlite:203 - Set database path to: C:\Users\NIVYA\.stmcufinder\plugins\mcufinder//mcu/cs/
2025-12-27 10:05:25,398 [INFO] RulesReader:64 - Compatibility file has been processed (302 Rules)
2025-12-27 10:05:25,531 [INFO] DbMcusXml:78 - Set database path to: C:\ST\STM32CubeIDE_1.18.1\STM32CubeIDE\plugins\com.st.stm32cube.common.mx_6.14.1.202504091515\\db\/mcu/
2025-12-27 10:05:25,532 [INFO] ApiDb:274 - Set plugin database path to: C:\ST\STM32CubeIDE_1.18.1\STM32CubeIDE\plugins\com.st.stm32cube.common.mx_6.14.1.202504091515\\db\/plugins/boardmanager/
2025-12-27 10:05:25,532 [INFO] ApiDb:261 - Set plugin images path to: C:\ST\STM32CubeIDE_1.18.1\STM32CubeIDE\plugins\com.st.stm32cube.common.mx_6.14.1.202504091515\\db\/plugins/mcufinder/images/
2025-12-27 10:05:25,532 [WARN] DbFile:41 - Overriding database path with different value: C:\Users\NIVYA\.stmcufinder\plugins\mcufinder/ => C:\Users\NIVYA\.stmcufinder\plugins\mcufinder
2025-12-27 10:05:25,532 [INFO] ApiDb:250 - Set database path to: C:\Users\NIVYA\.stmcufinder\plugins\mcufinder//mcu/
2025-12-27 10:05:25,532 [WARN] DbFile:41 - Overriding database path with different value: C:\Users\NIVYA\.stmcufinder\plugins\mcufinder/ => C:\Users\NIVYA\.stmcufinder\plugins\mcufinder
2025-12-27 10:05:25,532 [INFO] DbMcusAds:125 - Set database path to: C:\Users\NIVYA\.stmcufinder\plugins\mcufinder//mcu/
2025-12-27 10:05:25,532 [WARN] DbFile:41 - Overriding database path with different value: C:\Users\NIVYA\.stmcufinder\plugins\mcufinder/ => C:\Users\NIVYA\.stmcufinder\plugins\mcufinder
2025-12-27 10:05:25,532 [WARN] DbFile:41 - Overriding database path with different value: C:\Users\NIVYA\.stmcufinder\plugins\mcufinder/ => C:\Users\NIVYA\.stmcufinder\plugins\mcufinder
2025-12-27 10:05:25,532 [INFO] CrossReferenceDbSqlite:203 - Set database path to: C:\Users\NIVYA\.stmcufinder\plugins\mcufinder//mcu/cs/
2025-12-27 10:05:25,609 [INFO] MainPanel:272 - HeapMemory: 268435456
2025-12-27 10:05:25,784 [INFO] DbMcusXml:78 - Set database path to: C:\ST\STM32CubeIDE_1.18.1\STM32CubeIDE\plugins\com.st.stm32cube.common.mx_6.14.1.202504091515\\db\/mcu/
2025-12-27 10:05:25,784 [INFO] ApiDb:274 - Set plugin database path to: C:\ST\STM32CubeIDE_1.18.1\STM32CubeIDE\plugins\com.st.stm32cube.common.mx_6.14.1.202504091515\\db\/plugins/boardmanager/
2025-12-27 10:05:25,784 [INFO] ApiDb:261 - Set plugin images path to: C:\ST\STM32CubeIDE_1.18.1\STM32CubeIDE\plugins\com.st.stm32cube.common.mx_6.14.1.202504091515\\db\/plugins/mcufinder/images/
2025-12-27 10:05:25,787 [WARN] DbFile:41 - Overriding database path with different value: C:\Users\NIVYA\.stmcufinder\plugins\mcufinder/ => C:\Users\NIVYA\.stmcufinder\plugins\mcufinder
2025-12-27 10:05:25,787 [INFO] ApiDb:250 - Set database path to: C:\Users\NIVYA\.stmcufinder\plugins\mcufinder//mcu/
2025-12-27 10:05:25,787 [WARN] DbFile:41 - Overriding database path with different value: C:\Users\NIVYA\.stmcufinder\plugins\mcufinder/ => C:\Users\NIVYA\.stmcufinder\plugins\mcufinder
2025-12-27 10:05:25,787 [INFO] DbMcusAds:125 - Set database path to: C:\Users\NIVYA\.stmcufinder\plugins\mcufinder//mcu/
2025-12-27 10:05:25,787 [WARN] DbFile:41 - Overriding database path with different value: C:\Users\NIVYA\.stmcufinder\plugins\mcufinder/ => C:\Users\NIVYA\.stmcufinder\plugins\mcufinder
2025-12-27 10:05:25,787 [WARN] DbFile:41 - Overriding database path with different value: C:\Users\NIVYA\.stmcufinder\plugins\mcufinder/ => C:\Users\NIVYA\.stmcufinder\plugins\mcufinder
2025-12-27 10:05:25,788 [INFO] CrossReferenceDbSqlite:203 - Set database path to: C:\Users\NIVYA\.stmcufinder\plugins\mcufinder//mcu/cs/
2025-12-27 10:05:25,814 [INFO] ApplicationProperties:184 - Using Application install path: C:\ST\STM32CubeIDE_1.18.1\STM32CubeIDE\plugins\com.st.stm32cube.common.mx_6.14.1.202504091515
2025-12-27 10:05:25,816 [INFO] PluginManage:196 - Search for loadable plugins [exclusion list=, ]
2025-12-27 10:05:25,817 [INFO] PluginManage:310 - Check plugin analytics
2025-12-27 10:05:26,057 [INFO] AnalyticsPlugin:253 - Accepted Software Licenses: STM32CubeMX.6.16.0,STM32CubeMX.6.14.1
2025-12-27 10:05:26,058 [INFO] AnalyticsPlugin:255 - Accepted CMSIS Pack Licenses: 
2025-12-27 10:05:26,058 [INFO] AnalyticsPlugin:257 - Accepted Firmware Licenses: FW.F4.1.28.0
2025-12-27 10:05:26,063 [INFO] PluginManage:359 - Loaded plugin analytics (category:tool,tabindex:-1)
2025-12-27 10:05:26,064 [INFO] PluginManage:310 - Check plugin cadmodel
2025-12-27 10:05:26,070 [INFO] CADModel:105 - Init CAD model plugin
2025-12-27 10:05:26,070 [INFO] PluginManage:359 - Loaded plugin cadmodel (category:power,tabindex:5)
2025-12-27 10:05:26,070 [INFO] PluginManage:310 - Check plugin clock
2025-12-27 10:05:26,083 [INFO] PluginManage:359 - Loaded plugin clock (category:base,tabindex:2)
2025-12-27 10:05:26,084 [INFO] PluginManage:310 - Check plugin ddr
2025-12-27 10:05:26,086 [INFO] PluginManage:359 - Loaded plugin ddr (category:tool,tabindex:6)
2025-12-27 10:05:26,086 [INFO] PluginManage:310 - Check plugin filemanager
2025-12-27 10:05:26,265 [INFO] PluginManage:359 - Loaded plugin filemanager (category:base,tabindex:10)
2025-12-27 10:05:26,265 [INFO] PluginManage:310 - Check plugin ipmanager
2025-12-27 10:05:26,273 [INFO] PluginManage:359 - Loaded plugin ipmanager (category:base,tabindex:5)
2025-12-27 10:05:26,274 [INFO] PluginManage:310 - Check plugin lpbam
2025-12-27 10:05:26,282 [INFO] PluginManage:359 - Loaded plugin lpbam (category:base,tabindex:0)
2025-12-27 10:05:26,282 [INFO] PluginManage:310 - Check plugin memorymap
2025-12-27 10:05:26,291 [INFO] PluginManage:359 - Loaded plugin memorymap (category:base,tabindex:4)
2025-12-27 10:05:26,291 [INFO] PluginManage:310 - Check plugin pinoutandconfiguration
2025-12-27 10:05:26,297 [INFO] PluginManage:359 - Loaded plugin pinoutandconfiguration (category:base,tabindex:1)
2025-12-27 10:05:26,297 [INFO] PluginManage:310 - Check plugin pinoutconfig
2025-12-27 10:05:26,376 [WARN] SupportedApi:132 - Cannot load RTOS API schema: s4s-elt-must-match.1: The content of 'definitions' must match (annotation?, (simpleType | complexType)?, (unique | key | keyref)*)). A problem was found starting at: attribute.
2025-12-27 10:05:26,498 [INFO] PluginManage:359 - Loaded plugin pinoutconfig (category:base,tabindex:0)
2025-12-27 10:05:26,498 [INFO] PluginManage:310 - Check plugin power
2025-12-27 10:05:26,505 [INFO] PluginManage:359 - Loaded plugin power (category:power,tabindex:4)
2025-12-27 10:05:26,505 [INFO] PluginManage:310 - Check plugin projectmanager
2025-12-27 10:05:26,522 [INFO] PluginManage:359 - Loaded plugin projectmanager (category:projectmanager,tabindex:4)
2025-12-27 10:05:26,522 [INFO] PluginManage:310 - Check plugin rif
2025-12-27 10:05:26,527 [INFO] PluginManage:359 - Loaded plugin rif (category:base,tabindex:3)
2025-12-27 10:05:26,528 [INFO] PluginManage:310 - Check plugin thirdparty
2025-12-27 10:05:26,679 [INFO] PluginManage:359 - Loaded plugin thirdparty (category:base,tabindex:-1)
2025-12-27 10:05:26,679 [WARN] IntegrityCheckThread:84 - waiting for thirdparty lock release [integrity check]
2025-12-27 10:05:26,680 [INFO] IntegrityCheckThread:86 - entering critical section [integrity check]
2025-12-27 10:05:26,680 [INFO] PluginManage:310 - Check plugin tools
2025-12-27 10:05:26,680 [INFO] ThirdPartyUpdaterWithRetryManager:70 - Updater plugin not ready yet. [1/15]
2025-12-27 10:05:26,683 [INFO] PluginManage:359 - Loaded plugin tools (category:base,tabindex:7)
2025-12-27 10:05:26,683 [INFO] PluginManage:310 - Check plugin tutovideos
2025-12-27 10:05:26,846 [INFO] PluginManage:359 - Loaded plugin tutovideos (category:base,tabindex:-1)
2025-12-27 10:05:26,846 [INFO] PluginManage:310 - Check plugin updater
2025-12-27 10:05:26,867 [INFO] PluginManage:359 - Loaded plugin updater (category:base,tabindex:12)
2025-12-27 10:05:26,867 [INFO] PluginManage:310 - Check plugin userauth
2025-12-27 10:05:26,870 [INFO] UserAuth:118 - Init User Auth plugin
2025-12-27 10:05:26,871 [INFO] PluginManage:359 - Loaded plugin userauth (category:base,tabindex:14)
2025-12-27 10:05:26,872 [INFO] PluginManage:283 - PluginManage : Loaded plugins [18]
2025-12-27 10:05:27,134 [INFO] PinOutPanel:1589 - setPackage(No Configuration,No Configuration)
2025-12-27 10:05:27,241 [INFO] CADModel:165 - CPN selected for project level
2025-12-27 10:05:27,241 [INFO] CADModel:114 - Register for checkConnection events
2025-12-27 10:05:27,261 [INFO] IPUIPlugin:80 - create IPUIPlugin
2025-12-27 10:05:27,261 [INFO] PluginManager:220 - loadIPPluginJar : add adc
2025-12-27 10:05:27,264 [INFO] IPUIPlugin:80 - create IPUIPlugin
2025-12-27 10:05:27,265 [INFO] PluginManager:220 - loadIPPluginJar : add aes
2025-12-27 10:05:27,267 [INFO] IPUIPlugin:80 - create IPUIPlugin
2025-12-27 10:05:27,267 [INFO] PluginManager:220 - loadIPPluginJar : add can
2025-12-27 10:05:27,268 [INFO] IPUIPlugin:80 - create IPUIPlugin
2025-12-27 10:05:27,268 [INFO] PluginManager:220 - loadIPPluginJar : add comp
2025-12-27 10:05:27,271 [INFO] IPUIPlugin:80 - create IPUIPlugin
2025-12-27 10:05:27,271 [INFO] PluginManager:220 - loadIPPluginJar : add cryp
2025-12-27 10:05:27,273 [INFO] IPUIPlugin:80 - create IPUIPlugin
2025-12-27 10:05:27,273 [INFO] PluginManager:220 - loadIPPluginJar : add ddr_ctrl_phy
2025-12-27 10:05:27,276 [INFO] IPUIPlugin:80 - create IPUIPlugin
2025-12-27 10:05:27,276 [INFO] PluginManager:220 - loadIPPluginJar : add dfsdm
2025-12-27 10:05:27,282 [INFO] IPUIPlugin:80 - create IPUIPlugin
2025-12-27 10:05:27,283 [INFO] PluginManager:220 - loadIPPluginJar : add dma
2025-12-27 10:05:27,286 [INFO] IPUIPlugin:80 - create IPUIPlugin
2025-12-27 10:05:27,286 [INFO] PluginManager:220 - loadIPPluginJar : add dma3
2025-12-27 10:05:27,289 [INFO] IPUIPlugin:80 - create IPUIPlugin
2025-12-27 10:05:27,289 [INFO] PluginManager:220 - loadIPPluginJar : add extmemmanager
2025-12-27 10:05:27,291 [INFO] IPUIPlugin:80 - create IPUIPlugin
2025-12-27 10:05:27,291 [INFO] PluginManager:220 - loadIPPluginJar : add fatfs
2025-12-27 10:05:27,296 [INFO] IPUIPlugin:80 - create IPUIPlugin
2025-12-27 10:05:27,297 [INFO] PluginManager:220 - loadIPPluginJar : add fmc
2025-12-27 10:05:27,302 [INFO] IPUIPlugin:80 - create IPUIPlugin
2025-12-27 10:05:27,302 [INFO] PluginManager:220 - loadIPPluginJar : add freertos
2025-12-27 10:05:27,304 [INFO] IPUIPlugin:80 - create IPUIPlugin
2025-12-27 10:05:27,304 [INFO] PluginManager:220 - loadIPPluginJar : add genericplugin
2025-12-27 10:05:27,306 [INFO] IPUIPlugin:80 - create IPUIPlugin
2025-12-27 10:05:27,306 [INFO] PluginManager:220 - loadIPPluginJar : add gfxmmu
2025-12-27 10:05:27,311 [INFO] IPUIPlugin:80 - create IPUIPlugin
2025-12-27 10:05:27,311 [INFO] PluginManager:220 - loadIPPluginJar : add gic
2025-12-27 10:05:27,317 [INFO] IPUIPlugin:80 - create IPUIPlugin
2025-12-27 10:05:27,317 [INFO] PluginManager:220 - loadIPPluginJar : add gpio
2025-12-27 10:05:27,319 [INFO] IPUIPlugin:80 - create IPUIPlugin
2025-12-27 10:05:27,319 [INFO] PluginManager:220 - loadIPPluginJar : add gtzc
2025-12-27 10:05:27,321 [INFO] IPUIPlugin:80 - create IPUIPlugin
2025-12-27 10:05:27,321 [INFO] PluginManager:220 - loadIPPluginJar : add hash
2025-12-27 10:05:27,323 [INFO] IPUIPlugin:80 - create IPUIPlugin
2025-12-27 10:05:27,323 [INFO] PluginManager:220 - loadIPPluginJar : add i2c
2025-12-27 10:05:27,325 [INFO] IPUIPlugin:80 - create IPUIPlugin
2025-12-27 10:05:27,325 [INFO] PluginManager:220 - loadIPPluginJar : add i2s
2025-12-27 10:05:27,328 [INFO] IPUIPlugin:80 - create IPUIPlugin
2025-12-27 10:05:27,328 [INFO] PluginManager:220 - loadIPPluginJar : add i3c
2025-12-27 10:05:27,330 [INFO] IPUIPlugin:80 - create IPUIPlugin
2025-12-27 10:05:27,331 [INFO] PluginManager:220 - loadIPPluginJar : add ipddr
2025-12-27 10:05:27,336 [INFO] IPUIPlugin:80 - create IPUIPlugin
2025-12-27 10:05:27,337 [INFO] PluginManager:220 - loadIPPluginJar : add linkedlist
2025-12-27 10:05:27,340 [INFO] IPUIPlugin:80 - create IPUIPlugin
2025-12-27 10:05:27,340 [INFO] PluginManager:220 - loadIPPluginJar : add lorawan
2025-12-27 10:05:27,341 [INFO] IPUIPlugin:80 - create IPUIPlugin
2025-12-27 10:05:27,341 [INFO] PluginManager:220 - loadIPPluginJar : add ltdc
2025-12-27 10:05:27,347 [INFO] IPUIPlugin:80 - create IPUIPlugin
2025-12-27 10:05:27,347 [INFO] PluginManager:220 - loadIPPluginJar : add mdma
2025-12-27 10:05:27,350 [INFO] IPUIPlugin:80 - create IPUIPlugin
2025-12-27 10:05:27,350 [INFO] PluginManager:220 - loadIPPluginJar : add nvic
2025-12-27 10:05:27,352 [INFO] IPUIPlugin:80 - create IPUIPlugin
2025-12-27 10:05:27,352 [INFO] PluginManager:220 - loadIPPluginJar : add opamp
2025-12-27 10:05:27,355 [INFO] IPUIPlugin:80 - create IPUIPlugin
2025-12-27 10:05:27,355 [INFO] PluginManager:220 - loadIPPluginJar : add openamp
2025-12-27 10:05:27,358 [INFO] IPUIPlugin:80 - create IPUIPlugin
2025-12-27 10:05:27,358 [INFO] PluginManager:220 - loadIPPluginJar : add pdm2pcm
2025-12-27 10:05:27,364 [INFO] IPUIPlugin:80 - create IPUIPlugin
2025-12-27 10:05:27,367 [INFO] PluginManager:220 - loadIPPluginJar : add plateformsettings
2025-12-27 10:05:27,369 [INFO] IPUIPlugin:80 - create IPUIPlugin
2025-12-27 10:05:27,370 [INFO] PluginManager:220 - loadIPPluginJar : add quadspi
2025-12-27 10:05:27,372 [INFO] IPUIPlugin:80 - create IPUIPlugin
2025-12-27 10:05:27,373 [INFO] PluginManager:220 - loadIPPluginJar : add radio
2025-12-27 10:05:27,378 [INFO] IPUIPlugin:80 - create IPUIPlugin
2025-12-27 10:05:27,378 [INFO] PluginManager:220 - loadIPPluginJar : add resmgrutility
2025-12-27 10:05:27,381 [INFO] IPUIPlugin:80 - create IPUIPlugin
2025-12-27 10:05:27,381 [INFO] PluginManager:220 - loadIPPluginJar : add sai
2025-12-27 10:05:27,384 [INFO] IPUIPlugin:80 - create IPUIPlugin
2025-12-27 10:05:27,384 [INFO] PluginManager:220 - loadIPPluginJar : add spi
2025-12-27 10:05:27,392 [INFO] IPUIPlugin:80 - create IPUIPlugin
2025-12-27 10:05:27,393 [INFO] PluginManager:220 - loadIPPluginJar : add stm32_wpan
2025-12-27 10:05:27,395 [INFO] IPUIPlugin:80 - create IPUIPlugin
2025-12-27 10:05:27,395 [INFO] PluginManager:220 - loadIPPluginJar : add tim
2025-12-27 10:05:27,399 [INFO] IPUIPlugin:80 - create IPUIPlugin
2025-12-27 10:05:27,399 [INFO] PluginManager:220 - loadIPPluginJar : add touchsensing
2025-12-27 10:05:27,401 [INFO] IPUIPlugin:80 - create IPUIPlugin
2025-12-27 10:05:27,401 [INFO] PluginManager:220 - loadIPPluginJar : add tracer_emb
2025-12-27 10:05:27,403 [INFO] IPUIPlugin:80 - create IPUIPlugin
2025-12-27 10:05:27,403 [INFO] PluginManager:220 - loadIPPluginJar : add ts
2025-12-27 10:05:27,405 [INFO] IPUIPlugin:80 - create IPUIPlugin
2025-12-27 10:05:27,405 [INFO] PluginManager:220 - loadIPPluginJar : add tsc
2025-12-27 10:05:27,408 [INFO] IPUIPlugin:80 - create IPUIPlugin
2025-12-27 10:05:27,408 [INFO] PluginManager:220 - loadIPPluginJar : add ucpd
2025-12-27 10:05:27,411 [INFO] IPUIPlugin:80 - create IPUIPlugin
2025-12-27 10:05:27,411 [INFO] PluginManager:220 - loadIPPluginJar : add usart
2025-12-27 10:05:27,414 [INFO] IPUIPlugin:80 - create IPUIPlugin
2025-12-27 10:05:27,414 [INFO] PluginManager:220 - loadIPPluginJar : add usbx
2025-12-27 10:05:27,566 [FATAL] Updater:351 - Updater called before beeing initialized
2025-12-27 10:05:27,594 [INFO] RulesReader:64 - Compatibility file has been processed (302 Rules)
2025-12-27 10:05:27,609 [INFO] RulesReader:64 - Compatibility file has been processed (302 Rules)
2025-12-27 10:05:27,623 [INFO] CADModel:165 - CPN selected for project level
2025-12-27 10:05:27,623 [INFO] CADModel:114 - Register for checkConnection events
2025-12-27 10:05:27,623 [FATAL] Updater:351 - Updater called before beeing initialized
2025-12-27 10:05:27,623 [ERROR] CADModel:125 - Updater not yet initialized, retry later 
2025-12-27 10:05:27,809 [FATAL] Updater:351 - Updater called before beeing initialized
2025-12-27 10:05:27,810 [INFO] CADModel:165 - CPN selected for project level
2025-12-27 10:05:27,810 [INFO] CADModel:114 - Register for checkConnection events
2025-12-27 10:05:27,810 [FATAL] Updater:351 - Updater called before beeing initialized
2025-12-27 10:05:27,810 [ERROR] CADModel:125 - Updater not yet initialized, retry later 
2025-12-27 10:05:27,813 [FATAL] Updater:351 - Updater called before beeing initialized
2025-12-27 10:05:27,971 [FATAL] Updater:351 - Updater called before beeing initialized
2025-12-27 10:05:27,975 [INFO] DbMcusAds:53 - JSON generation date=Tue Dec 16 04:41:46 IST 2025 (1765840306612)
2025-12-27 10:05:27,976 [FATAL] Updater:351 - Updater called before beeing initialized
2025-12-27 10:05:28,005 [WARN] DetailPanel:346 - Failed to get advertising image, set to default
2025-12-27 10:05:28,233 [FATAL] Updater:351 - Updater called before beeing initialized
2025-12-27 10:05:28,236 [FATAL] Updater:351 - Updater called before beeing initialized
2025-12-27 10:05:28,236 [FATAL] Updater:351 - Updater called before beeing initialized
2025-12-27 10:05:28,236 [WARN] DetailPanel:346 - Failed to get advertising image, set to default
2025-12-27 10:05:28,237 [FATAL] Updater:351 - Updater called before beeing initialized
2025-12-27 10:05:28,314 [ERROR] Updater:1198 - MainUpdater not yet initialized. External WinMGr cannot be set.
2025-12-27 10:05:28,315 [INFO] Updater:1134 - Updater Version found : 6.14.1
2025-12-27 10:05:28,331 [INFO] ApplicationProperties:184 - Using Application install path: C:\ST\STM32CubeIDE_1.18.1\STM32CubeIDE\plugins\com.st.stm32cube.common.mx_6.14.1.202504091515
2025-12-27 10:05:29,682 [INFO] ThirdPartyUpdaterWithRetryManager:70 - Updater plugin not ready yet. [2/15]
2025-12-27 10:05:29,909 [ERROR] LogOutputStream:75 - [STDERR_REDIRECT] Dec 27, 2025 10:05:29 AM java.util.prefs.WindowsPreferences <init>
2025-12-27 10:05:29,910 [ERROR] LogOutputStream:75 - [STDERR_REDIRECT] WARNING: Could not open/create prefs root node Software\JavaSoft\Prefs at root 0xffffffff80000002. Windows RegCreateKeyEx(...) returned error code 5.
2025-12-27 10:05:29,912 [ERROR] LogOutputStream:75 - [STDERR_REDIRECT] 
2025-12-27 10:05:30,655 [INFO] MainUpdater:2872 - connection check result : 10
2025-12-27 10:05:30,657 [INFO] MainUpdater:289 - Updater Check For Update Now.
2025-12-27 10:05:30,657 [INFO] MicroXplorer:498 - Change Database Version : DB.6.0.141
2025-12-27 10:05:30,665 [INFO] McuFinderGlobals:63 - Set McuFinder mode to 2 (CubeIDE integrated)
2025-12-27 10:05:30,665 [INFO] UserAuth:171 - activating auth plugin
2025-12-27 10:05:30,669 [INFO] UserAuth:484 - Internet connection configuration mode: 1
2025-12-27 10:05:30,692 [INFO] JxBrowserEngine:152 - Initiate JxBrowser Engine with user profile folder
2025-12-27 10:05:30,860 [INFO] CheckServerUpdateThread:120 - End of CheckServer Thread
2025-12-27 10:05:31,815 [INFO] WebApp:169 - Instantiating new browser for Auth
2025-12-27 10:05:32,926 [INFO] WebApp:463 - Apply proxy settings
2025-12-27 10:05:32,927 [INFO] WebApp:548 - Chromium requires no authentication
2025-12-27 10:05:32,938 [INFO] WebApp:491 - Direct internet connection detected
2025-12-27 10:05:32,975 [INFO] WebApp:894 - Register for checkConnection events
2025-12-27 10:05:32,975 [INFO] WebApp:463 - Apply proxy settings
2025-12-27 10:05:32,975 [INFO] WebApp:548 - Chromium requires no authentication
2025-12-27 10:05:32,976 [INFO] WebApp:491 - Direct internet connection detected
2025-12-27 10:05:33,096 [WARN] PackLoader:240 - Cannot read IP mode file for STMicroelectronics.FP-SNS-MOTENVWB1.1.4.0
2025-12-27 10:05:33,108 [WARN] PackLoader:240 - Cannot read IP mode file for STMicroelectronics.FP-ATR-ASTRA1.2.0.2
2025-12-27 10:05:33,121 [WARN] PackLoader:240 - Cannot read IP mode file for STMicroelectronics.X-CUBE-SMBUS.2.1.0
2025-12-27 10:05:33,162 [WARN] PackLoader:240 - Cannot read IP mode file for STMicroelectronics.X-CUBE-AZRTOS-F7.1.1.0
2025-12-27 10:05:33,173 [ERROR] Engine:466 - C:\Users\NIVYA\.stm32cubemx\thirdparties\pdsc\STMicroelectronics.FP-SNS-MOTENV1.5.1.0.pdsc: PDSC version is not supported
2025-12-27 10:05:33,179 [ERROR] Engine:466 - C:\Users\NIVYA\.stm32cubemx\thirdparties\pdsc\WES.I-CUBE-Cesium.1.4.0.pdsc: PDSC version is not supported
2025-12-27 10:05:33,222 [WARN] PackLoader:240 - Cannot read IP mode file for STMicroelectronics.X-CUBE-AZRTOS-H7.3.4.0
2025-12-27 10:05:33,275 [WARN] PackLoader:240 - Cannot read IP mode file for STMicroelectronics.X-CUBE-DISPLAY.3.0.0
2025-12-27 10:05:33,295 [WARN] PackLoader:240 - Cannot read IP mode file for STMicroelectronics.X-CUBE-NFC10.1.0.0
2025-12-27 10:05:33,304 [WARN] PackLoader:240 - Cannot read IP mode file for STMicroelectronics.X-CUBE-ST60.1.1.0
2025-12-27 10:05:33,312 [WARN] PackLoader:240 - Cannot read IP mode file for emotas.I-CUBE-CANOPEN.1.3.0
2025-12-27 10:05:33,319 [WARN] PackLoader:240 - Cannot read IP mode file for STMicroelectronics.X-CUBE-GNSS1.7.1.0
2025-12-27 10:05:33,326 [ERROR] Engine:466 - C:\Users\NIVYA\.stm32cubemx\thirdparties\pdsc\STMicroelectronics.FP-SNS-STBOX1.2.1.0.pdsc: PDSC version is not supported
2025-12-27 10:05:33,333 [WARN] PackLoader:240 - Cannot read IP mode file for STMicroelectronics.FP-SNS-SMARTAG2.1.2.0
2025-12-27 10:05:33,338 [WARN] PackLoader:240 - Cannot read IP mode file for STMicroelectronics.FP-SNS-FLIGHT1.5.1.0
2025-12-27 10:05:33,352 [INFO] LogOutputStream:77 - [STDOUT_REDIRECT] 1 : Invalid condition id : UX_CORESTACK_Condition cause : null
2025-12-27 10:05:33,353 [INFO] LogOutputStream:77 - [STDOUT_REDIRECT] 1 : Invalid condition id : UX_CORESTACK_Condition cause : null
2025-12-27 10:05:33,355 [INFO] LogOutputStream:77 - [STDOUT_REDIRECT] 1 : Invalid condition id : UX_CORESTACK_Condition cause : null
2025-12-27 10:05:33,356 [INFO] LogOutputStream:77 - [STDOUT_REDIRECT] 1 : Invalid condition id : UX_CORESTACK_Condition cause : null
2025-12-27 10:05:33,358 [INFO] LogOutputStream:77 - [STDOUT_REDIRECT] 1 : Invalid condition id : UX_CORESTACK_Condition cause : null
2025-12-27 10:05:33,362 [WARN] PackLoader:240 - Cannot read IP mode file for STMicroelectronics.X-CUBE-AZRTOS-WL.2.0.0
2025-12-27 10:05:33,395 [WARN] PackLoader:240 - Cannot read IP mode file for STMicroelectronics.X-CUBE-AZRTOS-H7RS.1.2.0
2025-12-27 10:05:33,410 [WARN] PackLoader:240 - Cannot read IP mode file for STMicroelectronics.X-CUBE-BLE2.3.3.0
2025-12-27 10:05:33,468 [WARN] PackLoader:240 - Cannot read IP mode file for Infineon.AIROC-Wi-Fi-Bluetooth-STM32.1.8.0
2025-12-27 10:05:33,521 [WARN] PackLoader:240 - Cannot read IP mode file for STMicroelectronics.X-CUBE-NFC9.1.0.0
2025-12-27 10:05:33,531 [WARN] PackLoader:240 - Cannot read IP mode file for wolfSSL.I-CUBE-wolfSSL.5.8.2
2025-12-27 10:05:33,541 [WARN] PackLoader:240 - Cannot read IP mode file for STMicroelectronics.X-CUBE-BLE1.7.1.0
2025-12-27 10:05:33,543 [INFO] WebApp:225 - Starting web application
2025-12-27 10:05:33,544 [INFO] WebApp:593 - Web application path used C:\ST\STM32CubeIDE_1.18.1\STM32CubeIDE\plugins\com.st.stm32cube.common.mx_6.14.1.202504091515\db\plugins\mcufinder\reactClient1\index.html
2025-12-27 10:05:33,548 [WARN] PackLoader:240 - Cannot read IP mode file for wolfSSL.I-CUBE-wolfMQTT.1.19.2
2025-12-27 10:05:33,552 [ERROR] Engine:466 - C:\Users\NIVYA\.stm32cubemx\thirdparties\pdsc\STMicroelectronics.X-CUBE-FREERTOS.1.4.0.pdsc: PDSC version is not supported
2025-12-27 10:05:33,587 [WARN] PackLoader:240 - Cannot read IP mode file for STMicroelectronics.X-CUBE-EEPRMA1.5.2.0
2025-12-27 10:05:33,595 [WARN] PackLoader:240 - Cannot read IP mode file for Cesanta.I-CUBE-Mongoose.7.20.0
2025-12-27 10:05:33,598 [ERROR] Engine:466 - C:\Users\NIVYA\.stm32cubemx\thirdparties\pdsc\STMicroelectronics.X-CUBE-ST67W61.1.1.0.pdsc: PDSC version is not supported
2025-12-27 10:05:33,642 [WARN] PackLoader:240 - Cannot read IP mode file for STMicroelectronics.X-CUBE-MEMS1.12.0.0
2025-12-27 10:05:33,819 [WARN] PackLoader:240 - Cannot read IP mode file for STMicroelectronics.X-CUBE-AZRTOS-G0.1.1.0
2025-12-27 10:05:33,830 [WARN] PackLoader:240 - Cannot read IP mode file for STMicroelectronics.X-CUBE-NFC4.3.0.0
2025-12-27 10:05:33,846 [WARN] PackLoader:240 - Cannot read IP mode file for EmbeddedOffice.I-CUBE-FS-RTOS.1.0.1
2025-12-27 10:05:33,857 [WARN] PackLoader:240 - Cannot read IP mode file for STMicroelectronics.X-CUBE-WB05N.2.0.0
2025-12-27 10:05:33,865 [WARN] PackLoader:240 - Cannot read IP mode file for wolfSSL.I-CUBE-wolfTPM.3.8.0
2025-12-27 10:05:33,866 [INFO] WebApp:191 - Connection restablished
2025-12-27 10:05:33,874 [WARN] PackLoader:240 - Cannot read IP mode file for STMicroelectronics.X-CUBE-TCPP.4.2.0
2025-12-27 10:05:33,884 [WARN] PackLoader:240 - Cannot read IP mode file for RealThread.X-CUBE-RT-Thread_Nano.4.1.1
2025-12-27 10:05:33,893 [WARN] PackLoader:240 - Cannot read IP mode file for STMicroelectronics.FP-ATR-SIGFOX1.3.2.0
2025-12-27 10:05:33,903 [WARN] PackLoader:240 - Cannot read IP mode file for ITTIA_DB.I-CUBE-ITTIADB.8.9.0
2025-12-27 10:05:33,909 [WARN] PackLoader:240 - Cannot read IP mode file for STMicroelectronics.X-CUBE-AI.10.2.0
2025-12-27 10:05:33,945 [WARN] PackLoader:240 - Cannot read IP mode file for SEGGER.I-CUBE-embOS.1.3.1
2025-12-27 10:05:34,017 [WARN] PackLoader:240 - Cannot read IP mode file for STMicroelectronics.X-CUBE-ALGOBUILD.1.4.0
2025-12-27 10:05:34,028 [WARN] PackLoader:240 - Cannot read IP mode file for STMicroelectronics.X-CUBE-PM33A1.1.0.0
2025-12-27 10:05:34,054 [WARN] PackLoader:240 - Cannot read IP mode file for STMicroelectronics.X-CUBE-AZRTOS-F4.1.1.0
2025-12-27 10:05:34,066 [WARN] PackLoader:240 - Cannot read IP mode file for STMicroelectronics.X-CUBE-ISPU.2.1.0
2025-12-27 10:05:34,076 [ERROR] Engine:466 - C:\Users\NIVYA\.stm32cubemx\thirdparties\pdsc\STMicroelectronics.X-CUBE-IPS.3.2.0.pdsc: PDSC version is not supported
2025-12-27 10:05:34,087 [WARN] PackLoader:240 - Cannot read IP mode file for STMicroelectronics.X-CUBE-NFC12.1.0.0
2025-12-27 10:05:34,116 [WARN] PackLoader:240 - Cannot read IP mode file for STMicroelectronics.X-CUBE-AZRTOS-L5.2.0.0
2025-12-27 10:05:34,131 [WARN] PackLoader:240 - Cannot read IP mode file for STMicroelectronics.X-CUBE-NFC6.3.1.0
2025-12-27 10:05:34,147 [WARN] PackLoader:240 - Cannot read IP mode file for STMicroelectronics.X-CUBE-TOUCHGFX.4.26.0
2025-12-27 10:05:34,155 [WARN] PackLoader:240 - Cannot read IP mode file for STMicroelectronics.FP-SNS-STAIOTCFT.1.0.0
2025-12-27 10:05:34,166 [WARN] PackLoader:240 - Cannot read IP mode file for STMicroelectronics.X-CUBE-DPower.1.3.0
2025-12-27 10:05:34,195 [WARN] ConditionMgr:438 - getConditionDescription Invalid condition id : LAN8742 Phy interface Condition cause : null
2025-12-27 10:05:34,196 [WARN] PackLoader:240 - Cannot read IP mode file for STMicroelectronics.X-CUBE-AZRTOS-L4.2.0.0
2025-12-27 10:05:34,198 [WARN] ConditionMgr:1044 - genDependencies : Invalid condition id : LAN8742 Phy interface Condition cause : null
2025-12-27 10:05:34,199 [WARN] ConditionMgr:1044 - genDependencies : Invalid condition id : LAN8742 Phy interface Condition cause : null
2025-12-27 10:05:34,199 [WARN] ConditionMgr:1044 - genDependencies : Invalid condition id : LAN8742 Phy interface Condition cause : null
2025-12-27 10:05:34,216 [WARN] PackLoader:240 - Cannot read IP mode file for STMicroelectronics.X-CUBE-SFXS2LP1.4.0.0
2025-12-27 10:05:34,236 [WARN] PackLoader:240 - Cannot read IP mode file for STMicroelectronics.X-CUBE-BLEMGR.4.1.0
2025-12-27 10:05:34,271 [WARN] ConditionMgr:438 - getConditionDescription Invalid condition id : UX DEVICE CLASS RTOS Condition cause : null
2025-12-27 10:05:34,272 [WARN] ConditionMgr:438 - getConditionDescription Invalid condition id : UX DEVICE CLASS RTOS Condition cause : null
2025-12-27 10:05:34,276 [WARN] PackLoader:240 - Cannot read IP mode file for STMicroelectronics.X-CUBE-AZRTOS-WB.2.0.0
2025-12-27 10:05:34,277 [WARN] ConditionMgr:1044 - genDependencies : Invalid condition id : UX DEVICE CLASS RTOS Condition cause : null
2025-12-27 10:05:34,277 [WARN] ConditionMgr:1044 - genDependencies : Invalid condition id : UX DEVICE CLASS RTOS Condition cause : null
2025-12-27 10:05:34,278 [WARN] ConditionMgr:1044 - genDependencies : Invalid condition id : UX DEVICE CLASS RTOS Condition cause : null
2025-12-27 10:05:34,278 [WARN] ConditionMgr:1044 - genDependencies : Invalid condition id : UX DEVICE CLASS RTOS Condition cause : null
2025-12-27 10:05:34,278 [WARN] ConditionMgr:1044 - genDependencies : Invalid condition id : UX DEVICE CLASS RTOS Condition cause : null
2025-12-27 10:05:34,290 [WARN] ConditionMgr:438 - getConditionDescription Invalid condition id : Cortex-A Device cause : null
2025-12-27 10:05:34,306 [WARN] ConditionMgr:1044 - genDependencies : Invalid condition id : Cortex-A Device cause : null
2025-12-27 10:05:34,307 [WARN] ConditionMgr:1044 - genDependencies : Invalid condition id : Cortex-A Device cause : null
2025-12-27 10:05:34,307 [WARN] ConditionMgr:1044 - genDependencies : Invalid condition id : Cortex-A Device cause : null
2025-12-27 10:05:34,322 [WARN] PackLoader:240 - Cannot read IP mode file for STMicroelectronics.X-CUBE-SUBG2.5.0.0
2025-12-27 10:05:34,353 [WARN] PackLoader:240 - Cannot read IP mode file for STMicroelectronics.X-CUBE-AZRTOS-G4.2.0.0
2025-12-27 10:05:34,364 [WARN] PackLoader:240 - Cannot read IP mode file for wolfSSL.I-CUBE-wolfSSH.1.4.20
2025-12-27 10:05:34,375 [WARN] PackLoader:240 - Cannot read IP mode file for STMicroelectronics.X-CUBE-NFC7.2.0.0
2025-12-27 10:05:34,384 [WARN] PackLoader:240 - Cannot read IP mode file for STMicroelectronics.X-CUBE-ALS.1.0.2
2025-12-27 10:05:34,395 [WARN] PackLoader:240 - Cannot read IP mode file for STMicroelectronics.X-CUBE-STSE01.1.0.0
2025-12-27 10:05:34,413 [WARN] PackLoader:240 - Cannot read IP mode file for STMicroelectronics.X-CUBE-TOF1.3.4.3
2025-12-27 10:05:34,429 [INFO] ThirdParty:978 - Integrity check success = true
2025-12-27 10:05:34,430 [INFO] IntegrityCheckThread:100 - exiting critical section [integrity check]
2025-12-27 10:05:34,430 [INFO] IntegrityCheckThread:103 - End integrity checks thread
2025-12-27 10:05:34,969 [ERROR] LogOutputStream:75 - [STDERR_REDIRECT] [Fatal Error] :1:1: Premature end of file.
2025-12-27 10:05:34,970 [ERROR] LogOutputStream:75 - [STDERR_REDIRECT] 
2025-12-27 10:05:35,951 [ERROR] LogOutputStream:75 - [STDERR_REDIRECT] [Fatal Error] :1:1: Premature end of file.
2025-12-27 10:05:35,951 [ERROR] LogOutputStream:75 - [STDERR_REDIRECT] 
2025-12-27 10:05:36,950 [ERROR] LogOutputStream:75 - [STDERR_REDIRECT] [Fatal Error] :1:1: Premature end of file.
2025-12-27 10:05:36,951 [ERROR] LogOutputStream:75 - [STDERR_REDIRECT] 
2025-12-27 10:05:37,967 [ERROR] LogOutputStream:75 - [STDERR_REDIRECT] [Fatal Error] :1:1: Premature end of file.
2025-12-27 10:05:37,968 [ERROR] LogOutputStream:75 - [STDERR_REDIRECT] 
2025-12-27 10:05:38,963 [ERROR] LogOutputStream:75 - [STDERR_REDIRECT] [Fatal Error] :1:1: Premature end of file.
2025-12-27 10:05:38,963 [ERROR] LogOutputStream:75 - [STDERR_REDIRECT] 
2025-12-27 10:05:39,979 [ERROR] LogOutputStream:75 - [STDERR_REDIRECT] [Fatal Error] :1:1: Premature end of file.
2025-12-27 10:05:39,980 [ERROR] LogOutputStream:75 - [STDERR_REDIRECT] 
2025-12-27 10:05:40,954 [ERROR] LogOutputStream:75 - [STDERR_REDIRECT] [Fatal Error] :1:1: Premature end of file.
2025-12-27 10:05:40,955 [ERROR] LogOutputStream:75 - [STDERR_REDIRECT] 
2025-12-27 10:05:41,951 [ERROR] LogOutputStream:75 - [STDERR_REDIRECT] [Fatal Error] :1:1: Premature end of file.
2025-12-27 10:05:41,951 [ERROR] LogOutputStream:75 - [STDERR_REDIRECT] 
2025-12-27 10:05:42,954 [ERROR] LogOutputStream:75 - [STDERR_REDIRECT] [Fatal Error] :1:1: Premature end of file.
2025-12-27 10:05:42,955 [ERROR] LogOutputStream:75 - [STDERR_REDIRECT] 
2025-12-27 10:05:43,956 [ERROR] LogOutputStream:75 - [STDERR_REDIRECT] [Fatal Error] :1:1: Premature end of file.
2025-12-27 10:05:43,956 [ERROR] LogOutputStream:75 - [STDERR_REDIRECT] 
2025-12-27 10:05:44,953 [ERROR] LogOutputStream:75 - [STDERR_REDIRECT] [Fatal Error] :1:1: Premature end of file.
2025-12-27 10:05:44,953 [ERROR] LogOutputStream:75 - [STDERR_REDIRECT] 
2025-12-27 10:05:45,950 [ERROR] LogOutputStream:75 - [STDERR_REDIRECT] [Fatal Error] :1:1: Premature end of file.
2025-12-27 10:05:45,950 [ERROR] LogOutputStream:75 - [STDERR_REDIRECT] 
2025-12-27 10:05:46,957 [ERROR] LogOutputStream:75 - [STDERR_REDIRECT] [Fatal Error] :1:1: Premature end of file.
2025-12-27 10:05:46,957 [ERROR] LogOutputStream:75 - [STDERR_REDIRECT] 
2025-12-27 10:05:47,967 [ERROR] LogOutputStream:75 - [STDERR_REDIRECT] [Fatal Error] :1:1: Premature end of file.
2025-12-27 10:05:47,967 [ERROR] LogOutputStream:75 - [STDERR_REDIRECT] 
2025-12-27 10:05:48,959 [ERROR] LogOutputStream:75 - [STDERR_REDIRECT] [Fatal Error] :1:1: Premature end of file.
2025-12-27 10:05:48,959 [ERROR] LogOutputStream:75 - [STDERR_REDIRECT] 
2025-12-27 10:05:49,963 [ERROR] LogOutputStream:75 - [STDERR_REDIRECT] [Fatal Error] :1:1: Premature end of file.
2025-12-27 10:05:49,963 [ERROR] LogOutputStream:75 - [STDERR_REDIRECT] 
2025-12-27 10:05:50,782 [INFO] LogOutputStream:77 - [STDOUT_REDIRECT] StartTraceHandler.execute(), success : Collect=false
2025-12-27 10:05:50,961 [ERROR] LogOutputStream:75 - [STDERR_REDIRECT] [Fatal Error] :1:1: Premature end of file.
2025-12-27 10:05:50,961 [ERROR] LogOutputStream:75 - [STDERR_REDIRECT] 
2025-12-27 10:05:51,962 [ERROR] LogOutputStream:75 - [STDERR_REDIRECT] [Fatal Error] :1:1: Premature end of file.
2025-12-27 10:05:51,962 [ERROR] LogOutputStream:75 - [STDERR_REDIRECT] 
2025-12-27 10:05:52,603 [INFO] LogOutputStream:77 - [STDOUT_REDIRECT] StartTraceHandler.execute(), success : Collect=true
2025-12-27 10:05:52,959 [ERROR] LogOutputStream:75 - [STDERR_REDIRECT] [Fatal Error] :1:1: Premature end of file.
2025-12-27 10:05:52,960 [ERROR] LogOutputStream:75 - [STDERR_REDIRECT] 
2025-12-27 10:05:53,966 [ERROR] LogOutputStream:75 - [STDERR_REDIRECT] [Fatal Error] :1:1: Premature end of file.
2025-12-27 10:05:53,967 [ERROR] LogOutputStream:75 - [STDERR_REDIRECT] 
2025-12-27 10:05:54,953 [ERROR] LogOutputStream:75 - [STDERR_REDIRECT] [Fatal Error] :1:1: Premature end of file.
2025-12-27 10:05:54,953 [ERROR] LogOutputStream:75 - [STDERR_REDIRECT] 
2025-12-27 10:05:55,957 [ERROR] LogOutputStream:75 - [STDERR_REDIRECT] [Fatal Error] :1:1: Premature end of file.
2025-12-27 10:05:55,957 [ERROR] LogOutputStream:75 - [STDERR_REDIRECT] 
2025-12-27 10:05:56,973 [ERROR] LogOutputStream:75 - [STDERR_REDIRECT] [Fatal Error] :1:1: Premature end of file.
2025-12-27 10:05:56,974 [ERROR] LogOutputStream:75 - [STDERR_REDIRECT] 
2025-12-27 10:05:57,964 [ERROR] LogOutputStream:75 - [STDERR_REDIRECT] [Fatal Error] :1:1: Premature end of file.
2025-12-27 10:05:57,964 [ERROR] LogOutputStream:75 - [STDERR_REDIRECT] 
2025-12-27 10:05:58,962 [ERROR] LogOutputStream:75 - [STDERR_REDIRECT] [Fatal Error] :1:1: Premature end of file.
2025-12-27 10:05:58,963 [ERROR] LogOutputStream:75 - [STDERR_REDIRECT] 
2025-12-27 10:05:59,964 [ERROR] LogOutputStream:75 - [STDERR_REDIRECT] [Fatal Error] :1:1: Premature end of file.
2025-12-27 10:05:59,965 [ERROR] LogOutputStream:75 - [STDERR_REDIRECT] 
2025-12-27 10:06:00,960 [ERROR] LogOutputStream:75 - [STDERR_REDIRECT] [Fatal Error] :1:1: Premature end of file.
2025-12-27 10:06:00,960 [ERROR] LogOutputStream:75 - [STDERR_REDIRECT] 
2025-12-27 10:06:01,961 [ERROR] LogOutputStream:75 - [STDERR_REDIRECT] [Fatal Error] :1:1: Premature end of file.
2025-12-27 10:06:01,961 [ERROR] LogOutputStream:75 - [STDERR_REDIRECT] 
2025-12-27 10:06:02,964 [ERROR] LogOutputStream:75 - [STDERR_REDIRECT] [Fatal Error] :1:1: Premature end of file.
2025-12-27 10:06:02,985 [ERROR] LogOutputStream:75 - [STDERR_REDIRECT] 
2025-12-27 10:06:03,963 [ERROR] LogOutputStream:75 - [STDERR_REDIRECT] [Fatal Error] :1:1: Premature end of file.
2025-12-27 10:06:03,964 [ERROR] LogOutputStream:75 - [STDERR_REDIRECT] 
2025-12-27 10:06:04,976 [ERROR] LogOutputStream:75 - [STDERR_REDIRECT] [Fatal Error] :1:1: Premature end of file.
2025-12-27 10:06:04,976 [ERROR] LogOutputStream:75 - [STDERR_REDIRECT] 
2025-12-27 10:06:05,953 [ERROR] LogOutputStream:75 - [STDERR_REDIRECT] [Fatal Error] :1:1: Premature end of file.
2025-12-27 10:06:05,953 [ERROR] LogOutputStream:75 - [STDERR_REDIRECT] 
2025-12-27 10:06:06,963 [ERROR] LogOutputStream:75 - [STDERR_REDIRECT] [Fatal Error] :1:1: Premature end of file.
2025-12-27 10:06:06,963 [ERROR] LogOutputStream:75 - [STDERR_REDIRECT] 
2025-12-27 10:06:07,961 [ERROR] LogOutputStream:75 - [STDERR_REDIRECT] [Fatal Error] :1:1: Premature end of file.
2025-12-27 10:06:07,961 [ERROR] LogOutputStream:75 - [STDERR_REDIRECT] 
2025-12-27 10:06:08,954 [ERROR] LogOutputStream:75 - [STDERR_REDIRECT] [Fatal Error] :1:1: Premature end of file.
2025-12-27 10:06:08,955 [ERROR] LogOutputStream:75 - [STDERR_REDIRECT] 
2025-12-27 10:06:09,955 [ERROR] LogOutputStream:75 - [STDERR_REDIRECT] [Fatal Error] :1:1: Premature end of file.
2025-12-27 10:06:09,955 [ERROR] LogOutputStream:75 - [STDERR_REDIRECT] 
2025-12-27 10:06:10,951 [ERROR] LogOutputStream:75 - [STDERR_REDIRECT] [Fatal Error] :1:1: Premature end of file.
2025-12-27 10:06:10,951 [ERROR] LogOutputStream:75 - [STDERR_REDIRECT] 
2025-12-27 10:06:11,952 [ERROR] LogOutputStream:75 - [STDERR_REDIRECT] [Fatal Error] :1:1: Premature end of file.
2025-12-27 10:06:11,953 [ERROR] LogOutputStream:75 - [STDERR_REDIRECT] 
2025-12-27 10:06:12,959 [ERROR] LogOutputStream:75 - [STDERR_REDIRECT] [Fatal Error] :1:1: Premature end of file.
2025-12-27 10:06:12,960 [ERROR] LogOutputStream:75 - [STDERR_REDIRECT] 
2025-12-27 10:06:13,964 [ERROR] LogOutputStream:75 - [STDERR_REDIRECT] [Fatal Error] :1:1: Premature end of file.
2025-12-27 10:06:13,966 [ERROR] LogOutputStream:75 - [STDERR_REDIRECT] 
2025-12-27 10:06:14,957 [ERROR] LogOutputStream:75 - [STDERR_REDIRECT] [Fatal Error] :1:1: Premature end of file.
2025-12-27 10:06:14,958 [ERROR] LogOutputStream:75 - [STDERR_REDIRECT] 
2025-12-27 10:06:15,955 [ERROR] LogOutputStream:75 - [STDERR_REDIRECT] [Fatal Error] :1:1: Premature end of file.
2025-12-27 10:06:15,955 [ERROR] LogOutputStream:75 - [STDERR_REDIRECT] 
2025-12-27 10:06:16,962 [ERROR] LogOutputStream:75 - [STDERR_REDIRECT] [Fatal Error] :1:1: Premature end of file.
2025-12-27 10:06:16,962 [ERROR] LogOutputStream:75 - [STDERR_REDIRECT] 
2025-12-27 10:06:17,952 [ERROR] LogOutputStream:75 - [STDERR_REDIRECT] [Fatal Error] :1:1: Premature end of file.
2025-12-27 10:06:17,952 [ERROR] LogOutputStream:75 - [STDERR_REDIRECT] 
2025-12-27 10:06:18,952 [ERROR] LogOutputStream:75 - [STDERR_REDIRECT] [Fatal Error] :1:1: Premature end of file.
2025-12-27 10:06:18,952 [ERROR] LogOutputStream:75 - [STDERR_REDIRECT] 
2025-12-27 10:06:19,945 [ERROR] LogOutputStream:75 - [STDERR_REDIRECT] [Fatal Error] :1:1: Premature end of file.
2025-12-27 10:06:19,946 [ERROR] LogOutputStream:75 - [STDERR_REDIRECT] 
2025-12-27 10:06:20,959 [ERROR] LogOutputStream:75 - [STDERR_REDIRECT] [Fatal Error] :1:1: Premature end of file.
2025-12-27 10:06:20,960 [ERROR] LogOutputStream:75 - [STDERR_REDIRECT] 
2025-12-27 10:06:21,961 [ERROR] LogOutputStream:75 - [STDERR_REDIRECT] [Fatal Error] :1:1: Premature end of file.
2025-12-27 10:06:21,961 [ERROR] LogOutputStream:75 - [STDERR_REDIRECT] 
2025-12-27 10:06:22,965 [ERROR] LogOutputStream:75 - [STDERR_REDIRECT] [Fatal Error] :1:1: Premature end of file.
2025-12-27 10:06:22,965 [ERROR] LogOutputStream:75 - [STDERR_REDIRECT] 
2025-12-27 10:06:23,952 [ERROR] LogOutputStream:75 - [STDERR_REDIRECT] [Fatal Error] :1:1: Premature end of file.
2025-12-27 10:06:23,952 [ERROR] LogOutputStream:75 - [STDERR_REDIRECT] 
2025-12-27 10:06:24,960 [ERROR] LogOutputStream:75 - [STDERR_REDIRECT] [Fatal Error] :1:1: Premature end of file.
2025-12-27 10:06:24,960 [ERROR] LogOutputStream:75 - [STDERR_REDIRECT] 
2025-12-27 10:06:25,962 [ERROR] LogOutputStream:75 - [STDERR_REDIRECT] [Fatal Error] :1:1: Premature end of file.
2025-12-27 10:06:25,963 [ERROR] LogOutputStream:75 - [STDERR_REDIRECT] 
2025-12-27 10:06:26,958 [ERROR] LogOutputStream:75 - [STDERR_REDIRECT] [Fatal Error] :1:1: Premature end of file.
2025-12-27 10:06:26,958 [ERROR] LogOutputStream:75 - [STDERR_REDIRECT] 
2025-12-27 10:06:27,966 [ERROR] LogOutputStream:75 - [STDERR_REDIRECT] [Fatal Error] :1:1: Premature end of file.
2025-12-27 10:06:27,967 [ERROR] LogOutputStream:75 - [STDERR_REDIRECT] 
2025-12-27 10:06:28,960 [ERROR] LogOutputStream:75 - [STDERR_REDIRECT] [Fatal Error] :1:1: Premature end of file.
2025-12-27 10:06:28,961 [ERROR] LogOutputStream:75 - [STDERR_REDIRECT] 
2025-12-27 10:06:29,960 [ERROR] LogOutputStream:75 - [STDERR_REDIRECT] [Fatal Error] :1:1: Premature end of file.
2025-12-27 10:06:29,961 [ERROR] LogOutputStream:75 - [STDERR_REDIRECT] 
2025-12-27 10:06:30,990 [ERROR] LogOutputStream:75 - [STDERR_REDIRECT] [Fatal Error] :1:1: Premature end of file.
2025-12-27 10:06:30,992 [ERROR] LogOutputStream:75 - [STDERR_REDIRECT] 
2025-12-27 10:06:31,203 [ERROR] LogOutputStream:75 - [STDERR_REDIRECT] 
