2026-01-19 10:57:20,670 [INFO] Activator:176 - 


2026-01-19 10:57:20,677 [INFO] Activator:177 - !SESSION log4j initialized
2026-01-19 10:57:24,242 [INFO] LogOutputStream:77 - [STDOUT_REDIRECT] 
2026-01-19 10:57:26,519 [INFO] ApplicationProperties:184 - Using Application install path: C:\ST\STM32CubeIDE_1.18.1\STM32CubeIDE\plugins\com.st.stm32cube.common.mx_6.14.1.202504091515
2026-01-19 10:57:26,540 [INFO] DbMcusXml:78 - Set database path to: C:\ST\STM32CubeIDE_1.18.1\STM32CubeIDE\plugins\com.st.stm32cube.common.mx_6.14.1.202504091515\\db\/mcu/
2026-01-19 10:57:26,541 [INFO] ApiDb:274 - Set plugin database path to: C:\ST\STM32CubeIDE_1.18.1\STM32CubeIDE\plugins\com.st.stm32cube.common.mx_6.14.1.202504091515\\db\/plugins/boardmanager/
2026-01-19 10:57:26,541 [WARN] ApiDb:259 - Overriding images path with different value:  => C:\ST\STM32CubeIDE_1.18.1\STM32CubeIDE\plugins\com.st.stm32cube.common.mx_6.14.1.202504091515\\db\/plugins/mcufinder/images/
2026-01-19 10:57:26,549 [INFO] ApiDb:250 - Set database path to: C:\Users\NIVYA\.stmcufinder\plugins\mcufinder//mcu/
2026-01-19 10:57:26,550 [INFO] DbMcusAds:125 - Set database path to: C:\Users\NIVYA\.stmcufinder\plugins\mcufinder//mcu/
2026-01-19 10:57:26,553 [INFO] CrossReferenceDbSqlite:203 - Set database path to: C:\Users\NIVYA\.stmcufinder\plugins\mcufinder//mcu/cs/
2026-01-19 10:57:26,668 [INFO] RulesReader:64 - Compatibility file has been processed (302 Rules)
2026-01-19 10:57:26,789 [INFO] DbMcusXml:78 - Set database path to: C:\ST\STM32CubeIDE_1.18.1\STM32CubeIDE\plugins\com.st.stm32cube.common.mx_6.14.1.202504091515\\db\/mcu/
2026-01-19 10:57:26,789 [INFO] ApiDb:274 - Set plugin database path to: C:\ST\STM32CubeIDE_1.18.1\STM32CubeIDE\plugins\com.st.stm32cube.common.mx_6.14.1.202504091515\\db\/plugins/boardmanager/
2026-01-19 10:57:26,789 [INFO] ApiDb:261 - Set plugin images path to: C:\ST\STM32CubeIDE_1.18.1\STM32CubeIDE\plugins\com.st.stm32cube.common.mx_6.14.1.202504091515\\db\/plugins/mcufinder/images/
2026-01-19 10:57:26,790 [WARN] DbFile:41 - Overriding database path with different value: C:\Users\NIVYA\.stmcufinder\plugins\mcufinder/ => C:\Users\NIVYA\.stmcufinder\plugins\mcufinder
2026-01-19 10:57:26,790 [INFO] ApiDb:250 - Set database path to: C:\Users\NIVYA\.stmcufinder\plugins\mcufinder//mcu/
2026-01-19 10:57:26,790 [WARN] DbFile:41 - Overriding database path with different value: C:\Users\NIVYA\.stmcufinder\plugins\mcufinder/ => C:\Users\NIVYA\.stmcufinder\plugins\mcufinder
2026-01-19 10:57:26,790 [INFO] DbMcusAds:125 - Set database path to: C:\Users\NIVYA\.stmcufinder\plugins\mcufinder//mcu/
2026-01-19 10:57:26,790 [WARN] DbFile:41 - Overriding database path with different value: C:\Users\NIVYA\.stmcufinder\plugins\mcufinder/ => C:\Users\NIVYA\.stmcufinder\plugins\mcufinder
2026-01-19 10:57:26,790 [WARN] DbFile:41 - Overriding database path with different value: C:\Users\NIVYA\.stmcufinder\plugins\mcufinder/ => C:\Users\NIVYA\.stmcufinder\plugins\mcufinder
2026-01-19 10:57:26,790 [INFO] CrossReferenceDbSqlite:203 - Set database path to: C:\Users\NIVYA\.stmcufinder\plugins\mcufinder//mcu/cs/
2026-01-19 10:57:26,889 [INFO] MainPanel:272 - HeapMemory: 268435456
2026-01-19 10:57:27,014 [INFO] DbMcusXml:78 - Set database path to: C:\ST\STM32CubeIDE_1.18.1\STM32CubeIDE\plugins\com.st.stm32cube.common.mx_6.14.1.202504091515\\db\/mcu/
2026-01-19 10:57:27,014 [INFO] ApiDb:274 - Set plugin database path to: C:\ST\STM32CubeIDE_1.18.1\STM32CubeIDE\plugins\com.st.stm32cube.common.mx_6.14.1.202504091515\\db\/plugins/boardmanager/
2026-01-19 10:57:27,014 [INFO] ApiDb:261 - Set plugin images path to: C:\ST\STM32CubeIDE_1.18.1\STM32CubeIDE\plugins\com.st.stm32cube.common.mx_6.14.1.202504091515\\db\/plugins/mcufinder/images/
2026-01-19 10:57:27,014 [WARN] DbFile:41 - Overriding database path with different value: C:\Users\NIVYA\.stmcufinder\plugins\mcufinder/ => C:\Users\NIVYA\.stmcufinder\plugins\mcufinder
2026-01-19 10:57:27,014 [INFO] ApiDb:250 - Set database path to: C:\Users\NIVYA\.stmcufinder\plugins\mcufinder//mcu/
2026-01-19 10:57:27,014 [WARN] DbFile:41 - Overriding database path with different value: C:\Users\NIVYA\.stmcufinder\plugins\mcufinder/ => C:\Users\NIVYA\.stmcufinder\plugins\mcufinder
2026-01-19 10:57:27,015 [INFO] DbMcusAds:125 - Set database path to: C:\Users\NIVYA\.stmcufinder\plugins\mcufinder//mcu/
2026-01-19 10:57:27,015 [WARN] DbFile:41 - Overriding database path with different value: C:\Users\NIVYA\.stmcufinder\plugins\mcufinder/ => C:\Users\NIVYA\.stmcufinder\plugins\mcufinder
2026-01-19 10:57:27,015 [WARN] DbFile:41 - Overriding database path with different value: C:\Users\NIVYA\.stmcufinder\plugins\mcufinder/ => C:\Users\NIVYA\.stmcufinder\plugins\mcufinder
2026-01-19 10:57:27,015 [INFO] CrossReferenceDbSqlite:203 - Set database path to: C:\Users\NIVYA\.stmcufinder\plugins\mcufinder//mcu/cs/
2026-01-19 10:57:27,037 [INFO] ApplicationProperties:184 - Using Application install path: C:\ST\STM32CubeIDE_1.18.1\STM32CubeIDE\plugins\com.st.stm32cube.common.mx_6.14.1.202504091515
2026-01-19 10:57:27,038 [INFO] PluginManage:196 - Search for loadable plugins [exclusion list=, ]
2026-01-19 10:57:27,040 [INFO] PluginManage:310 - Check plugin analytics
2026-01-19 10:57:27,281 [INFO] AnalyticsPlugin:253 - Accepted Software Licenses: STM32CubeMX.6.16.0,STM32CubeMX.6.14.1
2026-01-19 10:57:27,281 [INFO] AnalyticsPlugin:255 - Accepted CMSIS Pack Licenses: 
2026-01-19 10:57:27,281 [INFO] AnalyticsPlugin:257 - Accepted Firmware Licenses: FW.F4.1.28.0
2026-01-19 10:57:27,286 [INFO] PluginManage:359 - Loaded plugin analytics (category:tool,tabindex:-1)
2026-01-19 10:57:27,287 [INFO] PluginManage:310 - Check plugin cadmodel
2026-01-19 10:57:27,299 [INFO] CADModel:105 - Init CAD model plugin
2026-01-19 10:57:27,300 [INFO] PluginManage:359 - Loaded plugin cadmodel (category:power,tabindex:5)
2026-01-19 10:57:27,300 [INFO] PluginManage:310 - Check plugin clock
2026-01-19 10:57:27,316 [INFO] PluginManage:359 - Loaded plugin clock (category:base,tabindex:2)
2026-01-19 10:57:27,316 [INFO] PluginManage:310 - Check plugin ddr
2026-01-19 10:57:27,322 [INFO] PluginManage:359 - Loaded plugin ddr (category:tool,tabindex:6)
2026-01-19 10:57:27,323 [INFO] PluginManage:310 - Check plugin filemanager
2026-01-19 10:57:27,609 [INFO] PluginManage:359 - Loaded plugin filemanager (category:base,tabindex:10)
2026-01-19 10:57:27,610 [INFO] PluginManage:310 - Check plugin ipmanager
2026-01-19 10:57:27,621 [INFO] PluginManage:359 - Loaded plugin ipmanager (category:base,tabindex:5)
2026-01-19 10:57:27,622 [INFO] PluginManage:310 - Check plugin lpbam
2026-01-19 10:57:27,632 [INFO] PluginManage:359 - Loaded plugin lpbam (category:base,tabindex:0)
2026-01-19 10:57:27,632 [INFO] PluginManage:310 - Check plugin memorymap
2026-01-19 10:57:27,646 [INFO] PluginManage:359 - Loaded plugin memorymap (category:base,tabindex:4)
2026-01-19 10:57:27,646 [INFO] PluginManage:310 - Check plugin pinoutandconfiguration
2026-01-19 10:57:27,654 [INFO] PluginManage:359 - Loaded plugin pinoutandconfiguration (category:base,tabindex:1)
2026-01-19 10:57:27,654 [INFO] PluginManage:310 - Check plugin pinoutconfig
2026-01-19 10:57:27,760 [WARN] SupportedApi:132 - Cannot load RTOS API schema: s4s-elt-must-match.1: The content of 'definitions' must match (annotation?, (simpleType | complexType)?, (unique | key | keyref)*)). A problem was found starting at: attribute.
2026-01-19 10:57:27,899 [INFO] PluginManage:359 - Loaded plugin pinoutconfig (category:base,tabindex:0)
2026-01-19 10:57:27,899 [INFO] PluginManage:310 - Check plugin power
2026-01-19 10:57:27,908 [INFO] PluginManage:359 - Loaded plugin power (category:power,tabindex:4)
2026-01-19 10:57:27,908 [INFO] PluginManage:310 - Check plugin projectmanager
2026-01-19 10:57:27,929 [INFO] PluginManage:359 - Loaded plugin projectmanager (category:projectmanager,tabindex:4)
2026-01-19 10:57:27,929 [INFO] PluginManage:310 - Check plugin rif
2026-01-19 10:57:27,940 [INFO] PluginManage:359 - Loaded plugin rif (category:base,tabindex:3)
2026-01-19 10:57:27,940 [INFO] PluginManage:310 - Check plugin thirdparty
2026-01-19 10:57:28,114 [INFO] PluginManage:359 - Loaded plugin thirdparty (category:base,tabindex:-1)
2026-01-19 10:57:28,114 [WARN] IntegrityCheckThread:84 - waiting for thirdparty lock release [integrity check]
2026-01-19 10:57:28,115 [INFO] PluginManage:310 - Check plugin tools
2026-01-19 10:57:28,115 [INFO] IntegrityCheckThread:86 - entering critical section [integrity check]
2026-01-19 10:57:28,115 [INFO] ThirdPartyUpdaterWithRetryManager:70 - Updater plugin not ready yet. [1/15]
2026-01-19 10:57:28,119 [INFO] PluginManage:359 - Loaded plugin tools (category:base,tabindex:7)
2026-01-19 10:57:28,119 [INFO] PluginManage:310 - Check plugin tutovideos
2026-01-19 10:57:28,309 [INFO] PluginManage:359 - Loaded plugin tutovideos (category:base,tabindex:-1)
2026-01-19 10:57:28,310 [INFO] PluginManage:310 - Check plugin updater
2026-01-19 10:57:28,335 [INFO] PluginManage:359 - Loaded plugin updater (category:base,tabindex:12)
2026-01-19 10:57:28,336 [INFO] PluginManage:310 - Check plugin userauth
2026-01-19 10:57:28,340 [INFO] UserAuth:118 - Init User Auth plugin
2026-01-19 10:57:28,341 [INFO] PluginManage:359 - Loaded plugin userauth (category:base,tabindex:14)
2026-01-19 10:57:28,341 [INFO] PluginManage:283 - PluginManage : Loaded plugins [18]
2026-01-19 10:57:28,571 [INFO] PinOutPanel:1589 - setPackage(No Configuration,No Configuration)
2026-01-19 10:57:28,662 [INFO] CADModel:165 - CPN selected for project level
2026-01-19 10:57:28,662 [INFO] CADModel:114 - Register for checkConnection events
2026-01-19 10:57:28,682 [INFO] IPUIPlugin:80 - create IPUIPlugin
2026-01-19 10:57:28,682 [INFO] PluginManager:220 - loadIPPluginJar : add adc
2026-01-19 10:57:28,686 [INFO] IPUIPlugin:80 - create IPUIPlugin
2026-01-19 10:57:28,686 [INFO] PluginManager:220 - loadIPPluginJar : add aes
2026-01-19 10:57:28,688 [INFO] IPUIPlugin:80 - create IPUIPlugin
2026-01-19 10:57:28,688 [INFO] PluginManager:220 - loadIPPluginJar : add can
2026-01-19 10:57:28,689 [INFO] IPUIPlugin:80 - create IPUIPlugin
2026-01-19 10:57:28,690 [INFO] PluginManager:220 - loadIPPluginJar : add comp
2026-01-19 10:57:28,692 [INFO] IPUIPlugin:80 - create IPUIPlugin
2026-01-19 10:57:28,692 [INFO] PluginManager:220 - loadIPPluginJar : add cryp
2026-01-19 10:57:28,696 [INFO] IPUIPlugin:80 - create IPUIPlugin
2026-01-19 10:57:28,696 [INFO] PluginManager:220 - loadIPPluginJar : add ddr_ctrl_phy
2026-01-19 10:57:28,699 [INFO] IPUIPlugin:80 - create IPUIPlugin
2026-01-19 10:57:28,700 [INFO] PluginManager:220 - loadIPPluginJar : add dfsdm
2026-01-19 10:57:28,704 [INFO] IPUIPlugin:80 - create IPUIPlugin
2026-01-19 10:57:28,705 [INFO] PluginManager:220 - loadIPPluginJar : add dma
2026-01-19 10:57:28,708 [INFO] IPUIPlugin:80 - create IPUIPlugin
2026-01-19 10:57:28,709 [INFO] PluginManager:220 - loadIPPluginJar : add dma3
2026-01-19 10:57:28,713 [INFO] IPUIPlugin:80 - create IPUIPlugin
2026-01-19 10:57:28,713 [INFO] PluginManager:220 - loadIPPluginJar : add extmemmanager
2026-01-19 10:57:28,716 [INFO] IPUIPlugin:80 - create IPUIPlugin
2026-01-19 10:57:28,716 [INFO] PluginManager:220 - loadIPPluginJar : add fatfs
2026-01-19 10:57:28,720 [INFO] IPUIPlugin:80 - create IPUIPlugin
2026-01-19 10:57:28,720 [INFO] PluginManager:220 - loadIPPluginJar : add fmc
2026-01-19 10:57:28,727 [INFO] IPUIPlugin:80 - create IPUIPlugin
2026-01-19 10:57:28,727 [INFO] PluginManager:220 - loadIPPluginJar : add freertos
2026-01-19 10:57:28,729 [INFO] IPUIPlugin:80 - create IPUIPlugin
2026-01-19 10:57:28,729 [INFO] PluginManager:220 - loadIPPluginJar : add genericplugin
2026-01-19 10:57:28,733 [INFO] IPUIPlugin:80 - create IPUIPlugin
2026-01-19 10:57:28,733 [INFO] PluginManager:220 - loadIPPluginJar : add gfxmmu
2026-01-19 10:57:28,739 [INFO] IPUIPlugin:80 - create IPUIPlugin
2026-01-19 10:57:28,739 [INFO] PluginManager:220 - loadIPPluginJar : add gic
2026-01-19 10:57:28,742 [INFO] IPUIPlugin:80 - create IPUIPlugin
2026-01-19 10:57:28,743 [INFO] PluginManager:220 - loadIPPluginJar : add gpio
2026-01-19 10:57:28,746 [INFO] IPUIPlugin:80 - create IPUIPlugin
2026-01-19 10:57:28,746 [INFO] PluginManager:220 - loadIPPluginJar : add gtzc
2026-01-19 10:57:28,748 [INFO] IPUIPlugin:80 - create IPUIPlugin
2026-01-19 10:57:28,749 [INFO] PluginManager:220 - loadIPPluginJar : add hash
2026-01-19 10:57:28,751 [INFO] IPUIPlugin:80 - create IPUIPlugin
2026-01-19 10:57:28,751 [INFO] PluginManager:220 - loadIPPluginJar : add i2c
2026-01-19 10:57:28,754 [INFO] IPUIPlugin:80 - create IPUIPlugin
2026-01-19 10:57:28,755 [INFO] PluginManager:220 - loadIPPluginJar : add i2s
2026-01-19 10:57:28,758 [INFO] IPUIPlugin:80 - create IPUIPlugin
2026-01-19 10:57:28,758 [INFO] PluginManager:220 - loadIPPluginJar : add i3c
2026-01-19 10:57:28,762 [INFO] IPUIPlugin:80 - create IPUIPlugin
2026-01-19 10:57:28,762 [INFO] PluginManager:220 - loadIPPluginJar : add ipddr
2026-01-19 10:57:28,769 [INFO] IPUIPlugin:80 - create IPUIPlugin
2026-01-19 10:57:28,769 [INFO] PluginManager:220 - loadIPPluginJar : add linkedlist
2026-01-19 10:57:28,772 [INFO] IPUIPlugin:80 - create IPUIPlugin
2026-01-19 10:57:28,773 [INFO] PluginManager:220 - loadIPPluginJar : add lorawan
2026-01-19 10:57:28,775 [INFO] IPUIPlugin:80 - create IPUIPlugin
2026-01-19 10:57:28,775 [INFO] PluginManager:220 - loadIPPluginJar : add ltdc
2026-01-19 10:57:28,786 [INFO] IPUIPlugin:80 - create IPUIPlugin
2026-01-19 10:57:28,786 [INFO] PluginManager:220 - loadIPPluginJar : add mdma
2026-01-19 10:57:28,790 [INFO] IPUIPlugin:80 - create IPUIPlugin
2026-01-19 10:57:28,791 [INFO] PluginManager:220 - loadIPPluginJar : add nvic
2026-01-19 10:57:28,795 [INFO] IPUIPlugin:80 - create IPUIPlugin
2026-01-19 10:57:28,795 [INFO] PluginManager:220 - loadIPPluginJar : add opamp
2026-01-19 10:57:28,799 [INFO] IPUIPlugin:80 - create IPUIPlugin
2026-01-19 10:57:28,799 [INFO] PluginManager:220 - loadIPPluginJar : add openamp
2026-01-19 10:57:28,804 [INFO] IPUIPlugin:80 - create IPUIPlugin
2026-01-19 10:57:28,804 [INFO] PluginManager:220 - loadIPPluginJar : add pdm2pcm
2026-01-19 10:57:28,810 [INFO] IPUIPlugin:80 - create IPUIPlugin
2026-01-19 10:57:28,814 [INFO] PluginManager:220 - loadIPPluginJar : add plateformsettings
2026-01-19 10:57:28,816 [INFO] IPUIPlugin:80 - create IPUIPlugin
2026-01-19 10:57:28,817 [INFO] PluginManager:220 - loadIPPluginJar : add quadspi
2026-01-19 10:57:28,819 [INFO] IPUIPlugin:80 - create IPUIPlugin
2026-01-19 10:57:28,826 [INFO] PluginManager:220 - loadIPPluginJar : add radio
2026-01-19 10:57:28,833 [INFO] IPUIPlugin:80 - create IPUIPlugin
2026-01-19 10:57:28,833 [INFO] PluginManager:220 - loadIPPluginJar : add resmgrutility
2026-01-19 10:57:28,837 [INFO] IPUIPlugin:80 - create IPUIPlugin
2026-01-19 10:57:28,837 [INFO] PluginManager:220 - loadIPPluginJar : add sai
2026-01-19 10:57:28,840 [INFO] IPUIPlugin:80 - create IPUIPlugin
2026-01-19 10:57:28,840 [INFO] PluginManager:220 - loadIPPluginJar : add spi
2026-01-19 10:57:28,849 [INFO] IPUIPlugin:80 - create IPUIPlugin
2026-01-19 10:57:28,850 [INFO] PluginManager:220 - loadIPPluginJar : add stm32_wpan
2026-01-19 10:57:28,853 [INFO] IPUIPlugin:80 - create IPUIPlugin
2026-01-19 10:57:28,853 [INFO] PluginManager:220 - loadIPPluginJar : add tim
2026-01-19 10:57:28,856 [INFO] IPUIPlugin:80 - create IPUIPlugin
2026-01-19 10:57:28,857 [INFO] PluginManager:220 - loadIPPluginJar : add touchsensing
2026-01-19 10:57:28,859 [INFO] IPUIPlugin:80 - create IPUIPlugin
2026-01-19 10:57:28,859 [INFO] PluginManager:220 - loadIPPluginJar : add tracer_emb
2026-01-19 10:57:28,862 [INFO] IPUIPlugin:80 - create IPUIPlugin
2026-01-19 10:57:28,862 [INFO] PluginManager:220 - loadIPPluginJar : add ts
2026-01-19 10:57:28,865 [INFO] IPUIPlugin:80 - create IPUIPlugin
2026-01-19 10:57:28,865 [INFO] PluginManager:220 - loadIPPluginJar : add tsc
2026-01-19 10:57:28,867 [INFO] IPUIPlugin:80 - create IPUIPlugin
2026-01-19 10:57:28,867 [INFO] PluginManager:220 - loadIPPluginJar : add ucpd
2026-01-19 10:57:28,869 [INFO] IPUIPlugin:80 - create IPUIPlugin
2026-01-19 10:57:28,869 [INFO] PluginManager:220 - loadIPPluginJar : add usart
2026-01-19 10:57:28,872 [INFO] IPUIPlugin:80 - create IPUIPlugin
2026-01-19 10:57:28,873 [INFO] PluginManager:220 - loadIPPluginJar : add usbx
2026-01-19 10:57:29,012 [FATAL] Updater:351 - Updater called before beeing initialized
2026-01-19 10:57:29,037 [INFO] RulesReader:64 - Compatibility file has been processed (302 Rules)
2026-01-19 10:57:29,050 [INFO] RulesReader:64 - Compatibility file has been processed (302 Rules)
2026-01-19 10:57:29,062 [INFO] CADModel:165 - CPN selected for project level
2026-01-19 10:57:29,062 [INFO] CADModel:114 - Register for checkConnection events
2026-01-19 10:57:29,062 [FATAL] Updater:351 - Updater called before beeing initialized
2026-01-19 10:57:29,062 [ERROR] CADModel:125 - Updater not yet initialized, retry later 
2026-01-19 10:57:29,272 [FATAL] Updater:351 - Updater called before beeing initialized
2026-01-19 10:57:29,274 [INFO] CADModel:165 - CPN selected for project level
2026-01-19 10:57:29,274 [INFO] CADModel:114 - Register for checkConnection events
2026-01-19 10:57:29,274 [FATAL] Updater:351 - Updater called before beeing initialized
2026-01-19 10:57:29,274 [ERROR] CADModel:125 - Updater not yet initialized, retry later 
2026-01-19 10:57:29,279 [FATAL] Updater:351 - Updater called before beeing initialized
2026-01-19 10:57:29,408 [FATAL] Updater:351 - Updater called before beeing initialized
2026-01-19 10:57:29,413 [INFO] DbMcusAds:53 - JSON generation date=Thu Jan 08 21:26:32 IST 2026 (1767887792457)
2026-01-19 10:57:29,414 [FATAL] Updater:351 - Updater called before beeing initialized
2026-01-19 10:57:29,449 [WARN] DetailPanel:346 - Failed to get advertising image, set to default
2026-01-19 10:57:29,697 [FATAL] Updater:351 - Updater called before beeing initialized
2026-01-19 10:57:29,702 [FATAL] Updater:351 - Updater called before beeing initialized
2026-01-19 10:57:29,702 [FATAL] Updater:351 - Updater called before beeing initialized
2026-01-19 10:57:29,702 [WARN] DetailPanel:346 - Failed to get advertising image, set to default
2026-01-19 10:57:29,704 [FATAL] Updater:351 - Updater called before beeing initialized
2026-01-19 10:57:29,760 [ERROR] Updater:1198 - MainUpdater not yet initialized. External WinMGr cannot be set.
2026-01-19 10:57:29,763 [INFO] Updater:1134 - Updater Version found : 6.14.1
2026-01-19 10:57:29,781 [INFO] ApplicationProperties:184 - Using Application install path: C:\ST\STM32CubeIDE_1.18.1\STM32CubeIDE\plugins\com.st.stm32cube.common.mx_6.14.1.202504091515
2026-01-19 10:57:31,129 [INFO] ThirdPartyUpdaterWithRetryManager:70 - Updater plugin not ready yet. [2/15]
2026-01-19 10:57:31,369 [ERROR] LogOutputStream:75 - [STDERR_REDIRECT] Jan 19, 2026 10:57:31 AM java.util.prefs.WindowsPreferences <init>
2026-01-19 10:57:31,372 [ERROR] LogOutputStream:75 - [STDERR_REDIRECT] WARNING: Could not open/create prefs root node Software\JavaSoft\Prefs at root 0xffffffff80000002. Windows RegCreateKeyEx(...) returned error code 5.
2026-01-19 10:57:31,372 [ERROR] LogOutputStream:75 - [STDERR_REDIRECT] 
2026-01-19 10:57:32,169 [INFO] MainUpdater:2872 - connection check result : 10
2026-01-19 10:57:32,171 [INFO] MainUpdater:289 - Updater Check For Update Now.
2026-01-19 10:57:32,171 [INFO] MicroXplorer:498 - Change Database Version : DB.6.0.141
2026-01-19 10:57:32,182 [INFO] McuFinderGlobals:63 - Set McuFinder mode to 2 (CubeIDE integrated)
2026-01-19 10:57:32,182 [INFO] UserAuth:171 - activating auth plugin
2026-01-19 10:57:32,187 [INFO] UserAuth:484 - Internet connection configuration mode: 1
2026-01-19 10:57:32,237 [INFO] JxBrowserEngine:152 - Initiate JxBrowser Engine with user profile folder
2026-01-19 10:57:32,456 [INFO] CheckServerUpdateThread:120 - End of CheckServer Thread
2026-01-19 10:57:33,533 [INFO] WebApp:169 - Instantiating new browser for Auth
2026-01-19 10:57:34,581 [WARN] PackLoader:240 - Cannot read IP mode file for STMicroelectronics.FP-SNS-MOTENVWB1.1.4.0
2026-01-19 10:57:34,596 [WARN] PackLoader:240 - Cannot read IP mode file for STMicroelectronics.FP-ATR-ASTRA1.2.0.2
2026-01-19 10:57:34,613 [WARN] PackLoader:240 - Cannot read IP mode file for STMicroelectronics.X-CUBE-SMBUS.2.1.0
2026-01-19 10:57:34,688 [WARN] PackLoader:240 - Cannot read IP mode file for STMicroelectronics.X-CUBE-AZRTOS-F7.1.1.0
2026-01-19 10:57:34,712 [ERROR] Engine:466 - C:\Users\NIVYA\.stm32cubemx\thirdparties\pdsc\STMicroelectronics.FP-SNS-MOTENV1.5.1.0.pdsc: PDSC version is not supported
2026-01-19 10:57:34,723 [ERROR] Engine:466 - C:\Users\NIVYA\.stm32cubemx\thirdparties\pdsc\WES.I-CUBE-Cesium.1.4.0.pdsc: PDSC version is not supported
2026-01-19 10:57:34,724 [INFO] WebApp:463 - Apply proxy settings
2026-01-19 10:57:34,725 [INFO] WebApp:548 - Chromium requires no authentication
2026-01-19 10:57:34,779 [WARN] PackLoader:240 - Cannot read IP mode file for STMicroelectronics.X-CUBE-AZRTOS-H7.3.4.0
2026-01-19 10:57:34,811 [WARN] PackLoader:240 - Cannot read IP mode file for STMicroelectronics.X-CUBE-DISPLAY.3.0.0
2026-01-19 10:57:34,823 [INFO] WebApp:491 - Direct internet connection detected
2026-01-19 10:57:34,849 [WARN] PackLoader:240 - Cannot read IP mode file for STMicroelectronics.X-CUBE-NFC10.1.0.0
2026-01-19 10:57:34,864 [WARN] PackLoader:240 - Cannot read IP mode file for STMicroelectronics.X-CUBE-ST60.1.1.0
2026-01-19 10:57:34,877 [WARN] PackLoader:240 - Cannot read IP mode file for emotas.I-CUBE-CANOPEN.1.3.0
2026-01-19 10:57:34,891 [WARN] PackLoader:240 - Cannot read IP mode file for STMicroelectronics.X-CUBE-GNSS1.7.1.0
2026-01-19 10:57:34,902 [ERROR] Engine:466 - C:\Users\NIVYA\.stm32cubemx\thirdparties\pdsc\STMicroelectronics.FP-SNS-STBOX1.2.1.0.pdsc: PDSC version is not supported
2026-01-19 10:57:34,910 [WARN] PackLoader:240 - Cannot read IP mode file for STMicroelectronics.FP-SNS-SMARTAG2.1.2.0
2026-01-19 10:57:34,923 [WARN] PackLoader:240 - Cannot read IP mode file for STMicroelectronics.FP-SNS-FLIGHT1.5.1.0
2026-01-19 10:57:34,943 [INFO] LogOutputStream:77 - [STDOUT_REDIRECT] 1 : Invalid condition id : UX_CORESTACK_Condition cause : null
2026-01-19 10:57:34,945 [INFO] LogOutputStream:77 - [STDOUT_REDIRECT] 1 : Invalid condition id : UX_CORESTACK_Condition cause : null
2026-01-19 10:57:34,949 [INFO] LogOutputStream:77 - [STDOUT_REDIRECT] 1 : Invalid condition id : UX_CORESTACK_Condition cause : null
2026-01-19 10:57:34,952 [INFO] LogOutputStream:77 - [STDOUT_REDIRECT] 1 : Invalid condition id : UX_CORESTACK_Condition cause : null
2026-01-19 10:57:34,955 [INFO] LogOutputStream:77 - [STDOUT_REDIRECT] 1 : Invalid condition id : UX_CORESTACK_Condition cause : null
2026-01-19 10:57:34,961 [WARN] PackLoader:240 - Cannot read IP mode file for STMicroelectronics.X-CUBE-AZRTOS-WL.2.0.0
2026-01-19 10:57:34,996 [WARN] PackLoader:240 - Cannot read IP mode file for STMicroelectronics.X-CUBE-AZRTOS-H7RS.1.2.0
2026-01-19 10:57:35,038 [WARN] PackLoader:240 - Cannot read IP mode file for STMicroelectronics.X-CUBE-BLE2.3.3.0
2026-01-19 10:57:35,111 [WARN] PackLoader:240 - Cannot read IP mode file for Infineon.AIROC-Wi-Fi-Bluetooth-STM32.1.8.0
2026-01-19 10:57:35,153 [WARN] PackLoader:240 - Cannot read IP mode file for STMicroelectronics.X-CUBE-NFC9.1.0.0
2026-01-19 10:57:35,168 [WARN] PackLoader:240 - Cannot read IP mode file for wolfSSL.I-CUBE-wolfSSL.5.8.2
2026-01-19 10:57:35,179 [WARN] PackLoader:240 - Cannot read IP mode file for STMicroelectronics.X-CUBE-BLE1.7.1.0
2026-01-19 10:57:35,188 [WARN] PackLoader:240 - Cannot read IP mode file for wolfSSL.I-CUBE-wolfMQTT.1.19.2
2026-01-19 10:57:35,194 [ERROR] Engine:466 - C:\Users\NIVYA\.stm32cubemx\thirdparties\pdsc\STMicroelectronics.X-CUBE-FREERTOS.1.4.0.pdsc: PDSC version is not supported
2026-01-19 10:57:35,204 [WARN] PackLoader:240 - Cannot read IP mode file for STMicroelectronics.X-CUBE-EEPRMA1.5.2.0
2026-01-19 10:57:35,205 [INFO] WebApp:894 - Register for checkConnection events
2026-01-19 10:57:35,207 [INFO] WebApp:463 - Apply proxy settings
2026-01-19 10:57:35,207 [INFO] WebApp:548 - Chromium requires no authentication
2026-01-19 10:57:35,208 [INFO] WebApp:491 - Direct internet connection detected
2026-01-19 10:57:35,217 [WARN] PackLoader:240 - Cannot read IP mode file for Cesanta.I-CUBE-Mongoose.7.20.0
2026-01-19 10:57:35,217 [INFO] WebApp:191 - Connection restablished
2026-01-19 10:57:35,225 [ERROR] Engine:466 - C:\Users\NIVYA\.stm32cubemx\thirdparties\pdsc\STMicroelectronics.X-CUBE-ST67W61.1.1.0.pdsc: PDSC version is not supported
2026-01-19 10:57:35,313 [WARN] PackLoader:240 - Cannot read IP mode file for STMicroelectronics.X-CUBE-MEMS1.12.0.0
2026-01-19 10:57:35,557 [WARN] PackLoader:240 - Cannot read IP mode file for STMicroelectronics.X-CUBE-AZRTOS-G0.1.1.0
2026-01-19 10:57:35,571 [WARN] PackLoader:240 - Cannot read IP mode file for STMicroelectronics.X-CUBE-NFC4.3.0.0
2026-01-19 10:57:35,587 [WARN] PackLoader:240 - Cannot read IP mode file for EmbeddedOffice.I-CUBE-FS-RTOS.1.0.1
2026-01-19 10:57:35,598 [WARN] PackLoader:240 - Cannot read IP mode file for STMicroelectronics.X-CUBE-WB05N.2.0.0
2026-01-19 10:57:35,607 [WARN] PackLoader:240 - Cannot read IP mode file for wolfSSL.I-CUBE-wolfTPM.3.8.0
2026-01-19 10:57:35,618 [WARN] PackLoader:240 - Cannot read IP mode file for STMicroelectronics.X-CUBE-TCPP.4.2.0
2026-01-19 10:57:35,633 [WARN] PackLoader:240 - Cannot read IP mode file for RealThread.X-CUBE-RT-Thread_Nano.4.1.1
2026-01-19 10:57:35,643 [WARN] PackLoader:240 - Cannot read IP mode file for STMicroelectronics.FP-ATR-SIGFOX1.3.2.0
2026-01-19 10:57:35,656 [WARN] PackLoader:240 - Cannot read IP mode file for ITTIA_DB.I-CUBE-ITTIADB.8.9.0
2026-01-19 10:57:35,664 [WARN] PackLoader:240 - Cannot read IP mode file for STMicroelectronics.X-CUBE-AI.10.2.0
2026-01-19 10:57:35,741 [WARN] PackLoader:240 - Cannot read IP mode file for SEGGER.I-CUBE-embOS.1.3.1
2026-01-19 10:57:35,981 [WARN] PackLoader:240 - Cannot read IP mode file for STMicroelectronics.X-CUBE-ALGOBUILD.1.4.0
2026-01-19 10:57:35,994 [WARN] PackLoader:240 - Cannot read IP mode file for STMicroelectronics.X-CUBE-PM33A1.1.0.0
2026-01-19 10:57:36,024 [WARN] PackLoader:240 - Cannot read IP mode file for STMicroelectronics.X-CUBE-AZRTOS-F4.1.1.0
2026-01-19 10:57:36,036 [WARN] PackLoader:240 - Cannot read IP mode file for STMicroelectronics.X-CUBE-ISPU.2.1.0
2026-01-19 10:57:36,045 [ERROR] Engine:466 - C:\Users\NIVYA\.stm32cubemx\thirdparties\pdsc\STMicroelectronics.X-CUBE-IPS.3.2.0.pdsc: PDSC version is not supported
2026-01-19 10:57:36,055 [WARN] PackLoader:240 - Cannot read IP mode file for STMicroelectronics.X-CUBE-NFC12.1.0.0
2026-01-19 10:57:36,081 [WARN] PackLoader:240 - Cannot read IP mode file for STMicroelectronics.X-CUBE-AZRTOS-L5.2.0.0
2026-01-19 10:57:36,097 [WARN] PackLoader:240 - Cannot read IP mode file for STMicroelectronics.X-CUBE-NFC6.3.1.0
2026-01-19 10:57:36,115 [WARN] PackLoader:240 - Cannot read IP mode file for STMicroelectronics.X-CUBE-TOUCHGFX.4.26.0
2026-01-19 10:57:36,125 [WARN] PackLoader:240 - Cannot read IP mode file for STMicroelectronics.FP-SNS-STAIOTCFT.1.0.0
2026-01-19 10:57:36,135 [WARN] PackLoader:240 - Cannot read IP mode file for STMicroelectronics.X-CUBE-DPower.1.3.0
2026-01-19 10:57:36,161 [WARN] ConditionMgr:438 - getConditionDescription Invalid condition id : LAN8742 Phy interface Condition cause : null
2026-01-19 10:57:36,162 [WARN] PackLoader:240 - Cannot read IP mode file for STMicroelectronics.X-CUBE-AZRTOS-L4.2.0.0
2026-01-19 10:57:36,164 [WARN] ConditionMgr:1044 - genDependencies : Invalid condition id : LAN8742 Phy interface Condition cause : null
2026-01-19 10:57:36,164 [WARN] ConditionMgr:1044 - genDependencies : Invalid condition id : LAN8742 Phy interface Condition cause : null
2026-01-19 10:57:36,165 [WARN] ConditionMgr:1044 - genDependencies : Invalid condition id : LAN8742 Phy interface Condition cause : null
2026-01-19 10:57:36,180 [WARN] PackLoader:240 - Cannot read IP mode file for STMicroelectronics.X-CUBE-SFXS2LP1.4.0.0
2026-01-19 10:57:36,188 [ERROR] Engine:466 - C:\Users\NIVYA\.stm32cubemx\thirdparties\pdsc\STMicroelectronics.X-CUBE-ST67W61.1.2.0.pdsc: PDSC version is not supported
2026-01-19 10:57:36,204 [WARN] PackLoader:240 - Cannot read IP mode file for STMicroelectronics.X-CUBE-BLEMGR.4.1.0
2026-01-19 10:57:36,227 [WARN] ConditionMgr:438 - getConditionDescription Invalid condition id : UX DEVICE CLASS RTOS Condition cause : null
2026-01-19 10:57:36,228 [WARN] ConditionMgr:438 - getConditionDescription Invalid condition id : UX DEVICE CLASS RTOS Condition cause : null
2026-01-19 10:57:36,230 [WARN] PackLoader:240 - Cannot read IP mode file for STMicroelectronics.X-CUBE-AZRTOS-WB.2.0.0
2026-01-19 10:57:36,231 [WARN] ConditionMgr:1044 - genDependencies : Invalid condition id : UX DEVICE CLASS RTOS Condition cause : null
2026-01-19 10:57:36,231 [WARN] ConditionMgr:1044 - genDependencies : Invalid condition id : UX DEVICE CLASS RTOS Condition cause : null
2026-01-19 10:57:36,232 [WARN] ConditionMgr:1044 - genDependencies : Invalid condition id : UX DEVICE CLASS RTOS Condition cause : null
2026-01-19 10:57:36,232 [WARN] ConditionMgr:1044 - genDependencies : Invalid condition id : UX DEVICE CLASS RTOS Condition cause : null
2026-01-19 10:57:36,232 [WARN] ConditionMgr:1044 - genDependencies : Invalid condition id : UX DEVICE CLASS RTOS Condition cause : null
2026-01-19 10:57:36,242 [WARN] ConditionMgr:438 - getConditionDescription Invalid condition id : Cortex-A Device cause : null
2026-01-19 10:57:36,257 [WARN] ConditionMgr:1044 - genDependencies : Invalid condition id : Cortex-A Device cause : null
2026-01-19 10:57:36,257 [WARN] ConditionMgr:1044 - genDependencies : Invalid condition id : Cortex-A Device cause : null
2026-01-19 10:57:36,258 [WARN] ConditionMgr:1044 - genDependencies : Invalid condition id : Cortex-A Device cause : null
2026-01-19 10:57:36,273 [WARN] PackLoader:240 - Cannot read IP mode file for STMicroelectronics.X-CUBE-SUBG2.5.0.0
2026-01-19 10:57:36,298 [WARN] PackLoader:240 - Cannot read IP mode file for STMicroelectronics.X-CUBE-AZRTOS-G4.2.0.0
2026-01-19 10:57:36,308 [WARN] PackLoader:240 - Cannot read IP mode file for wolfSSL.I-CUBE-wolfSSH.1.4.20
2026-01-19 10:57:36,316 [WARN] PackLoader:240 - Cannot read IP mode file for STMicroelectronics.X-CUBE-NFC7.2.0.0
2026-01-19 10:57:36,325 [WARN] PackLoader:240 - Cannot read IP mode file for STMicroelectronics.X-CUBE-ALS.1.0.2
2026-01-19 10:57:36,335 [WARN] PackLoader:240 - Cannot read IP mode file for STMicroelectronics.X-CUBE-STSE01.1.0.0
2026-01-19 10:57:36,353 [WARN] PackLoader:240 - Cannot read IP mode file for STMicroelectronics.X-CUBE-TOF1.3.4.3
2026-01-19 10:57:36,373 [INFO] ThirdParty:978 - Integrity check success = true
2026-01-19 10:57:36,373 [INFO] IntegrityCheckThread:100 - exiting critical section [integrity check]
2026-01-19 10:57:36,373 [INFO] IntegrityCheckThread:103 - End integrity checks thread
2026-01-19 10:57:37,079 [INFO] WebApp:225 - Starting web application
2026-01-19 10:57:37,079 [INFO] WebApp:593 - Web application path used C:\ST\STM32CubeIDE_1.18.1\STM32CubeIDE\plugins\com.st.stm32cube.common.mx_6.14.1.202504091515\db\plugins\mcufinder\reactClient1\index.html
2026-01-19 10:57:38,426 [ERROR] LogOutputStream:75 - [STDERR_REDIRECT] [Fatal Error] :1:1: Premature end of file.
2026-01-19 10:57:38,427 [ERROR] LogOutputStream:75 - [STDERR_REDIRECT] 
2026-01-19 10:57:39,394 [ERROR] LogOutputStream:75 - [STDERR_REDIRECT] [Fatal Error] :1:1: Premature end of file.
2026-01-19 10:57:39,394 [ERROR] LogOutputStream:75 - [STDERR_REDIRECT] 
2026-01-19 10:57:40,389 [ERROR] LogOutputStream:75 - [STDERR_REDIRECT] [Fatal Error] :1:1: Premature end of file.
2026-01-19 10:57:40,389 [ERROR] LogOutputStream:75 - [STDERR_REDIRECT] 
2026-01-19 10:57:41,403 [ERROR] LogOutputStream:75 - [STDERR_REDIRECT] [Fatal Error] :1:1: Premature end of file.
2026-01-19 10:57:41,403 [ERROR] LogOutputStream:75 - [STDERR_REDIRECT] 
2026-01-19 10:57:42,384 [ERROR] LogOutputStream:75 - [STDERR_REDIRECT] [Fatal Error] :1:1: Premature end of file.
2026-01-19 10:57:42,384 [ERROR] LogOutputStream:75 - [STDERR_REDIRECT] 
2026-01-19 10:57:43,396 [ERROR] LogOutputStream:75 - [STDERR_REDIRECT] [Fatal Error] :1:1: Premature end of file.
2026-01-19 10:57:43,397 [ERROR] LogOutputStream:75 - [STDERR_REDIRECT] 
2026-01-19 10:57:44,393 [ERROR] LogOutputStream:75 - [STDERR_REDIRECT] [Fatal Error] :1:1: Premature end of file.
2026-01-19 10:57:44,393 [ERROR] LogOutputStream:75 - [STDERR_REDIRECT] 
2026-01-19 10:57:45,388 [ERROR] LogOutputStream:75 - [STDERR_REDIRECT] [Fatal Error] :1:1: Premature end of file.
2026-01-19 10:57:45,388 [ERROR] LogOutputStream:75 - [STDERR_REDIRECT] 
2026-01-19 10:57:46,387 [ERROR] LogOutputStream:75 - [STDERR_REDIRECT] [Fatal Error] :1:1: Premature end of file.
2026-01-19 10:57:46,387 [ERROR] LogOutputStream:75 - [STDERR_REDIRECT] 
2026-01-19 10:57:47,384 [ERROR] LogOutputStream:75 - [STDERR_REDIRECT] [Fatal Error] :1:1: Premature end of file.
2026-01-19 10:57:47,384 [ERROR] LogOutputStream:75 - [STDERR_REDIRECT] 
2026-01-19 10:57:48,388 [ERROR] LogOutputStream:75 - [STDERR_REDIRECT] [Fatal Error] :1:1: Premature end of file.
2026-01-19 10:57:48,389 [ERROR] LogOutputStream:75 - [STDERR_REDIRECT] 
2026-01-19 10:57:49,389 [ERROR] LogOutputStream:75 - [STDERR_REDIRECT] [Fatal Error] :1:1: Premature end of file.
2026-01-19 10:57:49,389 [ERROR] LogOutputStream:75 - [STDERR_REDIRECT] 
2026-01-19 10:57:50,390 [ERROR] LogOutputStream:75 - [STDERR_REDIRECT] [Fatal Error] :1:1: Premature end of file.
2026-01-19 10:57:50,390 [ERROR] LogOutputStream:75 - [STDERR_REDIRECT] 
2026-01-19 10:57:51,399 [ERROR] LogOutputStream:75 - [STDERR_REDIRECT] [Fatal Error] :1:1: Premature end of file.
2026-01-19 10:57:51,400 [ERROR] LogOutputStream:75 - [STDERR_REDIRECT] 
2026-01-19 10:57:52,396 [ERROR] LogOutputStream:75 - [STDERR_REDIRECT] [Fatal Error] :1:1: Premature end of file.
2026-01-19 10:57:52,397 [ERROR] LogOutputStream:75 - [STDERR_REDIRECT] 
2026-01-19 10:57:53,394 [ERROR] LogOutputStream:75 - [STDERR_REDIRECT] [Fatal Error] :1:1: Premature end of file.
2026-01-19 10:57:53,394 [ERROR] LogOutputStream:75 - [STDERR_REDIRECT] 
2026-01-19 10:57:54,379 [ERROR] LogOutputStream:75 - [STDERR_REDIRECT] [Fatal Error] :1:1: Premature end of file.
2026-01-19 10:57:54,379 [ERROR] LogOutputStream:75 - [STDERR_REDIRECT] 
2026-01-19 10:57:55,379 [ERROR] LogOutputStream:75 - [STDERR_REDIRECT] [Fatal Error] :1:1: Premature end of file.
2026-01-19 10:57:55,380 [ERROR] LogOutputStream:75 - [STDERR_REDIRECT] 
2026-01-19 10:57:56,382 [ERROR] LogOutputStream:75 - [STDERR_REDIRECT] [Fatal Error] :1:1: Premature end of file.
2026-01-19 10:57:56,382 [ERROR] LogOutputStream:75 - [STDERR_REDIRECT] 
2026-01-19 10:57:57,384 [ERROR] LogOutputStream:75 - [STDERR_REDIRECT] [Fatal Error] :1:1: Premature end of file.
2026-01-19 10:57:57,384 [ERROR] LogOutputStream:75 - [STDERR_REDIRECT] 
2026-01-19 10:57:58,391 [ERROR] LogOutputStream:75 - [STDERR_REDIRECT] [Fatal Error] :1:1: Premature end of file.
2026-01-19 10:57:58,391 [ERROR] LogOutputStream:75 - [STDERR_REDIRECT] 
2026-01-19 10:57:59,396 [ERROR] LogOutputStream:75 - [STDERR_REDIRECT] [Fatal Error] :1:1: Premature end of file.
2026-01-19 10:57:59,396 [ERROR] LogOutputStream:75 - [STDERR_REDIRECT] 
2026-01-19 10:58:00,403 [ERROR] LogOutputStream:75 - [STDERR_REDIRECT] [Fatal Error] :1:1: Premature end of file.
2026-01-19 10:58:00,406 [ERROR] LogOutputStream:75 - [STDERR_REDIRECT] 
2026-01-19 10:58:01,411 [ERROR] LogOutputStream:75 - [STDERR_REDIRECT] [Fatal Error] :1:1: Premature end of file.
2026-01-19 10:58:01,411 [ERROR] LogOutputStream:75 - [STDERR_REDIRECT] 
2026-01-19 10:58:02,386 [ERROR] LogOutputStream:75 - [STDERR_REDIRECT] [Fatal Error] :1:1: Premature end of file.
2026-01-19 10:58:02,386 [ERROR] LogOutputStream:75 - [STDERR_REDIRECT] 
2026-01-19 10:58:03,391 [ERROR] LogOutputStream:75 - [STDERR_REDIRECT] [Fatal Error] :1:1: Premature end of file.
2026-01-19 10:58:03,392 [ERROR] LogOutputStream:75 - [STDERR_REDIRECT] 
2026-01-19 10:58:04,398 [ERROR] LogOutputStream:75 - [STDERR_REDIRECT] [Fatal Error] :1:1: Premature end of file.
2026-01-19 10:58:04,399 [ERROR] LogOutputStream:75 - [STDERR_REDIRECT] 
2026-01-19 10:58:05,392 [ERROR] LogOutputStream:75 - [STDERR_REDIRECT] [Fatal Error] :1:1: Premature end of file.
2026-01-19 10:58:05,392 [ERROR] LogOutputStream:75 - [STDERR_REDIRECT] 
2026-01-19 10:58:06,401 [ERROR] LogOutputStream:75 - [STDERR_REDIRECT] [Fatal Error] :1:1: Premature end of file.
2026-01-19 10:58:06,402 [ERROR] LogOutputStream:75 - [STDERR_REDIRECT] 
2026-01-19 10:58:07,388 [ERROR] LogOutputStream:75 - [STDERR_REDIRECT] [Fatal Error] :1:1: Premature end of file.
2026-01-19 10:58:07,388 [ERROR] LogOutputStream:75 - [STDERR_REDIRECT] 
2026-01-19 10:58:08,413 [ERROR] LogOutputStream:75 - [STDERR_REDIRECT] [Fatal Error] :1:1: Premature end of file.
2026-01-19 10:58:08,414 [ERROR] LogOutputStream:75 - [STDERR_REDIRECT] 
2026-01-19 10:58:09,387 [ERROR] LogOutputStream:75 - [STDERR_REDIRECT] [Fatal Error] :1:1: Premature end of file.
2026-01-19 10:58:09,387 [ERROR] LogOutputStream:75 - [STDERR_REDIRECT] 
2026-01-19 10:58:10,393 [ERROR] LogOutputStream:75 - [STDERR_REDIRECT] [Fatal Error] :1:1: Premature end of file.
2026-01-19 10:58:10,393 [ERROR] LogOutputStream:75 - [STDERR_REDIRECT] 
2026-01-19 10:58:11,400 [ERROR] LogOutputStream:75 - [STDERR_REDIRECT] [Fatal Error] :1:1: Premature end of file.
2026-01-19 10:58:11,400 [ERROR] LogOutputStream:75 - [STDERR_REDIRECT] 
2026-01-19 10:58:12,398 [ERROR] LogOutputStream:75 - [STDERR_REDIRECT] [Fatal Error] :1:1: Premature end of file.
2026-01-19 10:58:12,398 [ERROR] LogOutputStream:75 - [STDERR_REDIRECT] 
2026-01-19 10:58:13,407 [ERROR] LogOutputStream:75 - [STDERR_REDIRECT] [Fatal Error] :1:1: Premature end of file.
2026-01-19 10:58:13,408 [ERROR] LogOutputStream:75 - [STDERR_REDIRECT] 
2026-01-19 10:58:14,393 [ERROR] LogOutputStream:75 - [STDERR_REDIRECT] [Fatal Error] :1:1: Premature end of file.
2026-01-19 10:58:14,393 [ERROR] LogOutputStream:75 - [STDERR_REDIRECT] 
2026-01-19 10:58:15,384 [ERROR] LogOutputStream:75 - [STDERR_REDIRECT] [Fatal Error] :1:1: Premature end of file.
2026-01-19 10:58:15,384 [ERROR] LogOutputStream:75 - [STDERR_REDIRECT] 
2026-01-19 10:58:16,388 [ERROR] LogOutputStream:75 - [STDERR_REDIRECT] [Fatal Error] :1:1: Premature end of file.
2026-01-19 10:58:16,388 [ERROR] LogOutputStream:75 - [STDERR_REDIRECT] 
2026-01-19 10:58:17,394 [ERROR] LogOutputStream:75 - [STDERR_REDIRECT] [Fatal Error] :1:1: Premature end of file.
2026-01-19 10:58:17,394 [ERROR] LogOutputStream:75 - [STDERR_REDIRECT] 
2026-01-19 10:58:18,386 [ERROR] LogOutputStream:75 - [STDERR_REDIRECT] [Fatal Error] :1:1: Premature end of file.
2026-01-19 10:58:18,387 [ERROR] LogOutputStream:75 - [STDERR_REDIRECT] 
2026-01-19 10:58:19,393 [ERROR] LogOutputStream:75 - [STDERR_REDIRECT] [Fatal Error] :1:1: Premature end of file.
2026-01-19 10:58:19,394 [ERROR] LogOutputStream:75 - [STDERR_REDIRECT] 
2026-01-19 10:58:20,384 [ERROR] LogOutputStream:75 - [STDERR_REDIRECT] [Fatal Error] :1:1: Premature end of file.
2026-01-19 10:58:20,384 [ERROR] LogOutputStream:75 - [STDERR_REDIRECT] 
2026-01-19 10:58:21,391 [ERROR] LogOutputStream:75 - [STDERR_REDIRECT] [Fatal Error] :1:1: Premature end of file.
2026-01-19 10:58:21,391 [ERROR] LogOutputStream:75 - [STDERR_REDIRECT] 
2026-01-19 10:58:22,391 [ERROR] LogOutputStream:75 - [STDERR_REDIRECT] [Fatal Error] :1:1: Premature end of file.
2026-01-19 10:58:22,391 [ERROR] LogOutputStream:75 - [STDERR_REDIRECT] 
2026-01-19 10:58:23,397 [ERROR] LogOutputStream:75 - [STDERR_REDIRECT] [Fatal Error] :1:1: Premature end of file.
2026-01-19 10:58:23,397 [ERROR] LogOutputStream:75 - [STDERR_REDIRECT] 
2026-01-19 10:58:24,387 [ERROR] LogOutputStream:75 - [STDERR_REDIRECT] [Fatal Error] :1:1: Premature end of file.
2026-01-19 10:58:24,387 [ERROR] LogOutputStream:75 - [STDERR_REDIRECT] 
2026-01-19 10:58:25,396 [ERROR] LogOutputStream:75 - [STDERR_REDIRECT] [Fatal Error] :1:1: Premature end of file.
2026-01-19 10:58:25,396 [ERROR] LogOutputStream:75 - [STDERR_REDIRECT] 
2026-01-19 10:58:26,387 [ERROR] LogOutputStream:75 - [STDERR_REDIRECT] [Fatal Error] :1:1: Premature end of file.
2026-01-19 10:58:26,387 [ERROR] LogOutputStream:75 - [STDERR_REDIRECT] 
2026-01-19 10:58:27,402 [ERROR] LogOutputStream:75 - [STDERR_REDIRECT] [Fatal Error] :1:1: Premature end of file.
2026-01-19 10:58:27,402 [ERROR] LogOutputStream:75 - [STDERR_REDIRECT] 
2026-01-19 10:58:28,386 [ERROR] LogOutputStream:75 - [STDERR_REDIRECT] [Fatal Error] :1:1: Premature end of file.
2026-01-19 10:58:28,386 [ERROR] LogOutputStream:75 - [STDERR_REDIRECT] 
2026-01-19 10:58:29,381 [ERROR] LogOutputStream:75 - [STDERR_REDIRECT] [Fatal Error] :1:1: Premature end of file.
2026-01-19 10:58:29,381 [ERROR] LogOutputStream:75 - [STDERR_REDIRECT] 
2026-01-19 10:58:30,381 [ERROR] LogOutputStream:75 - [STDERR_REDIRECT] [Fatal Error] :1:1: Premature end of file.
2026-01-19 10:58:30,381 [ERROR] LogOutputStream:75 - [STDERR_REDIRECT] 
2026-01-19 10:58:31,382 [ERROR] LogOutputStream:75 - [STDERR_REDIRECT] [Fatal Error] :1:1: Premature end of file.
2026-01-19 10:58:31,383 [ERROR] LogOutputStream:75 - [STDERR_REDIRECT] 
2026-01-19 10:58:32,382 [ERROR] LogOutputStream:75 - [STDERR_REDIRECT] [Fatal Error] :1:1: Premature end of file.
2026-01-19 10:58:32,382 [ERROR] LogOutputStream:75 - [STDERR_REDIRECT] 
2026-01-19 10:58:33,393 [ERROR] LogOutputStream:75 - [STDERR_REDIRECT] [Fatal Error] :1:1: Premature end of file.
2026-01-19 10:58:33,393 [ERROR] LogOutputStream:75 - [STDERR_REDIRECT] 
2026-01-19 10:58:34,380 [ERROR] LogOutputStream:75 - [STDERR_REDIRECT] [Fatal Error] :1:1: Premature end of file.
2026-01-19 10:58:34,381 [ERROR] LogOutputStream:75 - [STDERR_REDIRECT] 
2026-01-19 10:58:35,381 [ERROR] LogOutputStream:75 - [STDERR_REDIRECT] [Fatal Error] :1:1: Premature end of file.
2026-01-19 10:58:35,382 [ERROR] LogOutputStream:75 - [STDERR_REDIRECT] 
2026-01-19 10:58:36,408 [ERROR] LogOutputStream:75 - [STDERR_REDIRECT] [Fatal Error] :1:1: Premature end of file.
2026-01-19 10:58:36,409 [ERROR] LogOutputStream:75 - [STDERR_REDIRECT] 
2026-01-19 10:58:36,714 [ERROR] LogOutputStream:75 - [STDERR_REDIRECT] 
2026-01-19 10:58:36,716 [ERROR] LogOutputStream:75 - [STDERR_REDIRECT] 
