2026-01-19 11:03:38,083 [INFO] Activator:176 - 


2026-01-19 11:03:38,091 [INFO] Activator:177 - !SESSION log4j initialized
2026-01-19 11:03:44,711 [INFO] LogOutputStream:77 - [STDOUT_REDIRECT] 
2026-01-19 11:03:45,762 [INFO] ApplicationProperties:184 - Using Application install path: C:\ST\STM32CubeIDE_1.18.1\STM32CubeIDE\plugins\com.st.stm32cube.common.mx_6.14.1.202504091515
2026-01-19 11:03:45,780 [INFO] DbMcusXml:78 - Set database path to: C:\ST\STM32CubeIDE_1.18.1\STM32CubeIDE\plugins\com.st.stm32cube.common.mx_6.14.1.202504091515\\db\/mcu/
2026-01-19 11:03:45,780 [INFO] ApiDb:274 - Set plugin database path to: C:\ST\STM32CubeIDE_1.18.1\STM32CubeIDE\plugins\com.st.stm32cube.common.mx_6.14.1.202504091515\\db\/plugins/boardmanager/
2026-01-19 11:03:45,786 [WARN] ApiDb:259 - Overriding images path with different value:  => C:\ST\STM32CubeIDE_1.18.1\STM32CubeIDE\plugins\com.st.stm32cube.common.mx_6.14.1.202504091515\\db\/plugins/mcufinder/images/
2026-01-19 11:03:45,794 [INFO] ApiDb:250 - Set database path to: C:\Users\NIVYA\.stmcufinder\plugins\mcufinder//mcu/
2026-01-19 11:03:45,794 [INFO] DbMcusAds:125 - Set database path to: C:\Users\NIVYA\.stmcufinder\plugins\mcufinder//mcu/
2026-01-19 11:03:45,797 [INFO] CrossReferenceDbSqlite:203 - Set database path to: C:\Users\NIVYA\.stmcufinder\plugins\mcufinder//mcu/cs/
2026-01-19 11:03:45,906 [INFO] RulesReader:64 - Compatibility file has been processed (302 Rules)
2026-01-19 11:03:46,003 [INFO] DbMcusXml:78 - Set database path to: C:\ST\STM32CubeIDE_1.18.1\STM32CubeIDE\plugins\com.st.stm32cube.common.mx_6.14.1.202504091515\\db\/mcu/
2026-01-19 11:03:46,003 [INFO] ApiDb:274 - Set plugin database path to: C:\ST\STM32CubeIDE_1.18.1\STM32CubeIDE\plugins\com.st.stm32cube.common.mx_6.14.1.202504091515\\db\/plugins/boardmanager/
2026-01-19 11:03:46,003 [INFO] ApiDb:261 - Set plugin images path to: C:\ST\STM32CubeIDE_1.18.1\STM32CubeIDE\plugins\com.st.stm32cube.common.mx_6.14.1.202504091515\\db\/plugins/mcufinder/images/
2026-01-19 11:03:46,004 [WARN] DbFile:41 - Overriding database path with different value: C:\Users\NIVYA\.stmcufinder\plugins\mcufinder/ => C:\Users\NIVYA\.stmcufinder\plugins\mcufinder
2026-01-19 11:03:46,004 [INFO] ApiDb:250 - Set database path to: C:\Users\NIVYA\.stmcufinder\plugins\mcufinder//mcu/
2026-01-19 11:03:46,004 [WARN] DbFile:41 - Overriding database path with different value: C:\Users\NIVYA\.stmcufinder\plugins\mcufinder/ => C:\Users\NIVYA\.stmcufinder\plugins\mcufinder
2026-01-19 11:03:46,004 [INFO] DbMcusAds:125 - Set database path to: C:\Users\NIVYA\.stmcufinder\plugins\mcufinder//mcu/
2026-01-19 11:03:46,004 [WARN] DbFile:41 - Overriding database path with different value: C:\Users\NIVYA\.stmcufinder\plugins\mcufinder/ => C:\Users\NIVYA\.stmcufinder\plugins\mcufinder
2026-01-19 11:03:46,004 [WARN] DbFile:41 - Overriding database path with different value: C:\Users\NIVYA\.stmcufinder\plugins\mcufinder/ => C:\Users\NIVYA\.stmcufinder\plugins\mcufinder
2026-01-19 11:03:46,004 [INFO] CrossReferenceDbSqlite:203 - Set database path to: C:\Users\NIVYA\.stmcufinder\plugins\mcufinder//mcu/cs/
2026-01-19 11:03:46,095 [INFO] MainPanel:272 - HeapMemory: 268435456
2026-01-19 11:03:46,190 [INFO] DbMcusXml:78 - Set database path to: C:\ST\STM32CubeIDE_1.18.1\STM32CubeIDE\plugins\com.st.stm32cube.common.mx_6.14.1.202504091515\\db\/mcu/
2026-01-19 11:03:46,190 [INFO] ApiDb:274 - Set plugin database path to: C:\ST\STM32CubeIDE_1.18.1\STM32CubeIDE\plugins\com.st.stm32cube.common.mx_6.14.1.202504091515\\db\/plugins/boardmanager/
2026-01-19 11:03:46,190 [INFO] ApiDb:261 - Set plugin images path to: C:\ST\STM32CubeIDE_1.18.1\STM32CubeIDE\plugins\com.st.stm32cube.common.mx_6.14.1.202504091515\\db\/plugins/mcufinder/images/
2026-01-19 11:03:46,190 [WARN] DbFile:41 - Overriding database path with different value: C:\Users\NIVYA\.stmcufinder\plugins\mcufinder/ => C:\Users\NIVYA\.stmcufinder\plugins\mcufinder
2026-01-19 11:03:46,191 [INFO] ApiDb:250 - Set database path to: C:\Users\NIVYA\.stmcufinder\plugins\mcufinder//mcu/
2026-01-19 11:03:46,191 [WARN] DbFile:41 - Overriding database path with different value: C:\Users\NIVYA\.stmcufinder\plugins\mcufinder/ => C:\Users\NIVYA\.stmcufinder\plugins\mcufinder
2026-01-19 11:03:46,191 [INFO] DbMcusAds:125 - Set database path to: C:\Users\NIVYA\.stmcufinder\plugins\mcufinder//mcu/
2026-01-19 11:03:46,191 [WARN] DbFile:41 - Overriding database path with different value: C:\Users\NIVYA\.stmcufinder\plugins\mcufinder/ => C:\Users\NIVYA\.stmcufinder\plugins\mcufinder
2026-01-19 11:03:46,191 [WARN] DbFile:41 - Overriding database path with different value: C:\Users\NIVYA\.stmcufinder\plugins\mcufinder/ => C:\Users\NIVYA\.stmcufinder\plugins\mcufinder
2026-01-19 11:03:46,191 [INFO] CrossReferenceDbSqlite:203 - Set database path to: C:\Users\NIVYA\.stmcufinder\plugins\mcufinder//mcu/cs/
2026-01-19 11:03:46,214 [INFO] ApplicationProperties:184 - Using Application install path: C:\ST\STM32CubeIDE_1.18.1\STM32CubeIDE\plugins\com.st.stm32cube.common.mx_6.14.1.202504091515
2026-01-19 11:03:46,215 [INFO] PluginManage:196 - Search for loadable plugins [exclusion list=, ]
2026-01-19 11:03:46,218 [INFO] PluginManage:310 - Check plugin analytics
2026-01-19 11:03:46,455 [INFO] AnalyticsPlugin:253 - Accepted Software Licenses: STM32CubeMX.6.16.0,STM32CubeMX.6.14.1
2026-01-19 11:03:46,456 [INFO] AnalyticsPlugin:255 - Accepted CMSIS Pack Licenses: 
2026-01-19 11:03:46,456 [INFO] AnalyticsPlugin:257 - Accepted Firmware Licenses: FW.F4.1.28.0
2026-01-19 11:03:46,461 [INFO] PluginManage:359 - Loaded plugin analytics (category:tool,tabindex:-1)
2026-01-19 11:03:46,462 [INFO] PluginManage:310 - Check plugin cadmodel
2026-01-19 11:03:46,469 [INFO] CADModel:105 - Init CAD model plugin
2026-01-19 11:03:46,469 [INFO] PluginManage:359 - Loaded plugin cadmodel (category:power,tabindex:5)
2026-01-19 11:03:46,470 [INFO] PluginManage:310 - Check plugin clock
2026-01-19 11:03:46,486 [INFO] PluginManage:359 - Loaded plugin clock (category:base,tabindex:2)
2026-01-19 11:03:46,486 [INFO] PluginManage:310 - Check plugin ddr
2026-01-19 11:03:46,490 [INFO] PluginManage:359 - Loaded plugin ddr (category:tool,tabindex:6)
2026-01-19 11:03:46,490 [INFO] PluginManage:310 - Check plugin filemanager
2026-01-19 11:03:46,704 [INFO] PluginManage:359 - Loaded plugin filemanager (category:base,tabindex:10)
2026-01-19 11:03:46,705 [INFO] PluginManage:310 - Check plugin ipmanager
2026-01-19 11:03:46,715 [INFO] PluginManage:359 - Loaded plugin ipmanager (category:base,tabindex:5)
2026-01-19 11:03:46,716 [INFO] PluginManage:310 - Check plugin lpbam
2026-01-19 11:03:46,727 [INFO] PluginManage:359 - Loaded plugin lpbam (category:base,tabindex:0)
2026-01-19 11:03:46,728 [INFO] PluginManage:310 - Check plugin memorymap
2026-01-19 11:03:46,744 [INFO] PluginManage:359 - Loaded plugin memorymap (category:base,tabindex:4)
2026-01-19 11:03:46,744 [INFO] PluginManage:310 - Check plugin pinoutandconfiguration
2026-01-19 11:03:46,754 [INFO] PluginManage:359 - Loaded plugin pinoutandconfiguration (category:base,tabindex:1)
2026-01-19 11:03:46,754 [INFO] PluginManage:310 - Check plugin pinoutconfig
2026-01-19 11:03:46,869 [WARN] SupportedApi:132 - Cannot load RTOS API schema: s4s-elt-must-match.1: The content of 'definitions' must match (annotation?, (simpleType | complexType)?, (unique | key | keyref)*)). A problem was found starting at: attribute.
2026-01-19 11:03:47,003 [INFO] PluginManage:359 - Loaded plugin pinoutconfig (category:base,tabindex:0)
2026-01-19 11:03:47,003 [INFO] PluginManage:310 - Check plugin power
2026-01-19 11:03:47,012 [INFO] PluginManage:359 - Loaded plugin power (category:power,tabindex:4)
2026-01-19 11:03:47,012 [INFO] PluginManage:310 - Check plugin projectmanager
2026-01-19 11:03:47,031 [INFO] PluginManage:359 - Loaded plugin projectmanager (category:projectmanager,tabindex:4)
2026-01-19 11:03:47,031 [INFO] PluginManage:310 - Check plugin rif
2026-01-19 11:03:47,039 [INFO] PluginManage:359 - Loaded plugin rif (category:base,tabindex:3)
2026-01-19 11:03:47,039 [INFO] PluginManage:310 - Check plugin thirdparty
2026-01-19 11:03:47,195 [INFO] PluginManage:359 - Loaded plugin thirdparty (category:base,tabindex:-1)
2026-01-19 11:03:47,195 [WARN] IntegrityCheckThread:84 - waiting for thirdparty lock release [integrity check]
2026-01-19 11:03:47,195 [INFO] IntegrityCheckThread:86 - entering critical section [integrity check]
2026-01-19 11:03:47,195 [INFO] PluginManage:310 - Check plugin tools
2026-01-19 11:03:47,196 [INFO] ThirdPartyUpdaterWithRetryManager:70 - Updater plugin not ready yet. [1/15]
2026-01-19 11:03:47,199 [INFO] PluginManage:359 - Loaded plugin tools (category:base,tabindex:7)
2026-01-19 11:03:47,199 [INFO] PluginManage:310 - Check plugin tutovideos
2026-01-19 11:03:47,376 [INFO] PluginManage:359 - Loaded plugin tutovideos (category:base,tabindex:-1)
2026-01-19 11:03:47,377 [INFO] PluginManage:310 - Check plugin updater
2026-01-19 11:03:47,405 [INFO] PluginManage:359 - Loaded plugin updater (category:base,tabindex:12)
2026-01-19 11:03:47,406 [INFO] PluginManage:310 - Check plugin userauth
2026-01-19 11:03:47,410 [INFO] UserAuth:118 - Init User Auth plugin
2026-01-19 11:03:47,411 [INFO] PluginManage:359 - Loaded plugin userauth (category:base,tabindex:14)
2026-01-19 11:03:47,411 [INFO] PluginManage:283 - PluginManage : Loaded plugins [18]
2026-01-19 11:03:47,680 [INFO] PinOutPanel:1589 - setPackage(No Configuration,No Configuration)
2026-01-19 11:03:47,772 [INFO] CADModel:165 - CPN selected for project level
2026-01-19 11:03:47,772 [INFO] CADModel:114 - Register for checkConnection events
2026-01-19 11:03:47,791 [INFO] IPUIPlugin:80 - create IPUIPlugin
2026-01-19 11:03:47,791 [INFO] PluginManager:220 - loadIPPluginJar : add adc
2026-01-19 11:03:47,793 [INFO] IPUIPlugin:80 - create IPUIPlugin
2026-01-19 11:03:47,794 [INFO] PluginManager:220 - loadIPPluginJar : add aes
2026-01-19 11:03:47,796 [INFO] IPUIPlugin:80 - create IPUIPlugin
2026-01-19 11:03:47,796 [INFO] PluginManager:220 - loadIPPluginJar : add can
2026-01-19 11:03:47,798 [INFO] IPUIPlugin:80 - create IPUIPlugin
2026-01-19 11:03:47,798 [INFO] PluginManager:220 - loadIPPluginJar : add comp
2026-01-19 11:03:47,801 [INFO] IPUIPlugin:80 - create IPUIPlugin
2026-01-19 11:03:47,801 [INFO] PluginManager:220 - loadIPPluginJar : add cryp
2026-01-19 11:03:47,803 [INFO] IPUIPlugin:80 - create IPUIPlugin
2026-01-19 11:03:47,804 [INFO] PluginManager:220 - loadIPPluginJar : add ddr_ctrl_phy
2026-01-19 11:03:47,806 [INFO] IPUIPlugin:80 - create IPUIPlugin
2026-01-19 11:03:47,807 [INFO] PluginManager:220 - loadIPPluginJar : add dfsdm
2026-01-19 11:03:47,813 [INFO] IPUIPlugin:80 - create IPUIPlugin
2026-01-19 11:03:47,814 [INFO] PluginManager:220 - loadIPPluginJar : add dma
2026-01-19 11:03:47,817 [INFO] IPUIPlugin:80 - create IPUIPlugin
2026-01-19 11:03:47,817 [INFO] PluginManager:220 - loadIPPluginJar : add dma3
2026-01-19 11:03:47,820 [INFO] IPUIPlugin:80 - create IPUIPlugin
2026-01-19 11:03:47,820 [INFO] PluginManager:220 - loadIPPluginJar : add extmemmanager
2026-01-19 11:03:47,821 [INFO] IPUIPlugin:80 - create IPUIPlugin
2026-01-19 11:03:47,821 [INFO] PluginManager:220 - loadIPPluginJar : add fatfs
2026-01-19 11:03:47,825 [INFO] IPUIPlugin:80 - create IPUIPlugin
2026-01-19 11:03:47,827 [INFO] PluginManager:220 - loadIPPluginJar : add fmc
2026-01-19 11:03:47,833 [INFO] IPUIPlugin:80 - create IPUIPlugin
2026-01-19 11:03:47,833 [INFO] PluginManager:220 - loadIPPluginJar : add freertos
2026-01-19 11:03:47,834 [INFO] IPUIPlugin:80 - create IPUIPlugin
2026-01-19 11:03:47,834 [INFO] PluginManager:220 - loadIPPluginJar : add genericplugin
2026-01-19 11:03:47,837 [INFO] IPUIPlugin:80 - create IPUIPlugin
2026-01-19 11:03:47,837 [INFO] PluginManager:220 - loadIPPluginJar : add gfxmmu
2026-01-19 11:03:47,842 [INFO] IPUIPlugin:80 - create IPUIPlugin
2026-01-19 11:03:47,843 [INFO] PluginManager:220 - loadIPPluginJar : add gic
2026-01-19 11:03:47,847 [INFO] IPUIPlugin:80 - create IPUIPlugin
2026-01-19 11:03:47,847 [INFO] PluginManager:220 - loadIPPluginJar : add gpio
2026-01-19 11:03:47,850 [INFO] IPUIPlugin:80 - create IPUIPlugin
2026-01-19 11:03:47,850 [INFO] PluginManager:220 - loadIPPluginJar : add gtzc
2026-01-19 11:03:47,852 [INFO] IPUIPlugin:80 - create IPUIPlugin
2026-01-19 11:03:47,852 [INFO] PluginManager:220 - loadIPPluginJar : add hash
2026-01-19 11:03:47,855 [INFO] IPUIPlugin:80 - create IPUIPlugin
2026-01-19 11:03:47,855 [INFO] PluginManager:220 - loadIPPluginJar : add i2c
2026-01-19 11:03:47,857 [INFO] IPUIPlugin:80 - create IPUIPlugin
2026-01-19 11:03:47,858 [INFO] PluginManager:220 - loadIPPluginJar : add i2s
2026-01-19 11:03:47,861 [INFO] IPUIPlugin:80 - create IPUIPlugin
2026-01-19 11:03:47,861 [INFO] PluginManager:220 - loadIPPluginJar : add i3c
2026-01-19 11:03:47,865 [INFO] IPUIPlugin:80 - create IPUIPlugin
2026-01-19 11:03:47,865 [INFO] PluginManager:220 - loadIPPluginJar : add ipddr
2026-01-19 11:03:47,872 [INFO] IPUIPlugin:80 - create IPUIPlugin
2026-01-19 11:03:47,873 [INFO] PluginManager:220 - loadIPPluginJar : add linkedlist
2026-01-19 11:03:47,877 [INFO] IPUIPlugin:80 - create IPUIPlugin
2026-01-19 11:03:47,877 [INFO] PluginManager:220 - loadIPPluginJar : add lorawan
2026-01-19 11:03:47,878 [INFO] IPUIPlugin:80 - create IPUIPlugin
2026-01-19 11:03:47,879 [INFO] PluginManager:220 - loadIPPluginJar : add ltdc
2026-01-19 11:03:47,884 [INFO] IPUIPlugin:80 - create IPUIPlugin
2026-01-19 11:03:47,885 [INFO] PluginManager:220 - loadIPPluginJar : add mdma
2026-01-19 11:03:47,890 [INFO] IPUIPlugin:80 - create IPUIPlugin
2026-01-19 11:03:47,890 [INFO] PluginManager:220 - loadIPPluginJar : add nvic
2026-01-19 11:03:47,893 [INFO] IPUIPlugin:80 - create IPUIPlugin
2026-01-19 11:03:47,894 [INFO] PluginManager:220 - loadIPPluginJar : add opamp
2026-01-19 11:03:47,896 [INFO] IPUIPlugin:80 - create IPUIPlugin
2026-01-19 11:03:47,896 [INFO] PluginManager:220 - loadIPPluginJar : add openamp
2026-01-19 11:03:47,899 [INFO] IPUIPlugin:80 - create IPUIPlugin
2026-01-19 11:03:47,899 [INFO] PluginManager:220 - loadIPPluginJar : add pdm2pcm
2026-01-19 11:03:47,905 [INFO] IPUIPlugin:80 - create IPUIPlugin
2026-01-19 11:03:47,908 [INFO] PluginManager:220 - loadIPPluginJar : add plateformsettings
2026-01-19 11:03:47,910 [INFO] IPUIPlugin:80 - create IPUIPlugin
2026-01-19 11:03:47,910 [INFO] PluginManager:220 - loadIPPluginJar : add quadspi
2026-01-19 11:03:47,912 [INFO] IPUIPlugin:80 - create IPUIPlugin
2026-01-19 11:03:47,914 [INFO] PluginManager:220 - loadIPPluginJar : add radio
2026-01-19 11:03:47,918 [INFO] IPUIPlugin:80 - create IPUIPlugin
2026-01-19 11:03:47,918 [INFO] PluginManager:220 - loadIPPluginJar : add resmgrutility
2026-01-19 11:03:47,924 [INFO] IPUIPlugin:80 - create IPUIPlugin
2026-01-19 11:03:47,924 [INFO] PluginManager:220 - loadIPPluginJar : add sai
2026-01-19 11:03:47,927 [INFO] IPUIPlugin:80 - create IPUIPlugin
2026-01-19 11:03:47,927 [INFO] PluginManager:220 - loadIPPluginJar : add spi
2026-01-19 11:03:47,934 [INFO] IPUIPlugin:80 - create IPUIPlugin
2026-01-19 11:03:47,934 [INFO] PluginManager:220 - loadIPPluginJar : add stm32_wpan
2026-01-19 11:03:47,936 [INFO] IPUIPlugin:80 - create IPUIPlugin
2026-01-19 11:03:47,936 [INFO] PluginManager:220 - loadIPPluginJar : add tim
2026-01-19 11:03:47,940 [INFO] IPUIPlugin:80 - create IPUIPlugin
2026-01-19 11:03:47,940 [INFO] PluginManager:220 - loadIPPluginJar : add touchsensing
2026-01-19 11:03:47,942 [INFO] IPUIPlugin:80 - create IPUIPlugin
2026-01-19 11:03:47,942 [INFO] PluginManager:220 - loadIPPluginJar : add tracer_emb
2026-01-19 11:03:47,944 [INFO] IPUIPlugin:80 - create IPUIPlugin
2026-01-19 11:03:47,944 [INFO] PluginManager:220 - loadIPPluginJar : add ts
2026-01-19 11:03:47,946 [INFO] IPUIPlugin:80 - create IPUIPlugin
2026-01-19 11:03:47,946 [INFO] PluginManager:220 - loadIPPluginJar : add tsc
2026-01-19 11:03:47,948 [INFO] IPUIPlugin:80 - create IPUIPlugin
2026-01-19 11:03:47,948 [INFO] PluginManager:220 - loadIPPluginJar : add ucpd
2026-01-19 11:03:47,951 [INFO] IPUIPlugin:80 - create IPUIPlugin
2026-01-19 11:03:47,951 [INFO] PluginManager:220 - loadIPPluginJar : add usart
2026-01-19 11:03:47,953 [INFO] IPUIPlugin:80 - create IPUIPlugin
2026-01-19 11:03:47,954 [INFO] PluginManager:220 - loadIPPluginJar : add usbx
2026-01-19 11:03:48,090 [FATAL] Updater:351 - Updater called before beeing initialized
2026-01-19 11:03:48,111 [INFO] RulesReader:64 - Compatibility file has been processed (302 Rules)
2026-01-19 11:03:48,122 [INFO] RulesReader:64 - Compatibility file has been processed (302 Rules)
2026-01-19 11:03:48,132 [INFO] CADModel:165 - CPN selected for project level
2026-01-19 11:03:48,132 [INFO] CADModel:114 - Register for checkConnection events
2026-01-19 11:03:48,132 [FATAL] Updater:351 - Updater called before beeing initialized
2026-01-19 11:03:48,132 [ERROR] CADModel:125 - Updater not yet initialized, retry later 
2026-01-19 11:03:48,327 [FATAL] Updater:351 - Updater called before beeing initialized
2026-01-19 11:03:48,329 [INFO] CADModel:165 - CPN selected for project level
2026-01-19 11:03:48,329 [INFO] CADModel:114 - Register for checkConnection events
2026-01-19 11:03:48,330 [FATAL] Updater:351 - Updater called before beeing initialized
2026-01-19 11:03:48,330 [ERROR] CADModel:125 - Updater not yet initialized, retry later 
2026-01-19 11:03:48,335 [FATAL] Updater:351 - Updater called before beeing initialized
2026-01-19 11:03:48,477 [FATAL] Updater:351 - Updater called before beeing initialized
2026-01-19 11:03:48,482 [INFO] DbMcusAds:53 - JSON generation date=Thu Jan 08 21:26:32 IST 2026 (1767887792457)
2026-01-19 11:03:48,482 [FATAL] Updater:351 - Updater called before beeing initialized
2026-01-19 11:03:48,517 [WARN] DetailPanel:346 - Failed to get advertising image, set to default
2026-01-19 11:03:48,754 [FATAL] Updater:351 - Updater called before beeing initialized
2026-01-19 11:03:48,756 [FATAL] Updater:351 - Updater called before beeing initialized
2026-01-19 11:03:48,756 [FATAL] Updater:351 - Updater called before beeing initialized
2026-01-19 11:03:48,757 [WARN] DetailPanel:346 - Failed to get advertising image, set to default
2026-01-19 11:03:48,758 [FATAL] Updater:351 - Updater called before beeing initialized
2026-01-19 11:03:48,809 [ERROR] Updater:1198 - MainUpdater not yet initialized. External WinMGr cannot be set.
2026-01-19 11:03:48,811 [INFO] Updater:1134 - Updater Version found : 6.14.1
2026-01-19 11:03:48,830 [INFO] ApplicationProperties:184 - Using Application install path: C:\ST\STM32CubeIDE_1.18.1\STM32CubeIDE\plugins\com.st.stm32cube.common.mx_6.14.1.202504091515
2026-01-19 11:03:50,197 [INFO] ThirdPartyUpdaterWithRetryManager:70 - Updater plugin not ready yet. [2/15]
2026-01-19 11:03:50,403 [ERROR] LogOutputStream:75 - [STDERR_REDIRECT] Jan 19, 2026 11:03:50 AM java.util.prefs.WindowsPreferences <init>
2026-01-19 11:03:50,404 [ERROR] LogOutputStream:75 - [STDERR_REDIRECT] WARNING: Could not open/create prefs root node Software\JavaSoft\Prefs at root 0xffffffff80000002. Windows RegCreateKeyEx(...) returned error code 5.
2026-01-19 11:03:50,404 [ERROR] LogOutputStream:75 - [STDERR_REDIRECT] 
2026-01-19 11:03:50,933 [INFO] MainUpdater:2872 - connection check result : 10
2026-01-19 11:03:50,934 [INFO] MainUpdater:289 - Updater Check For Update Now.
2026-01-19 11:03:50,934 [INFO] MicroXplorer:498 - Change Database Version : DB.6.0.141
2026-01-19 11:03:50,948 [INFO] McuFinderGlobals:63 - Set McuFinder mode to 2 (CubeIDE integrated)
2026-01-19 11:03:50,948 [INFO] UserAuth:171 - activating auth plugin
2026-01-19 11:03:50,952 [INFO] UserAuth:484 - Internet connection configuration mode: 1
2026-01-19 11:03:50,980 [INFO] JxBrowserEngine:152 - Initiate JxBrowser Engine with user profile folder
2026-01-19 11:03:51,141 [INFO] CheckServerUpdateThread:120 - End of CheckServer Thread
2026-01-19 11:03:51,723 [INFO] WebApp:169 - Instantiating new browser for Auth
2026-01-19 11:03:52,471 [INFO] WebApp:463 - Apply proxy settings
2026-01-19 11:03:52,472 [INFO] WebApp:548 - Chromium requires no authentication
2026-01-19 11:03:52,481 [INFO] WebApp:491 - Direct internet connection detected
2026-01-19 11:03:52,504 [INFO] WebApp:894 - Register for checkConnection events
2026-01-19 11:03:52,504 [INFO] WebApp:463 - Apply proxy settings
2026-01-19 11:03:52,504 [INFO] WebApp:548 - Chromium requires no authentication
2026-01-19 11:03:52,505 [INFO] WebApp:491 - Direct internet connection detected
2026-01-19 11:03:52,656 [INFO] WebApp:225 - Starting web application
2026-01-19 11:03:52,656 [INFO] WebApp:593 - Web application path used C:\ST\STM32CubeIDE_1.18.1\STM32CubeIDE\plugins\com.st.stm32cube.common.mx_6.14.1.202504091515\db\plugins\mcufinder\reactClient1\index.html
2026-01-19 11:03:52,895 [ERROR] LogOutputStream:75 - [STDERR_REDIRECT] [Fatal Error] :1:1: Premature end of file.
2026-01-19 11:03:52,897 [ERROR] LogOutputStream:75 - [STDERR_REDIRECT] 
2026-01-19 11:03:52,908 [INFO] WebApp:191 - Connection restablished
2026-01-19 11:03:53,516 [WARN] PackLoader:240 - Cannot read IP mode file for STMicroelectronics.FP-SNS-MOTENVWB1.1.4.0
2026-01-19 11:03:53,524 [WARN] PackLoader:240 - Cannot read IP mode file for STMicroelectronics.FP-ATR-ASTRA1.2.0.2
2026-01-19 11:03:53,537 [WARN] PackLoader:240 - Cannot read IP mode file for STMicroelectronics.X-CUBE-SMBUS.2.1.0
2026-01-19 11:03:53,571 [WARN] PackLoader:240 - Cannot read IP mode file for STMicroelectronics.X-CUBE-AZRTOS-F7.1.1.0
2026-01-19 11:03:53,582 [ERROR] Engine:466 - C:\Users\NIVYA\.stm32cubemx\thirdparties\pdsc\STMicroelectronics.FP-SNS-MOTENV1.5.1.0.pdsc: PDSC version is not supported
2026-01-19 11:03:53,586 [ERROR] Engine:466 - C:\Users\NIVYA\.stm32cubemx\thirdparties\pdsc\WES.I-CUBE-Cesium.1.4.0.pdsc: PDSC version is not supported
2026-01-19 11:03:53,641 [WARN] PackLoader:240 - Cannot read IP mode file for STMicroelectronics.X-CUBE-AZRTOS-H7.3.4.0
2026-01-19 11:03:53,672 [WARN] PackLoader:240 - Cannot read IP mode file for STMicroelectronics.X-CUBE-DISPLAY.3.0.0
2026-01-19 11:03:53,700 [WARN] PackLoader:240 - Cannot read IP mode file for STMicroelectronics.X-CUBE-NFC10.1.0.0
2026-01-19 11:03:53,741 [WARN] PackLoader:240 - Cannot read IP mode file for STMicroelectronics.X-CUBE-ST60.1.1.0
2026-01-19 11:03:53,753 [WARN] PackLoader:240 - Cannot read IP mode file for emotas.I-CUBE-CANOPEN.1.3.0
2026-01-19 11:03:53,765 [WARN] PackLoader:240 - Cannot read IP mode file for STMicroelectronics.X-CUBE-GNSS1.7.1.0
2026-01-19 11:03:53,773 [ERROR] Engine:466 - C:\Users\NIVYA\.stm32cubemx\thirdparties\pdsc\STMicroelectronics.FP-SNS-STBOX1.2.1.0.pdsc: PDSC version is not supported
2026-01-19 11:03:53,779 [WARN] PackLoader:240 - Cannot read IP mode file for STMicroelectronics.FP-SNS-SMARTAG2.1.2.0
2026-01-19 11:03:53,786 [WARN] PackLoader:240 - Cannot read IP mode file for STMicroelectronics.FP-SNS-FLIGHT1.5.1.0
2026-01-19 11:03:53,797 [INFO] LogOutputStream:77 - [STDOUT_REDIRECT] 1 : Invalid condition id : UX_CORESTACK_Condition cause : null
2026-01-19 11:03:53,799 [INFO] LogOutputStream:77 - [STDOUT_REDIRECT] 1 : Invalid condition id : UX_CORESTACK_Condition cause : null
2026-01-19 11:03:53,800 [INFO] LogOutputStream:77 - [STDOUT_REDIRECT] 1 : Invalid condition id : UX_CORESTACK_Condition cause : null
2026-01-19 11:03:53,802 [INFO] LogOutputStream:77 - [STDOUT_REDIRECT] 1 : Invalid condition id : UX_CORESTACK_Condition cause : null
2026-01-19 11:03:53,803 [INFO] LogOutputStream:77 - [STDOUT_REDIRECT] 1 : Invalid condition id : UX_CORESTACK_Condition cause : null
2026-01-19 11:03:53,807 [WARN] PackLoader:240 - Cannot read IP mode file for STMicroelectronics.X-CUBE-AZRTOS-WL.2.0.0
2026-01-19 11:03:53,834 [WARN] PackLoader:240 - Cannot read IP mode file for STMicroelectronics.X-CUBE-AZRTOS-H7RS.1.2.0
2026-01-19 11:03:53,845 [WARN] PackLoader:240 - Cannot read IP mode file for STMicroelectronics.X-CUBE-BLE2.3.3.0
2026-01-19 11:03:53,863 [ERROR] LogOutputStream:75 - [STDERR_REDIRECT] [Fatal Error] :1:1: Premature end of file.
2026-01-19 11:03:53,863 [ERROR] LogOutputStream:75 - [STDERR_REDIRECT] 
2026-01-19 11:03:53,890 [WARN] PackLoader:240 - Cannot read IP mode file for Infineon.AIROC-Wi-Fi-Bluetooth-STM32.1.8.0
2026-01-19 11:03:53,902 [WARN] PackLoader:240 - Cannot read IP mode file for STMicroelectronics.X-CUBE-NFC9.1.0.0
2026-01-19 11:03:53,908 [WARN] PackLoader:240 - Cannot read IP mode file for wolfSSL.I-CUBE-wolfSSL.5.8.2
2026-01-19 11:03:53,915 [WARN] PackLoader:240 - Cannot read IP mode file for STMicroelectronics.X-CUBE-BLE1.7.1.0
2026-01-19 11:03:53,920 [WARN] PackLoader:240 - Cannot read IP mode file for wolfSSL.I-CUBE-wolfMQTT.1.19.2
2026-01-19 11:03:53,925 [ERROR] Engine:466 - C:\Users\NIVYA\.stm32cubemx\thirdparties\pdsc\STMicroelectronics.X-CUBE-FREERTOS.1.4.0.pdsc: PDSC version is not supported
2026-01-19 11:03:53,933 [WARN] PackLoader:240 - Cannot read IP mode file for STMicroelectronics.X-CUBE-EEPRMA1.5.2.0
2026-01-19 11:03:53,940 [WARN] PackLoader:240 - Cannot read IP mode file for Cesanta.I-CUBE-Mongoose.7.20.0
2026-01-19 11:03:53,943 [ERROR] Engine:466 - C:\Users\NIVYA\.stm32cubemx\thirdparties\pdsc\STMicroelectronics.X-CUBE-ST67W61.1.1.0.pdsc: PDSC version is not supported
2026-01-19 11:03:54,005 [WARN] PackLoader:240 - Cannot read IP mode file for STMicroelectronics.X-CUBE-MEMS1.12.0.0
2026-01-19 11:03:54,133 [WARN] PackLoader:240 - Cannot read IP mode file for STMicroelectronics.X-CUBE-AZRTOS-G0.1.1.0
2026-01-19 11:03:54,142 [WARN] PackLoader:240 - Cannot read IP mode file for STMicroelectronics.X-CUBE-NFC4.3.0.0
2026-01-19 11:03:54,156 [WARN] PackLoader:240 - Cannot read IP mode file for EmbeddedOffice.I-CUBE-FS-RTOS.1.0.1
2026-01-19 11:03:54,166 [WARN] PackLoader:240 - Cannot read IP mode file for STMicroelectronics.X-CUBE-WB05N.2.0.0
2026-01-19 11:03:54,173 [WARN] PackLoader:240 - Cannot read IP mode file for wolfSSL.I-CUBE-wolfTPM.3.8.0
2026-01-19 11:03:54,181 [WARN] PackLoader:240 - Cannot read IP mode file for STMicroelectronics.X-CUBE-TCPP.4.2.0
2026-01-19 11:03:54,189 [WARN] PackLoader:240 - Cannot read IP mode file for RealThread.X-CUBE-RT-Thread_Nano.4.1.1
2026-01-19 11:03:54,197 [WARN] PackLoader:240 - Cannot read IP mode file for STMicroelectronics.FP-ATR-SIGFOX1.3.2.0
2026-01-19 11:03:54,208 [WARN] PackLoader:240 - Cannot read IP mode file for ITTIA_DB.I-CUBE-ITTIADB.8.9.0
2026-01-19 11:03:54,217 [WARN] PackLoader:240 - Cannot read IP mode file for STMicroelectronics.X-CUBE-AI.10.2.0
2026-01-19 11:03:54,252 [WARN] PackLoader:240 - Cannot read IP mode file for SEGGER.I-CUBE-embOS.1.3.1
2026-01-19 11:03:54,321 [WARN] PackLoader:240 - Cannot read IP mode file for STMicroelectronics.X-CUBE-ALGOBUILD.1.4.0
2026-01-19 11:03:54,329 [WARN] PackLoader:240 - Cannot read IP mode file for STMicroelectronics.X-CUBE-PM33A1.1.0.0
2026-01-19 11:03:54,346 [WARN] PackLoader:240 - Cannot read IP mode file for STMicroelectronics.X-CUBE-AZRTOS-F4.1.1.0
2026-01-19 11:03:54,357 [WARN] PackLoader:240 - Cannot read IP mode file for STMicroelectronics.X-CUBE-ISPU.2.1.0
2026-01-19 11:03:54,363 [ERROR] Engine:466 - C:\Users\NIVYA\.stm32cubemx\thirdparties\pdsc\STMicroelectronics.X-CUBE-IPS.3.2.0.pdsc: PDSC version is not supported
2026-01-19 11:03:54,373 [WARN] PackLoader:240 - Cannot read IP mode file for STMicroelectronics.X-CUBE-NFC12.1.0.0
2026-01-19 11:03:54,391 [WARN] PackLoader:240 - Cannot read IP mode file for STMicroelectronics.X-CUBE-AZRTOS-L5.2.0.0
2026-01-19 11:03:54,404 [WARN] PackLoader:240 - Cannot read IP mode file for STMicroelectronics.X-CUBE-NFC6.3.1.0
2026-01-19 11:03:54,416 [WARN] PackLoader:240 - Cannot read IP mode file for STMicroelectronics.X-CUBE-TOUCHGFX.4.26.0
2026-01-19 11:03:54,423 [WARN] PackLoader:240 - Cannot read IP mode file for STMicroelectronics.FP-SNS-STAIOTCFT.1.0.0
2026-01-19 11:03:54,432 [WARN] PackLoader:240 - Cannot read IP mode file for STMicroelectronics.X-CUBE-DPower.1.3.0
2026-01-19 11:03:54,461 [WARN] ConditionMgr:438 - getConditionDescription Invalid condition id : LAN8742 Phy interface Condition cause : null
2026-01-19 11:03:54,463 [WARN] PackLoader:240 - Cannot read IP mode file for STMicroelectronics.X-CUBE-AZRTOS-L4.2.0.0
2026-01-19 11:03:54,466 [WARN] ConditionMgr:1044 - genDependencies : Invalid condition id : LAN8742 Phy interface Condition cause : null
2026-01-19 11:03:54,467 [WARN] ConditionMgr:1044 - genDependencies : Invalid condition id : LAN8742 Phy interface Condition cause : null
2026-01-19 11:03:54,468 [WARN] ConditionMgr:1044 - genDependencies : Invalid condition id : LAN8742 Phy interface Condition cause : null
2026-01-19 11:03:54,484 [WARN] PackLoader:240 - Cannot read IP mode file for STMicroelectronics.X-CUBE-SFXS2LP1.4.0.0
2026-01-19 11:03:54,491 [ERROR] Engine:466 - C:\Users\NIVYA\.stm32cubemx\thirdparties\pdsc\STMicroelectronics.X-CUBE-ST67W61.1.2.0.pdsc: PDSC version is not supported
2026-01-19 11:03:54,505 [WARN] PackLoader:240 - Cannot read IP mode file for STMicroelectronics.X-CUBE-BLEMGR.4.1.0
2026-01-19 11:03:54,527 [WARN] ConditionMgr:438 - getConditionDescription Invalid condition id : UX DEVICE CLASS RTOS Condition cause : null
2026-01-19 11:03:54,527 [WARN] ConditionMgr:438 - getConditionDescription Invalid condition id : UX DEVICE CLASS RTOS Condition cause : null
2026-01-19 11:03:54,530 [WARN] PackLoader:240 - Cannot read IP mode file for STMicroelectronics.X-CUBE-AZRTOS-WB.2.0.0
2026-01-19 11:03:54,532 [WARN] ConditionMgr:1044 - genDependencies : Invalid condition id : UX DEVICE CLASS RTOS Condition cause : null
2026-01-19 11:03:54,533 [WARN] ConditionMgr:1044 - genDependencies : Invalid condition id : UX DEVICE CLASS RTOS Condition cause : null
2026-01-19 11:03:54,533 [WARN] ConditionMgr:1044 - genDependencies : Invalid condition id : UX DEVICE CLASS RTOS Condition cause : null
2026-01-19 11:03:54,534 [WARN] ConditionMgr:1044 - genDependencies : Invalid condition id : UX DEVICE CLASS RTOS Condition cause : null
2026-01-19 11:03:54,534 [WARN] ConditionMgr:1044 - genDependencies : Invalid condition id : UX DEVICE CLASS RTOS Condition cause : null
2026-01-19 11:03:54,542 [WARN] ConditionMgr:438 - getConditionDescription Invalid condition id : Cortex-A Device cause : null
2026-01-19 11:03:54,553 [WARN] ConditionMgr:1044 - genDependencies : Invalid condition id : Cortex-A Device cause : null
2026-01-19 11:03:54,555 [WARN] ConditionMgr:1044 - genDependencies : Invalid condition id : Cortex-A Device cause : null
2026-01-19 11:03:54,555 [WARN] ConditionMgr:1044 - genDependencies : Invalid condition id : Cortex-A Device cause : null
2026-01-19 11:03:54,568 [WARN] PackLoader:240 - Cannot read IP mode file for STMicroelectronics.X-CUBE-SUBG2.5.0.0
2026-01-19 11:03:54,589 [WARN] PackLoader:240 - Cannot read IP mode file for STMicroelectronics.X-CUBE-AZRTOS-G4.2.0.0
2026-01-19 11:03:54,599 [WARN] PackLoader:240 - Cannot read IP mode file for wolfSSL.I-CUBE-wolfSSH.1.4.20
2026-01-19 11:03:54,606 [WARN] PackLoader:240 - Cannot read IP mode file for STMicroelectronics.X-CUBE-NFC7.2.0.0
2026-01-19 11:03:54,615 [WARN] PackLoader:240 - Cannot read IP mode file for STMicroelectronics.X-CUBE-ALS.1.0.2
2026-01-19 11:03:54,625 [WARN] PackLoader:240 - Cannot read IP mode file for STMicroelectronics.X-CUBE-STSE01.1.0.0
2026-01-19 11:03:54,649 [WARN] PackLoader:240 - Cannot read IP mode file for STMicroelectronics.X-CUBE-TOF1.3.4.3
2026-01-19 11:03:54,672 [INFO] ThirdParty:978 - Integrity check success = true
2026-01-19 11:03:54,672 [INFO] IntegrityCheckThread:100 - exiting critical section [integrity check]
2026-01-19 11:03:54,673 [INFO] IntegrityCheckThread:103 - End integrity checks thread
2026-01-19 11:03:54,900 [ERROR] LogOutputStream:75 - [STDERR_REDIRECT] [Fatal Error] :1:1: Premature end of file.
2026-01-19 11:03:54,900 [ERROR] LogOutputStream:75 - [STDERR_REDIRECT] 
2026-01-19 11:03:55,840 [ERROR] LogOutputStream:75 - [STDERR_REDIRECT] [Fatal Error] :1:1: Premature end of file.
2026-01-19 11:03:55,840 [ERROR] LogOutputStream:75 - [STDERR_REDIRECT] 
2026-01-19 11:03:56,838 [ERROR] LogOutputStream:75 - [STDERR_REDIRECT] [Fatal Error] :1:1: Premature end of file.
2026-01-19 11:03:56,839 [ERROR] LogOutputStream:75 - [STDERR_REDIRECT] 
2026-01-19 11:03:57,839 [ERROR] LogOutputStream:75 - [STDERR_REDIRECT] [Fatal Error] :1:1: Premature end of file.
2026-01-19 11:03:57,840 [ERROR] LogOutputStream:75 - [STDERR_REDIRECT] 
2026-01-19 11:03:58,840 [ERROR] LogOutputStream:75 - [STDERR_REDIRECT] [Fatal Error] :1:1: Premature end of file.
2026-01-19 11:03:58,841 [ERROR] LogOutputStream:75 - [STDERR_REDIRECT] 
2026-01-19 11:03:59,840 [ERROR] LogOutputStream:75 - [STDERR_REDIRECT] [Fatal Error] :1:1: Premature end of file.
2026-01-19 11:03:59,840 [ERROR] LogOutputStream:75 - [STDERR_REDIRECT] 
2026-01-19 11:04:00,839 [ERROR] LogOutputStream:75 - [STDERR_REDIRECT] [Fatal Error] :1:1: Premature end of file.
2026-01-19 11:04:00,839 [ERROR] LogOutputStream:75 - [STDERR_REDIRECT] 
2026-01-19 11:04:01,838 [ERROR] LogOutputStream:75 - [STDERR_REDIRECT] [Fatal Error] :1:1: Premature end of file.
2026-01-19 11:04:01,839 [ERROR] LogOutputStream:75 - [STDERR_REDIRECT] 
2026-01-19 11:04:02,838 [ERROR] LogOutputStream:75 - [STDERR_REDIRECT] [Fatal Error] :1:1: Premature end of file.
2026-01-19 11:04:02,838 [ERROR] LogOutputStream:75 - [STDERR_REDIRECT] 
2026-01-19 11:04:03,840 [ERROR] LogOutputStream:75 - [STDERR_REDIRECT] [Fatal Error] :1:1: Premature end of file.
2026-01-19 11:04:03,840 [ERROR] LogOutputStream:75 - [STDERR_REDIRECT] 
2026-01-19 11:04:04,836 [ERROR] LogOutputStream:75 - [STDERR_REDIRECT] [Fatal Error] :1:1: Premature end of file.
2026-01-19 11:04:04,837 [ERROR] LogOutputStream:75 - [STDERR_REDIRECT] 
2026-01-19 11:04:05,837 [ERROR] LogOutputStream:75 - [STDERR_REDIRECT] [Fatal Error] :1:1: Premature end of file.
2026-01-19 11:04:05,838 [ERROR] LogOutputStream:75 - [STDERR_REDIRECT] 
2026-01-19 11:04:06,839 [ERROR] LogOutputStream:75 - [STDERR_REDIRECT] [Fatal Error] :1:1: Premature end of file.
2026-01-19 11:04:06,839 [ERROR] LogOutputStream:75 - [STDERR_REDIRECT] 
2026-01-19 11:04:07,841 [ERROR] LogOutputStream:75 - [STDERR_REDIRECT] [Fatal Error] :1:1: Premature end of file.
2026-01-19 11:04:07,841 [ERROR] LogOutputStream:75 - [STDERR_REDIRECT] 
2026-01-19 11:04:08,840 [ERROR] LogOutputStream:75 - [STDERR_REDIRECT] [Fatal Error] :1:1: Premature end of file.
2026-01-19 11:04:08,840 [ERROR] LogOutputStream:75 - [STDERR_REDIRECT] 
2026-01-19 11:04:09,839 [ERROR] LogOutputStream:75 - [STDERR_REDIRECT] [Fatal Error] :1:1: Premature end of file.
2026-01-19 11:04:09,840 [ERROR] LogOutputStream:75 - [STDERR_REDIRECT] 
2026-01-19 11:04:10,836 [ERROR] LogOutputStream:75 - [STDERR_REDIRECT] [Fatal Error] :1:1: Premature end of file.
2026-01-19 11:04:10,836 [ERROR] LogOutputStream:75 - [STDERR_REDIRECT] 
2026-01-19 11:04:11,837 [ERROR] LogOutputStream:75 - [STDERR_REDIRECT] [Fatal Error] :1:1: Premature end of file.
2026-01-19 11:04:11,837 [ERROR] LogOutputStream:75 - [STDERR_REDIRECT] 
2026-01-19 11:04:12,838 [ERROR] LogOutputStream:75 - [STDERR_REDIRECT] [Fatal Error] :1:1: Premature end of file.
2026-01-19 11:04:12,838 [ERROR] LogOutputStream:75 - [STDERR_REDIRECT] 
2026-01-19 11:04:13,840 [ERROR] LogOutputStream:75 - [STDERR_REDIRECT] [Fatal Error] :1:1: Premature end of file.
2026-01-19 11:04:13,841 [ERROR] LogOutputStream:75 - [STDERR_REDIRECT] 
2026-01-19 11:04:14,856 [ERROR] LogOutputStream:75 - [STDERR_REDIRECT] [Fatal Error] :1:1: Premature end of file.
2026-01-19 11:04:14,856 [ERROR] LogOutputStream:75 - [STDERR_REDIRECT] 
2026-01-19 11:04:15,840 [ERROR] LogOutputStream:75 - [STDERR_REDIRECT] [Fatal Error] :1:1: Premature end of file.
2026-01-19 11:04:15,840 [ERROR] LogOutputStream:75 - [STDERR_REDIRECT] 
2026-01-19 11:04:16,845 [ERROR] LogOutputStream:75 - [STDERR_REDIRECT] [Fatal Error] :1:1: Premature end of file.
2026-01-19 11:04:16,845 [ERROR] LogOutputStream:75 - [STDERR_REDIRECT] 
2026-01-19 11:04:17,839 [ERROR] LogOutputStream:75 - [STDERR_REDIRECT] [Fatal Error] :1:1: Premature end of file.
2026-01-19 11:04:17,839 [ERROR] LogOutputStream:75 - [STDERR_REDIRECT] 
2026-01-19 11:04:18,846 [ERROR] LogOutputStream:75 - [STDERR_REDIRECT] [Fatal Error] :1:1: Premature end of file.
2026-01-19 11:04:18,846 [ERROR] LogOutputStream:75 - [STDERR_REDIRECT] 
2026-01-19 11:04:19,843 [ERROR] LogOutputStream:75 - [STDERR_REDIRECT] [Fatal Error] :1:1: Premature end of file.
2026-01-19 11:04:19,843 [ERROR] LogOutputStream:75 - [STDERR_REDIRECT] 
2026-01-19 11:04:20,841 [ERROR] LogOutputStream:75 - [STDERR_REDIRECT] [Fatal Error] :1:1: Premature end of file.
2026-01-19 11:04:20,841 [ERROR] LogOutputStream:75 - [STDERR_REDIRECT] 
2026-01-19 11:04:21,846 [ERROR] LogOutputStream:75 - [STDERR_REDIRECT] [Fatal Error] :1:1: Premature end of file.
2026-01-19 11:04:21,846 [ERROR] LogOutputStream:75 - [STDERR_REDIRECT] 
2026-01-19 11:04:22,849 [ERROR] LogOutputStream:75 - [STDERR_REDIRECT] [Fatal Error] :1:1: Premature end of file.
2026-01-19 11:04:22,851 [ERROR] LogOutputStream:75 - [STDERR_REDIRECT] 
2026-01-19 11:04:23,850 [ERROR] LogOutputStream:75 - [STDERR_REDIRECT] [Fatal Error] :1:1: Premature end of file.
2026-01-19 11:04:23,850 [ERROR] LogOutputStream:75 - [STDERR_REDIRECT] 
2026-01-19 11:04:24,847 [ERROR] LogOutputStream:75 - [STDERR_REDIRECT] [Fatal Error] :1:1: Premature end of file.
2026-01-19 11:04:24,847 [ERROR] LogOutputStream:75 - [STDERR_REDIRECT] 
2026-01-19 11:04:25,840 [ERROR] LogOutputStream:75 - [STDERR_REDIRECT] [Fatal Error] :1:1: Premature end of file.
2026-01-19 11:04:25,840 [ERROR] LogOutputStream:75 - [STDERR_REDIRECT] 
2026-01-19 11:04:26,858 [ERROR] LogOutputStream:75 - [STDERR_REDIRECT] [Fatal Error] :1:1: Premature end of file.
2026-01-19 11:04:26,858 [ERROR] LogOutputStream:75 - [STDERR_REDIRECT] 
2026-01-19 11:04:27,844 [ERROR] LogOutputStream:75 - [STDERR_REDIRECT] [Fatal Error] :1:1: Premature end of file.
2026-01-19 11:04:27,844 [ERROR] LogOutputStream:75 - [STDERR_REDIRECT] 
2026-01-19 11:04:28,857 [ERROR] LogOutputStream:75 - [STDERR_REDIRECT] [Fatal Error] :1:1: Premature end of file.
2026-01-19 11:04:28,858 [ERROR] LogOutputStream:75 - [STDERR_REDIRECT] 
2026-01-19 11:04:29,854 [ERROR] LogOutputStream:75 - [STDERR_REDIRECT] [Fatal Error] :1:1: Premature end of file.
2026-01-19 11:04:29,855 [ERROR] LogOutputStream:75 - [STDERR_REDIRECT] 
2026-01-19 11:04:30,847 [ERROR] LogOutputStream:75 - [STDERR_REDIRECT] [Fatal Error] :1:1: Premature end of file.
2026-01-19 11:04:30,847 [ERROR] LogOutputStream:75 - [STDERR_REDIRECT] 
2026-01-19 11:04:31,858 [ERROR] LogOutputStream:75 - [STDERR_REDIRECT] [Fatal Error] :1:1: Premature end of file.
2026-01-19 11:04:31,859 [ERROR] LogOutputStream:75 - [STDERR_REDIRECT] 
2026-01-19 11:04:32,851 [ERROR] LogOutputStream:75 - [STDERR_REDIRECT] [Fatal Error] :1:1: Premature end of file.
2026-01-19 11:04:32,852 [ERROR] LogOutputStream:75 - [STDERR_REDIRECT] 
2026-01-19 11:04:33,866 [ERROR] LogOutputStream:75 - [STDERR_REDIRECT] [Fatal Error] :1:1: Premature end of file.
2026-01-19 11:04:33,866 [ERROR] LogOutputStream:75 - [STDERR_REDIRECT] 
2026-01-19 11:04:34,852 [ERROR] LogOutputStream:75 - [STDERR_REDIRECT] [Fatal Error] :1:1: Premature end of file.
2026-01-19 11:04:34,853 [ERROR] LogOutputStream:75 - [STDERR_REDIRECT] 
2026-01-19 11:04:35,865 [ERROR] LogOutputStream:75 - [STDERR_REDIRECT] [Fatal Error] :1:1: Premature end of file.
2026-01-19 11:04:35,866 [ERROR] LogOutputStream:75 - [STDERR_REDIRECT] 
2026-01-19 11:04:36,863 [ERROR] LogOutputStream:75 - [STDERR_REDIRECT] [Fatal Error] :1:1: Premature end of file.
2026-01-19 11:04:36,863 [ERROR] LogOutputStream:75 - [STDERR_REDIRECT] 
2026-01-19 11:04:37,852 [ERROR] LogOutputStream:75 - [STDERR_REDIRECT] [Fatal Error] :1:1: Premature end of file.
2026-01-19 11:04:37,853 [ERROR] LogOutputStream:75 - [STDERR_REDIRECT] 
2026-01-19 11:04:38,853 [ERROR] LogOutputStream:75 - [STDERR_REDIRECT] [Fatal Error] :1:1: Premature end of file.
2026-01-19 11:04:38,854 [ERROR] LogOutputStream:75 - [STDERR_REDIRECT] 
2026-01-19 11:04:39,862 [ERROR] LogOutputStream:75 - [STDERR_REDIRECT] [Fatal Error] :1:1: Premature end of file.
2026-01-19 11:04:39,862 [ERROR] LogOutputStream:75 - [STDERR_REDIRECT] 
2026-01-19 11:04:40,845 [ERROR] LogOutputStream:75 - [STDERR_REDIRECT] [Fatal Error] :1:1: Premature end of file.
2026-01-19 11:04:40,845 [ERROR] LogOutputStream:75 - [STDERR_REDIRECT] 
2026-01-19 11:04:41,850 [ERROR] LogOutputStream:75 - [STDERR_REDIRECT] [Fatal Error] :1:1: Premature end of file.
2026-01-19 11:04:41,850 [ERROR] LogOutputStream:75 - [STDERR_REDIRECT] 
2026-01-19 11:04:42,881 [ERROR] LogOutputStream:75 - [STDERR_REDIRECT] [Fatal Error] :1:1: Premature end of file.
2026-01-19 11:04:42,881 [ERROR] LogOutputStream:75 - [STDERR_REDIRECT] 
2026-01-19 11:04:43,855 [ERROR] LogOutputStream:75 - [STDERR_REDIRECT] [Fatal Error] :1:1: Premature end of file.
2026-01-19 11:04:43,855 [ERROR] LogOutputStream:75 - [STDERR_REDIRECT] 
2026-01-19 11:04:44,844 [ERROR] LogOutputStream:75 - [STDERR_REDIRECT] [Fatal Error] :1:1: Premature end of file.
2026-01-19 11:04:44,844 [ERROR] LogOutputStream:75 - [STDERR_REDIRECT] 
2026-01-19 11:04:45,839 [ERROR] LogOutputStream:75 - [STDERR_REDIRECT] [Fatal Error] :1:1: Premature end of file.
2026-01-19 11:04:45,839 [ERROR] LogOutputStream:75 - [STDERR_REDIRECT] 
2026-01-19 11:04:46,847 [ERROR] LogOutputStream:75 - [STDERR_REDIRECT] [Fatal Error] :1:1: Premature end of file.
2026-01-19 11:04:46,847 [ERROR] LogOutputStream:75 - [STDERR_REDIRECT] 
2026-01-19 11:04:47,853 [ERROR] LogOutputStream:75 - [STDERR_REDIRECT] [Fatal Error] :1:1: Premature end of file.
2026-01-19 11:04:47,853 [ERROR] LogOutputStream:75 - [STDERR_REDIRECT] 
2026-01-19 11:04:48,840 [ERROR] LogOutputStream:75 - [STDERR_REDIRECT] [Fatal Error] :1:1: Premature end of file.
2026-01-19 11:04:48,840 [ERROR] LogOutputStream:75 - [STDERR_REDIRECT] 
2026-01-19 11:04:49,852 [ERROR] LogOutputStream:75 - [STDERR_REDIRECT] [Fatal Error] :1:1: Premature end of file.
2026-01-19 11:04:49,853 [ERROR] LogOutputStream:75 - [STDERR_REDIRECT] 
2026-01-19 11:04:50,840 [ERROR] LogOutputStream:75 - [STDERR_REDIRECT] [Fatal Error] :1:1: Premature end of file.
2026-01-19 11:04:50,840 [ERROR] LogOutputStream:75 - [STDERR_REDIRECT] 
2026-01-19 11:04:51,858 [ERROR] LogOutputStream:75 - [STDERR_REDIRECT] [Fatal Error] :1:1: Premature end of file.
2026-01-19 11:04:51,859 [ERROR] LogOutputStream:75 - [STDERR_REDIRECT] 
2026-01-19 11:04:52,843 [ERROR] LogOutputStream:75 - [STDERR_REDIRECT] [Fatal Error] :1:1: Premature end of file.
2026-01-19 11:04:52,843 [ERROR] LogOutputStream:75 - [STDERR_REDIRECT] 
2026-01-19 11:04:53,857 [ERROR] LogOutputStream:75 - [STDERR_REDIRECT] [Fatal Error] :1:1: Premature end of file.
2026-01-19 11:04:53,857 [ERROR] LogOutputStream:75 - [STDERR_REDIRECT] 
2026-01-19 11:04:54,870 [ERROR] LogOutputStream:75 - [STDERR_REDIRECT] [Fatal Error] :1:1: Premature end of file.
2026-01-19 11:04:54,871 [ERROR] LogOutputStream:75 - [STDERR_REDIRECT] 
2026-01-19 11:04:55,869 [ERROR] LogOutputStream:75 - [STDERR_REDIRECT] [Fatal Error] :1:1: Premature end of file.
2026-01-19 11:04:55,870 [ERROR] LogOutputStream:75 - [STDERR_REDIRECT] 
2026-01-19 11:04:56,865 [ERROR] LogOutputStream:75 - [STDERR_REDIRECT] [Fatal Error] :1:1: Premature end of file.
2026-01-19 11:04:56,866 [ERROR] LogOutputStream:75 - [STDERR_REDIRECT] 
2026-01-19 11:04:57,848 [ERROR] LogOutputStream:75 - [STDERR_REDIRECT] [Fatal Error] :1:1: Premature end of file.
2026-01-19 11:04:57,848 [ERROR] LogOutputStream:75 - [STDERR_REDIRECT] 
2026-01-19 11:04:58,846 [ERROR] LogOutputStream:75 - [STDERR_REDIRECT] [Fatal Error] :1:1: Premature end of file.
2026-01-19 11:04:58,846 [ERROR] LogOutputStream:75 - [STDERR_REDIRECT] 
2026-01-19 11:04:59,851 [ERROR] LogOutputStream:75 - [STDERR_REDIRECT] [Fatal Error] :1:1: Premature end of file.
2026-01-19 11:04:59,851 [ERROR] LogOutputStream:75 - [STDERR_REDIRECT] 
2026-01-19 11:05:00,855 [ERROR] LogOutputStream:75 - [STDERR_REDIRECT] [Fatal Error] :1:1: Premature end of file.
2026-01-19 11:05:00,855 [ERROR] LogOutputStream:75 - [STDERR_REDIRECT] 
2026-01-19 11:05:01,845 [ERROR] LogOutputStream:75 - [STDERR_REDIRECT] [Fatal Error] :1:1: Premature end of file.
2026-01-19 11:05:01,846 [ERROR] LogOutputStream:75 - [STDERR_REDIRECT] 
2026-01-19 11:05:02,842 [ERROR] LogOutputStream:75 - [STDERR_REDIRECT] [Fatal Error] :1:1: Premature end of file.
2026-01-19 11:05:02,842 [ERROR] LogOutputStream:75 - [STDERR_REDIRECT] 
2026-01-19 11:05:03,842 [ERROR] LogOutputStream:75 - [STDERR_REDIRECT] [Fatal Error] :1:1: Premature end of file.
2026-01-19 11:05:03,843 [ERROR] LogOutputStream:75 - [STDERR_REDIRECT] 
2026-01-19 11:05:04,842 [ERROR] LogOutputStream:75 - [STDERR_REDIRECT] [Fatal Error] :1:1: Premature end of file.
2026-01-19 11:05:04,842 [ERROR] LogOutputStream:75 - [STDERR_REDIRECT] 
2026-01-19 11:05:05,853 [ERROR] LogOutputStream:75 - [STDERR_REDIRECT] [Fatal Error] :1:1: Premature end of file.
2026-01-19 11:05:05,853 [ERROR] LogOutputStream:75 - [STDERR_REDIRECT] 
2026-01-19 11:05:06,845 [ERROR] LogOutputStream:75 - [STDERR_REDIRECT] [Fatal Error] :1:1: Premature end of file.
2026-01-19 11:05:06,845 [ERROR] LogOutputStream:75 - [STDERR_REDIRECT] 
2026-01-19 11:05:07,842 [ERROR] LogOutputStream:75 - [STDERR_REDIRECT] [Fatal Error] :1:1: Premature end of file.
2026-01-19 11:05:07,842 [ERROR] LogOutputStream:75 - [STDERR_REDIRECT] 
2026-01-19 11:05:08,842 [ERROR] LogOutputStream:75 - [STDERR_REDIRECT] [Fatal Error] :1:1: Premature end of file.
2026-01-19 11:05:08,843 [ERROR] LogOutputStream:75 - [STDERR_REDIRECT] 
2026-01-19 11:05:09,843 [ERROR] LogOutputStream:75 - [STDERR_REDIRECT] [Fatal Error] :1:1: Premature end of file.
2026-01-19 11:05:09,843 [ERROR] LogOutputStream:75 - [STDERR_REDIRECT] 
2026-01-19 11:05:10,840 [ERROR] LogOutputStream:75 - [STDERR_REDIRECT] [Fatal Error] :1:1: Premature end of file.
2026-01-19 11:05:10,841 [ERROR] LogOutputStream:75 - [STDERR_REDIRECT] 
2026-01-19 11:05:11,839 [ERROR] LogOutputStream:75 - [STDERR_REDIRECT] [Fatal Error] :1:1: Premature end of file.
2026-01-19 11:05:11,839 [ERROR] LogOutputStream:75 - [STDERR_REDIRECT] 
2026-01-19 11:05:12,838 [ERROR] LogOutputStream:75 - [STDERR_REDIRECT] [Fatal Error] :1:1: Premature end of file.
2026-01-19 11:05:12,838 [ERROR] LogOutputStream:75 - [STDERR_REDIRECT] 
2026-01-19 11:05:13,845 [ERROR] LogOutputStream:75 - [STDERR_REDIRECT] [Fatal Error] :1:1: Premature end of file.
2026-01-19 11:05:13,845 [ERROR] LogOutputStream:75 - [STDERR_REDIRECT] 
2026-01-19 11:05:14,847 [ERROR] LogOutputStream:75 - [STDERR_REDIRECT] [Fatal Error] :1:1: Premature end of file.
2026-01-19 11:05:14,847 [ERROR] LogOutputStream:75 - [STDERR_REDIRECT] 
2026-01-19 11:05:15,848 [ERROR] LogOutputStream:75 - [STDERR_REDIRECT] [Fatal Error] :1:1: Premature end of file.
2026-01-19 11:05:15,848 [ERROR] LogOutputStream:75 - [STDERR_REDIRECT] 
2026-01-19 11:05:16,839 [ERROR] LogOutputStream:75 - [STDERR_REDIRECT] [Fatal Error] :1:1: Premature end of file.
2026-01-19 11:05:16,839 [ERROR] LogOutputStream:75 - [STDERR_REDIRECT] 
2026-01-19 11:05:17,848 [ERROR] LogOutputStream:75 - [STDERR_REDIRECT] [Fatal Error] :1:1: Premature end of file.
2026-01-19 11:05:17,849 [ERROR] LogOutputStream:75 - [STDERR_REDIRECT] 
2026-01-19 11:05:18,841 [ERROR] LogOutputStream:75 - [STDERR_REDIRECT] [Fatal Error] :1:1: Premature end of file.
2026-01-19 11:05:18,842 [ERROR] LogOutputStream:75 - [STDERR_REDIRECT] 
2026-01-19 11:05:19,838 [ERROR] LogOutputStream:75 - [STDERR_REDIRECT] [Fatal Error] :1:1: Premature end of file.
2026-01-19 11:05:19,838 [ERROR] LogOutputStream:75 - [STDERR_REDIRECT] 
2026-01-19 11:05:20,840 [ERROR] LogOutputStream:75 - [STDERR_REDIRECT] [Fatal Error] :1:1: Premature end of file.
2026-01-19 11:05:20,840 [ERROR] LogOutputStream:75 - [STDERR_REDIRECT] 
2026-01-19 11:05:21,842 [ERROR] LogOutputStream:75 - [STDERR_REDIRECT] [Fatal Error] :1:1: Premature end of file.
2026-01-19 11:05:21,843 [ERROR] LogOutputStream:75 - [STDERR_REDIRECT] 
2026-01-19 11:05:22,842 [ERROR] LogOutputStream:75 - [STDERR_REDIRECT] [Fatal Error] :1:1: Premature end of file.
2026-01-19 11:05:22,842 [ERROR] LogOutputStream:75 - [STDERR_REDIRECT] 
2026-01-19 11:05:23,843 [ERROR] LogOutputStream:75 - [STDERR_REDIRECT] [Fatal Error] :1:1: Premature end of file.
2026-01-19 11:05:23,843 [ERROR] LogOutputStream:75 - [STDERR_REDIRECT] 
2026-01-19 11:05:24,849 [ERROR] LogOutputStream:75 - [STDERR_REDIRECT] [Fatal Error] :1:1: Premature end of file.
2026-01-19 11:05:24,850 [ERROR] LogOutputStream:75 - [STDERR_REDIRECT] 
2026-01-19 11:05:25,852 [ERROR] LogOutputStream:75 - [STDERR_REDIRECT] [Fatal Error] :1:1: Premature end of file.
2026-01-19 11:05:25,852 [ERROR] LogOutputStream:75 - [STDERR_REDIRECT] 
2026-01-19 11:05:26,844 [ERROR] LogOutputStream:75 - [STDERR_REDIRECT] [Fatal Error] :1:1: Premature end of file.
2026-01-19 11:05:26,844 [ERROR] LogOutputStream:75 - [STDERR_REDIRECT] 
2026-01-19 11:05:27,851 [ERROR] LogOutputStream:75 - [STDERR_REDIRECT] [Fatal Error] :1:1: Premature end of file.
2026-01-19 11:05:27,851 [ERROR] LogOutputStream:75 - [STDERR_REDIRECT] 
2026-01-19 11:05:28,858 [ERROR] LogOutputStream:75 - [STDERR_REDIRECT] [Fatal Error] :1:1: Premature end of file.
2026-01-19 11:05:28,858 [ERROR] LogOutputStream:75 - [STDERR_REDIRECT] 
2026-01-19 11:05:29,850 [ERROR] LogOutputStream:75 - [STDERR_REDIRECT] [Fatal Error] :1:1: Premature end of file.
2026-01-19 11:05:29,851 [ERROR] LogOutputStream:75 - [STDERR_REDIRECT] 
2026-01-19 11:05:30,873 [ERROR] LogOutputStream:75 - [STDERR_REDIRECT] [Fatal Error] :1:1: Premature end of file.
2026-01-19 11:05:30,875 [ERROR] LogOutputStream:75 - [STDERR_REDIRECT] 
2026-01-19 11:05:31,857 [ERROR] LogOutputStream:75 - [STDERR_REDIRECT] [Fatal Error] :1:1: Premature end of file.
2026-01-19 11:05:31,858 [ERROR] LogOutputStream:75 - [STDERR_REDIRECT] 
2026-01-19 11:05:32,856 [ERROR] LogOutputStream:75 - [STDERR_REDIRECT] [Fatal Error] :1:1: Premature end of file.
2026-01-19 11:05:32,857 [ERROR] LogOutputStream:75 - [STDERR_REDIRECT] 
2026-01-19 11:05:33,857 [ERROR] LogOutputStream:75 - [STDERR_REDIRECT] [Fatal Error] :1:1: Premature end of file.
2026-01-19 11:05:33,857 [ERROR] LogOutputStream:75 - [STDERR_REDIRECT] 
2026-01-19 11:05:34,844 [ERROR] LogOutputStream:75 - [STDERR_REDIRECT] [Fatal Error] :1:1: Premature end of file.
2026-01-19 11:05:34,846 [ERROR] LogOutputStream:75 - [STDERR_REDIRECT] 
2026-01-19 11:05:35,869 [ERROR] LogOutputStream:75 - [STDERR_REDIRECT] [Fatal Error] :1:1: Premature end of file.
2026-01-19 11:05:35,870 [ERROR] LogOutputStream:75 - [STDERR_REDIRECT] 
2026-01-19 11:05:36,855 [ERROR] LogOutputStream:75 - [STDERR_REDIRECT] [Fatal Error] :1:1: Premature end of file.
2026-01-19 11:05:36,855 [ERROR] LogOutputStream:75 - [STDERR_REDIRECT] 
2026-01-19 11:05:37,862 [ERROR] LogOutputStream:75 - [STDERR_REDIRECT] [Fatal Error] :1:1: Premature end of file.
2026-01-19 11:05:37,863 [ERROR] LogOutputStream:75 - [STDERR_REDIRECT] 
2026-01-19 11:05:38,858 [ERROR] LogOutputStream:75 - [STDERR_REDIRECT] [Fatal Error] :1:1: Premature end of file.
2026-01-19 11:05:38,859 [ERROR] LogOutputStream:75 - [STDERR_REDIRECT] 
2026-01-19 11:05:39,854 [ERROR] LogOutputStream:75 - [STDERR_REDIRECT] [Fatal Error] :1:1: Premature end of file.
2026-01-19 11:05:39,854 [ERROR] LogOutputStream:75 - [STDERR_REDIRECT] 
2026-01-19 11:05:40,860 [ERROR] LogOutputStream:75 - [STDERR_REDIRECT] [Fatal Error] :1:1: Premature end of file.
2026-01-19 11:05:40,861 [ERROR] LogOutputStream:75 - [STDERR_REDIRECT] 
2026-01-19 11:05:41,847 [ERROR] LogOutputStream:75 - [STDERR_REDIRECT] [Fatal Error] :1:1: Premature end of file.
2026-01-19 11:05:41,847 [ERROR] LogOutputStream:75 - [STDERR_REDIRECT] 
2026-01-19 11:05:42,842 [ERROR] LogOutputStream:75 - [STDERR_REDIRECT] [Fatal Error] :1:1: Premature end of file.
2026-01-19 11:05:42,842 [ERROR] LogOutputStream:75 - [STDERR_REDIRECT] 
2026-01-19 11:05:43,843 [ERROR] LogOutputStream:75 - [STDERR_REDIRECT] [Fatal Error] :1:1: Premature end of file.
2026-01-19 11:05:43,843 [ERROR] LogOutputStream:75 - [STDERR_REDIRECT] 
2026-01-19 11:05:44,839 [ERROR] LogOutputStream:75 - [STDERR_REDIRECT] [Fatal Error] :1:1: Premature end of file.
2026-01-19 11:05:44,839 [ERROR] LogOutputStream:75 - [STDERR_REDIRECT] 
2026-01-19 11:05:45,862 [ERROR] LogOutputStream:75 - [STDERR_REDIRECT] [Fatal Error] :1:1: Premature end of file.
2026-01-19 11:05:45,862 [ERROR] LogOutputStream:75 - [STDERR_REDIRECT] 
2026-01-19 11:05:46,657 [ERROR] LogOutputStream:75 - [STDERR_REDIRECT] 
2026-01-19 11:05:46,660 [ERROR] LogOutputStream:75 - [STDERR_REDIRECT] 
