2025-12-26 10:33:24,925 [INFO] Activator:176 - 


2025-12-26 10:33:24,927 [INFO] Activator:177 - !SESSION log4j initialized
2025-12-26 10:33:27,442 [INFO] LogOutputStream:77 - [STDOUT_REDIRECT] 
2025-12-26 10:33:29,268 [INFO] ApplicationProperties:184 - Using Application install path: C:\ST\STM32CubeIDE_1.18.1\STM32CubeIDE\plugins\com.st.stm32cube.common.mx_6.14.1.202504091515
2025-12-26 10:33:29,282 [INFO] DbMcusXml:78 - Set database path to: C:\ST\STM32CubeIDE_1.18.1\STM32CubeIDE\plugins\com.st.stm32cube.common.mx_6.14.1.202504091515\\db\/mcu/
2025-12-26 10:33:29,283 [INFO] ApiDb:274 - Set plugin database path to: C:\ST\STM32CubeIDE_1.18.1\STM32CubeIDE\plugins\com.st.stm32cube.common.mx_6.14.1.202504091515\\db\/plugins/boardmanager/
2025-12-26 10:33:29,288 [WARN] ApiDb:259 - Overriding images path with different value:  => C:\ST\STM32CubeIDE_1.18.1\STM32CubeIDE\plugins\com.st.stm32cube.common.mx_6.14.1.202504091515\\db\/plugins/mcufinder/images/
2025-12-26 10:33:29,292 [INFO] ApiDb:250 - Set database path to: C:\Users\NIVYA\.stmcufinder\plugins\mcufinder//mcu/
2025-12-26 10:33:29,293 [INFO] DbMcusAds:125 - Set database path to: C:\Users\NIVYA\.stmcufinder\plugins\mcufinder//mcu/
2025-12-26 10:33:29,295 [INFO] CrossReferenceDbSqlite:203 - Set database path to: C:\Users\NIVYA\.stmcufinder\plugins\mcufinder//mcu/cs/
2025-12-26 10:33:29,396 [INFO] RulesReader:64 - Compatibility file has been processed (302 Rules)
2025-12-26 10:33:29,487 [INFO] DbMcusXml:78 - Set database path to: C:\ST\STM32CubeIDE_1.18.1\STM32CubeIDE\plugins\com.st.stm32cube.common.mx_6.14.1.202504091515\\db\/mcu/
2025-12-26 10:33:29,488 [INFO] ApiDb:274 - Set plugin database path to: C:\ST\STM32CubeIDE_1.18.1\STM32CubeIDE\plugins\com.st.stm32cube.common.mx_6.14.1.202504091515\\db\/plugins/boardmanager/
2025-12-26 10:33:29,488 [INFO] ApiDb:261 - Set plugin images path to: C:\ST\STM32CubeIDE_1.18.1\STM32CubeIDE\plugins\com.st.stm32cube.common.mx_6.14.1.202504091515\\db\/plugins/mcufinder/images/
2025-12-26 10:33:29,488 [WARN] DbFile:41 - Overriding database path with different value: C:\Users\NIVYA\.stmcufinder\plugins\mcufinder/ => C:\Users\NIVYA\.stmcufinder\plugins\mcufinder
2025-12-26 10:33:29,488 [INFO] ApiDb:250 - Set database path to: C:\Users\NIVYA\.stmcufinder\plugins\mcufinder//mcu/
2025-12-26 10:33:29,488 [WARN] DbFile:41 - Overriding database path with different value: C:\Users\NIVYA\.stmcufinder\plugins\mcufinder/ => C:\Users\NIVYA\.stmcufinder\plugins\mcufinder
2025-12-26 10:33:29,488 [INFO] DbMcusAds:125 - Set database path to: C:\Users\NIVYA\.stmcufinder\plugins\mcufinder//mcu/
2025-12-26 10:33:29,489 [WARN] DbFile:41 - Overriding database path with different value: C:\Users\NIVYA\.stmcufinder\plugins\mcufinder/ => C:\Users\NIVYA\.stmcufinder\plugins\mcufinder
2025-12-26 10:33:29,489 [WARN] DbFile:41 - Overriding database path with different value: C:\Users\NIVYA\.stmcufinder\plugins\mcufinder/ => C:\Users\NIVYA\.stmcufinder\plugins\mcufinder
2025-12-26 10:33:29,489 [INFO] CrossReferenceDbSqlite:203 - Set database path to: C:\Users\NIVYA\.stmcufinder\plugins\mcufinder//mcu/cs/
2025-12-26 10:33:29,561 [INFO] MainPanel:272 - HeapMemory: 268435456
2025-12-26 10:33:29,632 [INFO] DbMcusXml:78 - Set database path to: C:\ST\STM32CubeIDE_1.18.1\STM32CubeIDE\plugins\com.st.stm32cube.common.mx_6.14.1.202504091515\\db\/mcu/
2025-12-26 10:33:29,632 [INFO] ApiDb:274 - Set plugin database path to: C:\ST\STM32CubeIDE_1.18.1\STM32CubeIDE\plugins\com.st.stm32cube.common.mx_6.14.1.202504091515\\db\/plugins/boardmanager/
2025-12-26 10:33:29,632 [INFO] ApiDb:261 - Set plugin images path to: C:\ST\STM32CubeIDE_1.18.1\STM32CubeIDE\plugins\com.st.stm32cube.common.mx_6.14.1.202504091515\\db\/plugins/mcufinder/images/
2025-12-26 10:33:29,632 [WARN] DbFile:41 - Overriding database path with different value: C:\Users\NIVYA\.stmcufinder\plugins\mcufinder/ => C:\Users\NIVYA\.stmcufinder\plugins\mcufinder
2025-12-26 10:33:29,633 [INFO] ApiDb:250 - Set database path to: C:\Users\NIVYA\.stmcufinder\plugins\mcufinder//mcu/
2025-12-26 10:33:29,633 [WARN] DbFile:41 - Overriding database path with different value: C:\Users\NIVYA\.stmcufinder\plugins\mcufinder/ => C:\Users\NIVYA\.stmcufinder\plugins\mcufinder
2025-12-26 10:33:29,633 [INFO] DbMcusAds:125 - Set database path to: C:\Users\NIVYA\.stmcufinder\plugins\mcufinder//mcu/
2025-12-26 10:33:29,633 [WARN] DbFile:41 - Overriding database path with different value: C:\Users\NIVYA\.stmcufinder\plugins\mcufinder/ => C:\Users\NIVYA\.stmcufinder\plugins\mcufinder
2025-12-26 10:33:29,633 [WARN] DbFile:41 - Overriding database path with different value: C:\Users\NIVYA\.stmcufinder\plugins\mcufinder/ => C:\Users\NIVYA\.stmcufinder\plugins\mcufinder
2025-12-26 10:33:29,633 [INFO] CrossReferenceDbSqlite:203 - Set database path to: C:\Users\NIVYA\.stmcufinder\plugins\mcufinder//mcu/cs/
2025-12-26 10:33:29,650 [INFO] ApplicationProperties:184 - Using Application install path: C:\ST\STM32CubeIDE_1.18.1\STM32CubeIDE\plugins\com.st.stm32cube.common.mx_6.14.1.202504091515
2025-12-26 10:33:29,651 [INFO] PluginManage:196 - Search for loadable plugins [exclusion list=, ]
2025-12-26 10:33:29,653 [INFO] PluginManage:310 - Check plugin analytics
2025-12-26 10:33:29,839 [INFO] AnalyticsPlugin:253 - Accepted Software Licenses: STM32CubeMX.6.16.0,STM32CubeMX.6.14.1
2025-12-26 10:33:29,839 [INFO] AnalyticsPlugin:255 - Accepted CMSIS Pack Licenses: 
2025-12-26 10:33:29,839 [INFO] AnalyticsPlugin:257 - Accepted Firmware Licenses: FW.F4.1.28.0
2025-12-26 10:33:29,845 [INFO] PluginManage:359 - Loaded plugin analytics (category:tool,tabindex:-1)
2025-12-26 10:33:29,846 [INFO] PluginManage:310 - Check plugin cadmodel
2025-12-26 10:33:29,852 [INFO] CADModel:105 - Init CAD model plugin
2025-12-26 10:33:29,853 [INFO] PluginManage:359 - Loaded plugin cadmodel (category:power,tabindex:5)
2025-12-26 10:33:29,853 [INFO] PluginManage:310 - Check plugin clock
2025-12-26 10:33:29,872 [INFO] PluginManage:359 - Loaded plugin clock (category:base,tabindex:2)
2025-12-26 10:33:29,872 [INFO] PluginManage:310 - Check plugin ddr
2025-12-26 10:33:29,879 [INFO] PluginManage:359 - Loaded plugin ddr (category:tool,tabindex:6)
2025-12-26 10:33:29,879 [INFO] PluginManage:310 - Check plugin filemanager
2025-12-26 10:33:30,117 [INFO] PluginManage:359 - Loaded plugin filemanager (category:base,tabindex:10)
2025-12-26 10:33:30,117 [INFO] PluginManage:310 - Check plugin ipmanager
2025-12-26 10:33:30,126 [INFO] PluginManage:359 - Loaded plugin ipmanager (category:base,tabindex:5)
2025-12-26 10:33:30,126 [INFO] PluginManage:310 - Check plugin lpbam
2025-12-26 10:33:30,134 [INFO] PluginManage:359 - Loaded plugin lpbam (category:base,tabindex:0)
2025-12-26 10:33:30,135 [INFO] PluginManage:310 - Check plugin memorymap
2025-12-26 10:33:30,146 [INFO] PluginManage:359 - Loaded plugin memorymap (category:base,tabindex:4)
2025-12-26 10:33:30,146 [INFO] PluginManage:310 - Check plugin pinoutandconfiguration
2025-12-26 10:33:30,152 [INFO] PluginManage:359 - Loaded plugin pinoutandconfiguration (category:base,tabindex:1)
2025-12-26 10:33:30,152 [INFO] PluginManage:310 - Check plugin pinoutconfig
2025-12-26 10:33:30,233 [WARN] SupportedApi:132 - Cannot load RTOS API schema: s4s-elt-must-match.1: The content of 'definitions' must match (annotation?, (simpleType | complexType)?, (unique | key | keyref)*)). A problem was found starting at: attribute.
2025-12-26 10:33:30,323 [INFO] PluginManage:359 - Loaded plugin pinoutconfig (category:base,tabindex:0)
2025-12-26 10:33:30,323 [INFO] PluginManage:310 - Check plugin power
2025-12-26 10:33:30,330 [INFO] PluginManage:359 - Loaded plugin power (category:power,tabindex:4)
2025-12-26 10:33:30,330 [INFO] PluginManage:310 - Check plugin projectmanager
2025-12-26 10:33:30,343 [INFO] PluginManage:359 - Loaded plugin projectmanager (category:projectmanager,tabindex:4)
2025-12-26 10:33:30,343 [INFO] PluginManage:310 - Check plugin rif
2025-12-26 10:33:30,348 [INFO] PluginManage:359 - Loaded plugin rif (category:base,tabindex:3)
2025-12-26 10:33:30,348 [INFO] PluginManage:310 - Check plugin thirdparty
2025-12-26 10:33:30,464 [INFO] PluginManage:359 - Loaded plugin thirdparty (category:base,tabindex:-1)
2025-12-26 10:33:30,464 [WARN] IntegrityCheckThread:84 - waiting for thirdparty lock release [integrity check]
2025-12-26 10:33:30,464 [INFO] PluginManage:310 - Check plugin tools
2025-12-26 10:33:30,464 [INFO] IntegrityCheckThread:86 - entering critical section [integrity check]
2025-12-26 10:33:30,464 [INFO] ThirdPartyUpdaterWithRetryManager:70 - Updater plugin not ready yet. [1/15]
2025-12-26 10:33:30,467 [INFO] PluginManage:359 - Loaded plugin tools (category:base,tabindex:7)
2025-12-26 10:33:30,467 [INFO] PluginManage:310 - Check plugin tutovideos
2025-12-26 10:33:30,616 [INFO] PluginManage:359 - Loaded plugin tutovideos (category:base,tabindex:-1)
2025-12-26 10:33:30,616 [INFO] PluginManage:310 - Check plugin updater
2025-12-26 10:33:30,639 [INFO] PluginManage:359 - Loaded plugin updater (category:base,tabindex:12)
2025-12-26 10:33:30,639 [INFO] PluginManage:310 - Check plugin userauth
2025-12-26 10:33:30,642 [INFO] UserAuth:118 - Init User Auth plugin
2025-12-26 10:33:30,642 [INFO] PluginManage:359 - Loaded plugin userauth (category:base,tabindex:14)
2025-12-26 10:33:30,642 [INFO] PluginManage:283 - PluginManage : Loaded plugins [18]
2025-12-26 10:33:30,811 [INFO] PinOutPanel:1589 - setPackage(No Configuration,No Configuration)
2025-12-26 10:33:30,917 [INFO] CADModel:165 - CPN selected for project level
2025-12-26 10:33:30,917 [INFO] CADModel:114 - Register for checkConnection events
2025-12-26 10:33:30,932 [INFO] IPUIPlugin:80 - create IPUIPlugin
2025-12-26 10:33:30,933 [INFO] PluginManager:220 - loadIPPluginJar : add adc
2025-12-26 10:33:30,935 [INFO] IPUIPlugin:80 - create IPUIPlugin
2025-12-26 10:33:30,935 [INFO] PluginManager:220 - loadIPPluginJar : add aes
2025-12-26 10:33:30,937 [INFO] IPUIPlugin:80 - create IPUIPlugin
2025-12-26 10:33:30,937 [INFO] PluginManager:220 - loadIPPluginJar : add can
2025-12-26 10:33:30,939 [INFO] IPUIPlugin:80 - create IPUIPlugin
2025-12-26 10:33:30,939 [INFO] PluginManager:220 - loadIPPluginJar : add comp
2025-12-26 10:33:30,940 [INFO] IPUIPlugin:80 - create IPUIPlugin
2025-12-26 10:33:30,941 [INFO] PluginManager:220 - loadIPPluginJar : add cryp
2025-12-26 10:33:30,942 [INFO] IPUIPlugin:80 - create IPUIPlugin
2025-12-26 10:33:30,942 [INFO] PluginManager:220 - loadIPPluginJar : add ddr_ctrl_phy
2025-12-26 10:33:30,944 [INFO] IPUIPlugin:80 - create IPUIPlugin
2025-12-26 10:33:30,944 [INFO] PluginManager:220 - loadIPPluginJar : add dfsdm
2025-12-26 10:33:30,948 [INFO] IPUIPlugin:80 - create IPUIPlugin
2025-12-26 10:33:30,948 [INFO] PluginManager:220 - loadIPPluginJar : add dma
2025-12-26 10:33:30,951 [INFO] IPUIPlugin:80 - create IPUIPlugin
2025-12-26 10:33:30,951 [INFO] PluginManager:220 - loadIPPluginJar : add dma3
2025-12-26 10:33:30,953 [INFO] IPUIPlugin:80 - create IPUIPlugin
2025-12-26 10:33:30,953 [INFO] PluginManager:220 - loadIPPluginJar : add extmemmanager
2025-12-26 10:33:30,954 [INFO] IPUIPlugin:80 - create IPUIPlugin
2025-12-26 10:33:30,954 [INFO] PluginManager:220 - loadIPPluginJar : add fatfs
2025-12-26 10:33:30,958 [INFO] IPUIPlugin:80 - create IPUIPlugin
2025-12-26 10:33:30,958 [INFO] PluginManager:220 - loadIPPluginJar : add fmc
2025-12-26 10:33:30,963 [INFO] IPUIPlugin:80 - create IPUIPlugin
2025-12-26 10:33:30,963 [INFO] PluginManager:220 - loadIPPluginJar : add freertos
2025-12-26 10:33:30,964 [INFO] IPUIPlugin:80 - create IPUIPlugin
2025-12-26 10:33:30,965 [INFO] PluginManager:220 - loadIPPluginJar : add genericplugin
2025-12-26 10:33:30,966 [INFO] IPUIPlugin:80 - create IPUIPlugin
2025-12-26 10:33:30,966 [INFO] PluginManager:220 - loadIPPluginJar : add gfxmmu
2025-12-26 10:33:30,970 [INFO] IPUIPlugin:80 - create IPUIPlugin
2025-12-26 10:33:30,971 [INFO] PluginManager:220 - loadIPPluginJar : add gic
2025-12-26 10:33:30,974 [INFO] IPUIPlugin:80 - create IPUIPlugin
2025-12-26 10:33:30,974 [INFO] PluginManager:220 - loadIPPluginJar : add gpio
2025-12-26 10:33:30,976 [INFO] IPUIPlugin:80 - create IPUIPlugin
2025-12-26 10:33:30,976 [INFO] PluginManager:220 - loadIPPluginJar : add gtzc
2025-12-26 10:33:30,978 [INFO] IPUIPlugin:80 - create IPUIPlugin
2025-12-26 10:33:30,978 [INFO] PluginManager:220 - loadIPPluginJar : add hash
2025-12-26 10:33:30,980 [INFO] IPUIPlugin:80 - create IPUIPlugin
2025-12-26 10:33:30,981 [INFO] PluginManager:220 - loadIPPluginJar : add i2c
2025-12-26 10:33:30,983 [INFO] IPUIPlugin:80 - create IPUIPlugin
2025-12-26 10:33:30,983 [INFO] PluginManager:220 - loadIPPluginJar : add i2s
2025-12-26 10:33:30,986 [INFO] IPUIPlugin:80 - create IPUIPlugin
2025-12-26 10:33:30,986 [INFO] PluginManager:220 - loadIPPluginJar : add i3c
2025-12-26 10:33:30,988 [INFO] IPUIPlugin:80 - create IPUIPlugin
2025-12-26 10:33:30,989 [INFO] PluginManager:220 - loadIPPluginJar : add ipddr
2025-12-26 10:33:30,993 [INFO] IPUIPlugin:80 - create IPUIPlugin
2025-12-26 10:33:30,993 [INFO] PluginManager:220 - loadIPPluginJar : add linkedlist
2025-12-26 10:33:30,996 [INFO] IPUIPlugin:80 - create IPUIPlugin
2025-12-26 10:33:30,996 [INFO] PluginManager:220 - loadIPPluginJar : add lorawan
2025-12-26 10:33:30,997 [INFO] IPUIPlugin:80 - create IPUIPlugin
2025-12-26 10:33:30,997 [INFO] PluginManager:220 - loadIPPluginJar : add ltdc
2025-12-26 10:33:31,001 [INFO] IPUIPlugin:80 - create IPUIPlugin
2025-12-26 10:33:31,001 [INFO] PluginManager:220 - loadIPPluginJar : add mdma
2025-12-26 10:33:31,004 [INFO] IPUIPlugin:80 - create IPUIPlugin
2025-12-26 10:33:31,004 [INFO] PluginManager:220 - loadIPPluginJar : add nvic
2025-12-26 10:33:31,007 [INFO] IPUIPlugin:80 - create IPUIPlugin
2025-12-26 10:33:31,007 [INFO] PluginManager:220 - loadIPPluginJar : add opamp
2025-12-26 10:33:31,010 [INFO] IPUIPlugin:80 - create IPUIPlugin
2025-12-26 10:33:31,010 [INFO] PluginManager:220 - loadIPPluginJar : add openamp
2025-12-26 10:33:31,013 [INFO] IPUIPlugin:80 - create IPUIPlugin
2025-12-26 10:33:31,013 [INFO] PluginManager:220 - loadIPPluginJar : add pdm2pcm
2025-12-26 10:33:31,017 [INFO] IPUIPlugin:80 - create IPUIPlugin
2025-12-26 10:33:31,020 [INFO] PluginManager:220 - loadIPPluginJar : add plateformsettings
2025-12-26 10:33:31,021 [INFO] IPUIPlugin:80 - create IPUIPlugin
2025-12-26 10:33:31,021 [INFO] PluginManager:220 - loadIPPluginJar : add quadspi
2025-12-26 10:33:31,023 [INFO] IPUIPlugin:80 - create IPUIPlugin
2025-12-26 10:33:31,024 [INFO] PluginManager:220 - loadIPPluginJar : add radio
2025-12-26 10:33:31,026 [INFO] IPUIPlugin:80 - create IPUIPlugin
2025-12-26 10:33:31,026 [INFO] PluginManager:220 - loadIPPluginJar : add resmgrutility
2025-12-26 10:33:31,028 [INFO] IPUIPlugin:80 - create IPUIPlugin
2025-12-26 10:33:31,028 [INFO] PluginManager:220 - loadIPPluginJar : add sai
2025-12-26 10:33:31,030 [INFO] IPUIPlugin:80 - create IPUIPlugin
2025-12-26 10:33:31,030 [INFO] PluginManager:220 - loadIPPluginJar : add spi
2025-12-26 10:33:31,036 [INFO] IPUIPlugin:80 - create IPUIPlugin
2025-12-26 10:33:31,036 [INFO] PluginManager:220 - loadIPPluginJar : add stm32_wpan
2025-12-26 10:33:31,037 [INFO] IPUIPlugin:80 - create IPUIPlugin
2025-12-26 10:33:31,037 [INFO] PluginManager:220 - loadIPPluginJar : add tim
2025-12-26 10:33:31,040 [INFO] IPUIPlugin:80 - create IPUIPlugin
2025-12-26 10:33:31,040 [INFO] PluginManager:220 - loadIPPluginJar : add touchsensing
2025-12-26 10:33:31,041 [INFO] IPUIPlugin:80 - create IPUIPlugin
2025-12-26 10:33:31,042 [INFO] PluginManager:220 - loadIPPluginJar : add tracer_emb
2025-12-26 10:33:31,043 [INFO] IPUIPlugin:80 - create IPUIPlugin
2025-12-26 10:33:31,043 [INFO] PluginManager:220 - loadIPPluginJar : add ts
2025-12-26 10:33:31,044 [INFO] IPUIPlugin:80 - create IPUIPlugin
2025-12-26 10:33:31,044 [INFO] PluginManager:220 - loadIPPluginJar : add tsc
2025-12-26 10:33:31,046 [INFO] IPUIPlugin:80 - create IPUIPlugin
2025-12-26 10:33:31,046 [INFO] PluginManager:220 - loadIPPluginJar : add ucpd
2025-12-26 10:33:31,048 [INFO] IPUIPlugin:80 - create IPUIPlugin
2025-12-26 10:33:31,048 [INFO] PluginManager:220 - loadIPPluginJar : add usart
2025-12-26 10:33:31,050 [INFO] IPUIPlugin:80 - create IPUIPlugin
2025-12-26 10:33:31,051 [INFO] PluginManager:220 - loadIPPluginJar : add usbx
2025-12-26 10:33:31,180 [FATAL] Updater:351 - Updater called before beeing initialized
2025-12-26 10:33:31,199 [INFO] RulesReader:64 - Compatibility file has been processed (302 Rules)
2025-12-26 10:33:31,208 [INFO] RulesReader:64 - Compatibility file has been processed (302 Rules)
2025-12-26 10:33:31,217 [INFO] CADModel:165 - CPN selected for project level
2025-12-26 10:33:31,218 [INFO] CADModel:114 - Register for checkConnection events
2025-12-26 10:33:31,218 [FATAL] Updater:351 - Updater called before beeing initialized
2025-12-26 10:33:31,218 [ERROR] CADModel:125 - Updater not yet initialized, retry later 
2025-12-26 10:33:31,375 [FATAL] Updater:351 - Updater called before beeing initialized
2025-12-26 10:33:31,376 [INFO] CADModel:165 - CPN selected for project level
2025-12-26 10:33:31,376 [INFO] CADModel:114 - Register for checkConnection events
2025-12-26 10:33:31,377 [FATAL] Updater:351 - Updater called before beeing initialized
2025-12-26 10:33:31,377 [ERROR] CADModel:125 - Updater not yet initialized, retry later 
2025-12-26 10:33:31,381 [FATAL] Updater:351 - Updater called before beeing initialized
2025-12-26 10:33:31,484 [FATAL] Updater:351 - Updater called before beeing initialized
2025-12-26 10:33:31,488 [INFO] DbMcusAds:53 - JSON generation date=Tue Dec 16 04:41:46 IST 2025 (1765840306612)
2025-12-26 10:33:31,489 [FATAL] Updater:351 - Updater called before beeing initialized
2025-12-26 10:33:31,519 [WARN] DetailPanel:346 - Failed to get advertising image, set to default
2025-12-26 10:33:31,759 [FATAL] Updater:351 - Updater called before beeing initialized
2025-12-26 10:33:31,761 [FATAL] Updater:351 - Updater called before beeing initialized
2025-12-26 10:33:31,761 [FATAL] Updater:351 - Updater called before beeing initialized
2025-12-26 10:33:31,761 [WARN] DetailPanel:346 - Failed to get advertising image, set to default
2025-12-26 10:33:31,762 [FATAL] Updater:351 - Updater called before beeing initialized
2025-12-26 10:33:31,806 [ERROR] Updater:1198 - MainUpdater not yet initialized. External WinMGr cannot be set.
2025-12-26 10:33:31,809 [INFO] Updater:1134 - Updater Version found : 6.14.1
2025-12-26 10:33:31,824 [INFO] ApplicationProperties:184 - Using Application install path: C:\ST\STM32CubeIDE_1.18.1\STM32CubeIDE\plugins\com.st.stm32cube.common.mx_6.14.1.202504091515
2025-12-26 10:33:33,404 [ERROR] LogOutputStream:75 - [STDERR_REDIRECT] Dec 26, 2025 10:33:33 AM java.util.prefs.WindowsPreferences <init>
2025-12-26 10:33:33,407 [ERROR] LogOutputStream:75 - [STDERR_REDIRECT] WARNING: Could not open/create prefs root node Software\JavaSoft\Prefs at root 0xffffffff80000002. Windows RegCreateKeyEx(...) returned error code 5.
2025-12-26 10:33:33,408 [ERROR] LogOutputStream:75 - [STDERR_REDIRECT] 
2025-12-26 10:33:33,465 [INFO] ThirdPartyUpdaterWithRetryManager:70 - Updater plugin not ready yet. [2/15]
2025-12-26 10:33:33,637 [ERROR] ExternalUserPreferencesManager:606 - Error while get path from external application: Cannot invoke "com.st.stm32cube.common.mx.MxActivator.getBundle()" because the return value of "com.st.stm32cube.common.mx.MxActivator.getDefault()" is null
2025-12-26 10:33:33,637 [ERROR] ExternalUserPreferencesManager:336 - Error while get preference info from external application: Cannot invoke "com.st.stm32cube.common.mx.MxActivator.getBundle()" because the return value of "com.st.stm32cube.common.mx.MxActivator.getDefault()" is null
2025-12-26 10:33:33,637 [ERROR] ExternalUserPreferencesManager:560 - Error while get preference info from external application: Cannot invoke "com.st.stm32cube.common.mx.MxActivator.getBundle()" because the return value of "com.st.stm32cube.common.mx.MxActivator.getDefault()" is null
2025-12-26 10:33:33,987 [ERROR] LogOutputStream:75 - [STDERR_REDIRECT] 
2025-12-26 10:33:46,882 [INFO] Activator:176 - 


2025-12-26 10:33:46,884 [INFO] Activator:177 - !SESSION log4j initialized
2025-12-26 10:33:49,863 [INFO] LogOutputStream:77 - [STDOUT_REDIRECT] 
2025-12-26 10:33:51,565 [INFO] ApplicationProperties:184 - Using Application install path: C:\ST\STM32CubeIDE_1.18.1\STM32CubeIDE\plugins\com.st.stm32cube.common.mx_6.14.1.202504091515
2025-12-26 10:33:51,583 [INFO] DbMcusXml:78 - Set database path to: C:\ST\STM32CubeIDE_1.18.1\STM32CubeIDE\plugins\com.st.stm32cube.common.mx_6.14.1.202504091515\\db\/mcu/
2025-12-26 10:33:51,583 [INFO] ApiDb:274 - Set plugin database path to: C:\ST\STM32CubeIDE_1.18.1\STM32CubeIDE\plugins\com.st.stm32cube.common.mx_6.14.1.202504091515\\db\/plugins/boardmanager/
2025-12-26 10:33:51,584 [WARN] ApiDb:259 - Overriding images path with different value:  => C:\ST\STM32CubeIDE_1.18.1\STM32CubeIDE\plugins\com.st.stm32cube.common.mx_6.14.1.202504091515\\db\/plugins/mcufinder/images/
2025-12-26 10:33:51,591 [INFO] ApiDb:250 - Set database path to: C:\Users\NIVYA\.stmcufinder\plugins\mcufinder//mcu/
2025-12-26 10:33:51,592 [INFO] DbMcusAds:125 - Set database path to: C:\Users\NIVYA\.stmcufinder\plugins\mcufinder//mcu/
2025-12-26 10:33:51,595 [INFO] CrossReferenceDbSqlite:203 - Set database path to: C:\Users\NIVYA\.stmcufinder\plugins\mcufinder//mcu/cs/
2025-12-26 10:33:51,700 [INFO] RulesReader:64 - Compatibility file has been processed (302 Rules)
2025-12-26 10:33:51,795 [INFO] DbMcusXml:78 - Set database path to: C:\ST\STM32CubeIDE_1.18.1\STM32CubeIDE\plugins\com.st.stm32cube.common.mx_6.14.1.202504091515\\db\/mcu/
2025-12-26 10:33:51,796 [INFO] ApiDb:274 - Set plugin database path to: C:\ST\STM32CubeIDE_1.18.1\STM32CubeIDE\plugins\com.st.stm32cube.common.mx_6.14.1.202504091515\\db\/plugins/boardmanager/
2025-12-26 10:33:51,796 [INFO] ApiDb:261 - Set plugin images path to: C:\ST\STM32CubeIDE_1.18.1\STM32CubeIDE\plugins\com.st.stm32cube.common.mx_6.14.1.202504091515\\db\/plugins/mcufinder/images/
2025-12-26 10:33:51,796 [WARN] DbFile:41 - Overriding database path with different value: C:\Users\NIVYA\.stmcufinder\plugins\mcufinder/ => C:\Users\NIVYA\.stmcufinder\plugins\mcufinder
2025-12-26 10:33:51,796 [INFO] ApiDb:250 - Set database path to: C:\Users\NIVYA\.stmcufinder\plugins\mcufinder//mcu/
2025-12-26 10:33:51,796 [WARN] DbFile:41 - Overriding database path with different value: C:\Users\NIVYA\.stmcufinder\plugins\mcufinder/ => C:\Users\NIVYA\.stmcufinder\plugins\mcufinder
2025-12-26 10:33:51,796 [INFO] DbMcusAds:125 - Set database path to: C:\Users\NIVYA\.stmcufinder\plugins\mcufinder//mcu/
2025-12-26 10:33:51,796 [WARN] DbFile:41 - Overriding database path with different value: C:\Users\NIVYA\.stmcufinder\plugins\mcufinder/ => C:\Users\NIVYA\.stmcufinder\plugins\mcufinder
2025-12-26 10:33:51,796 [WARN] DbFile:41 - Overriding database path with different value: C:\Users\NIVYA\.stmcufinder\plugins\mcufinder/ => C:\Users\NIVYA\.stmcufinder\plugins\mcufinder
2025-12-26 10:33:51,797 [INFO] CrossReferenceDbSqlite:203 - Set database path to: C:\Users\NIVYA\.stmcufinder\plugins\mcufinder//mcu/cs/
2025-12-26 10:33:51,871 [INFO] MainPanel:272 - HeapMemory: 268435456
2025-12-26 10:33:51,949 [INFO] DbMcusXml:78 - Set database path to: C:\ST\STM32CubeIDE_1.18.1\STM32CubeIDE\plugins\com.st.stm32cube.common.mx_6.14.1.202504091515\\db\/mcu/
2025-12-26 10:33:51,950 [INFO] ApiDb:274 - Set plugin database path to: C:\ST\STM32CubeIDE_1.18.1\STM32CubeIDE\plugins\com.st.stm32cube.common.mx_6.14.1.202504091515\\db\/plugins/boardmanager/
2025-12-26 10:33:51,950 [INFO] ApiDb:261 - Set plugin images path to: C:\ST\STM32CubeIDE_1.18.1\STM32CubeIDE\plugins\com.st.stm32cube.common.mx_6.14.1.202504091515\\db\/plugins/mcufinder/images/
2025-12-26 10:33:51,950 [WARN] DbFile:41 - Overriding database path with different value: C:\Users\NIVYA\.stmcufinder\plugins\mcufinder/ => C:\Users\NIVYA\.stmcufinder\plugins\mcufinder
2025-12-26 10:33:51,950 [INFO] ApiDb:250 - Set database path to: C:\Users\NIVYA\.stmcufinder\plugins\mcufinder//mcu/
2025-12-26 10:33:51,950 [WARN] DbFile:41 - Overriding database path with different value: C:\Users\NIVYA\.stmcufinder\plugins\mcufinder/ => C:\Users\NIVYA\.stmcufinder\plugins\mcufinder
2025-12-26 10:33:51,950 [INFO] DbMcusAds:125 - Set database path to: C:\Users\NIVYA\.stmcufinder\plugins\mcufinder//mcu/
2025-12-26 10:33:51,950 [WARN] DbFile:41 - Overriding database path with different value: C:\Users\NIVYA\.stmcufinder\plugins\mcufinder/ => C:\Users\NIVYA\.stmcufinder\plugins\mcufinder
2025-12-26 10:33:51,951 [WARN] DbFile:41 - Overriding database path with different value: C:\Users\NIVYA\.stmcufinder\plugins\mcufinder/ => C:\Users\NIVYA\.stmcufinder\plugins\mcufinder
2025-12-26 10:33:51,951 [INFO] CrossReferenceDbSqlite:203 - Set database path to: C:\Users\NIVYA\.stmcufinder\plugins\mcufinder//mcu/cs/
2025-12-26 10:33:51,969 [INFO] ApplicationProperties:184 - Using Application install path: C:\ST\STM32CubeIDE_1.18.1\STM32CubeIDE\plugins\com.st.stm32cube.common.mx_6.14.1.202504091515
2025-12-26 10:33:51,970 [INFO] PluginManage:196 - Search for loadable plugins [exclusion list=, ]
2025-12-26 10:33:51,971 [INFO] PluginManage:310 - Check plugin analytics
2025-12-26 10:33:52,199 [INFO] AnalyticsPlugin:253 - Accepted Software Licenses: STM32CubeMX.6.16.0,STM32CubeMX.6.14.1
2025-12-26 10:33:52,199 [INFO] AnalyticsPlugin:255 - Accepted CMSIS Pack Licenses: 
2025-12-26 10:33:52,200 [INFO] AnalyticsPlugin:257 - Accepted Firmware Licenses: FW.F4.1.28.0
2025-12-26 10:33:52,205 [INFO] PluginManage:359 - Loaded plugin analytics (category:tool,tabindex:-1)
2025-12-26 10:33:52,205 [INFO] PluginManage:310 - Check plugin cadmodel
2025-12-26 10:33:52,212 [INFO] CADModel:105 - Init CAD model plugin
2025-12-26 10:33:52,212 [INFO] PluginManage:359 - Loaded plugin cadmodel (category:power,tabindex:5)
2025-12-26 10:33:52,212 [INFO] PluginManage:310 - Check plugin clock
2025-12-26 10:33:52,237 [INFO] PluginManage:359 - Loaded plugin clock (category:base,tabindex:2)
2025-12-26 10:33:52,237 [INFO] PluginManage:310 - Check plugin ddr
2025-12-26 10:33:52,241 [INFO] PluginManage:359 - Loaded plugin ddr (category:tool,tabindex:6)
2025-12-26 10:33:52,241 [INFO] PluginManage:310 - Check plugin filemanager
2025-12-26 10:33:52,426 [INFO] PluginManage:359 - Loaded plugin filemanager (category:base,tabindex:10)
2025-12-26 10:33:52,426 [INFO] PluginManage:310 - Check plugin ipmanager
2025-12-26 10:33:52,434 [INFO] PluginManage:359 - Loaded plugin ipmanager (category:base,tabindex:5)
2025-12-26 10:33:52,434 [INFO] PluginManage:310 - Check plugin lpbam
2025-12-26 10:33:52,443 [INFO] PluginManage:359 - Loaded plugin lpbam (category:base,tabindex:0)
2025-12-26 10:33:52,443 [INFO] PluginManage:310 - Check plugin memorymap
2025-12-26 10:33:52,451 [INFO] PluginManage:359 - Loaded plugin memorymap (category:base,tabindex:4)
2025-12-26 10:33:52,451 [INFO] PluginManage:310 - Check plugin pinoutandconfiguration
2025-12-26 10:33:52,457 [INFO] PluginManage:359 - Loaded plugin pinoutandconfiguration (category:base,tabindex:1)
2025-12-26 10:33:52,457 [INFO] PluginManage:310 - Check plugin pinoutconfig
2025-12-26 10:33:52,554 [WARN] SupportedApi:132 - Cannot load RTOS API schema: s4s-elt-must-match.1: The content of 'definitions' must match (annotation?, (simpleType | complexType)?, (unique | key | keyref)*)). A problem was found starting at: attribute.
2025-12-26 10:33:52,674 [INFO] PluginManage:359 - Loaded plugin pinoutconfig (category:base,tabindex:0)
2025-12-26 10:33:52,675 [INFO] PluginManage:310 - Check plugin power
2025-12-26 10:33:52,682 [INFO] PluginManage:359 - Loaded plugin power (category:power,tabindex:4)
2025-12-26 10:33:52,682 [INFO] PluginManage:310 - Check plugin projectmanager
2025-12-26 10:33:52,698 [INFO] PluginManage:359 - Loaded plugin projectmanager (category:projectmanager,tabindex:4)
2025-12-26 10:33:52,698 [INFO] PluginManage:310 - Check plugin rif
2025-12-26 10:33:52,706 [INFO] PluginManage:359 - Loaded plugin rif (category:base,tabindex:3)
2025-12-26 10:33:52,706 [INFO] PluginManage:310 - Check plugin thirdparty
2025-12-26 10:33:52,841 [INFO] PluginManage:359 - Loaded plugin thirdparty (category:base,tabindex:-1)
2025-12-26 10:33:52,841 [WARN] IntegrityCheckThread:84 - waiting for thirdparty lock release [integrity check]
2025-12-26 10:33:52,841 [INFO] PluginManage:310 - Check plugin tools
2025-12-26 10:33:52,841 [INFO] IntegrityCheckThread:86 - entering critical section [integrity check]
2025-12-26 10:33:52,842 [INFO] ThirdPartyUpdaterWithRetryManager:70 - Updater plugin not ready yet. [1/15]
2025-12-26 10:33:52,845 [INFO] PluginManage:359 - Loaded plugin tools (category:base,tabindex:7)
2025-12-26 10:33:52,845 [INFO] PluginManage:310 - Check plugin tutovideos
2025-12-26 10:33:52,978 [INFO] PluginManage:359 - Loaded plugin tutovideos (category:base,tabindex:-1)
2025-12-26 10:33:52,978 [INFO] PluginManage:310 - Check plugin updater
2025-12-26 10:33:52,998 [INFO] PluginManage:359 - Loaded plugin updater (category:base,tabindex:12)
2025-12-26 10:33:52,998 [INFO] PluginManage:310 - Check plugin userauth
2025-12-26 10:33:53,001 [INFO] UserAuth:118 - Init User Auth plugin
2025-12-26 10:33:53,002 [INFO] PluginManage:359 - Loaded plugin userauth (category:base,tabindex:14)
2025-12-26 10:33:53,003 [INFO] PluginManage:283 - PluginManage : Loaded plugins [18]
2025-12-26 10:33:53,195 [INFO] PinOutPanel:1589 - setPackage(No Configuration,No Configuration)
2025-12-26 10:33:53,265 [INFO] CADModel:165 - CPN selected for project level
2025-12-26 10:33:53,265 [INFO] CADModel:114 - Register for checkConnection events
2025-12-26 10:33:53,279 [INFO] IPUIPlugin:80 - create IPUIPlugin
2025-12-26 10:33:53,279 [INFO] PluginManager:220 - loadIPPluginJar : add adc
2025-12-26 10:33:53,282 [INFO] IPUIPlugin:80 - create IPUIPlugin
2025-12-26 10:33:53,282 [INFO] PluginManager:220 - loadIPPluginJar : add aes
2025-12-26 10:33:53,285 [INFO] IPUIPlugin:80 - create IPUIPlugin
2025-12-26 10:33:53,285 [INFO] PluginManager:220 - loadIPPluginJar : add can
2025-12-26 10:33:53,286 [INFO] IPUIPlugin:80 - create IPUIPlugin
2025-12-26 10:33:53,286 [INFO] PluginManager:220 - loadIPPluginJar : add comp
2025-12-26 10:33:53,288 [INFO] IPUIPlugin:80 - create IPUIPlugin
2025-12-26 10:33:53,288 [INFO] PluginManager:220 - loadIPPluginJar : add cryp
2025-12-26 10:33:53,290 [INFO] IPUIPlugin:80 - create IPUIPlugin
2025-12-26 10:33:53,290 [INFO] PluginManager:220 - loadIPPluginJar : add ddr_ctrl_phy
2025-12-26 10:33:53,292 [INFO] IPUIPlugin:80 - create IPUIPlugin
2025-12-26 10:33:53,293 [INFO] PluginManager:220 - loadIPPluginJar : add dfsdm
2025-12-26 10:33:53,296 [INFO] IPUIPlugin:80 - create IPUIPlugin
2025-12-26 10:33:53,297 [INFO] PluginManager:220 - loadIPPluginJar : add dma
2025-12-26 10:33:53,298 [INFO] IPUIPlugin:80 - create IPUIPlugin
2025-12-26 10:33:53,299 [INFO] PluginManager:220 - loadIPPluginJar : add dma3
2025-12-26 10:33:53,301 [INFO] IPUIPlugin:80 - create IPUIPlugin
2025-12-26 10:33:53,301 [INFO] PluginManager:220 - loadIPPluginJar : add extmemmanager
2025-12-26 10:33:53,302 [INFO] IPUIPlugin:80 - create IPUIPlugin
2025-12-26 10:33:53,302 [INFO] PluginManager:220 - loadIPPluginJar : add fatfs
2025-12-26 10:33:53,305 [INFO] IPUIPlugin:80 - create IPUIPlugin
2025-12-26 10:33:53,306 [INFO] PluginManager:220 - loadIPPluginJar : add fmc
2025-12-26 10:33:53,309 [INFO] IPUIPlugin:80 - create IPUIPlugin
2025-12-26 10:33:53,309 [INFO] PluginManager:220 - loadIPPluginJar : add freertos
2025-12-26 10:33:53,311 [INFO] IPUIPlugin:80 - create IPUIPlugin
2025-12-26 10:33:53,311 [INFO] PluginManager:220 - loadIPPluginJar : add genericplugin
2025-12-26 10:33:53,312 [INFO] IPUIPlugin:80 - create IPUIPlugin
2025-12-26 10:33:53,312 [INFO] PluginManager:220 - loadIPPluginJar : add gfxmmu
2025-12-26 10:33:53,317 [INFO] IPUIPlugin:80 - create IPUIPlugin
2025-12-26 10:33:53,317 [INFO] PluginManager:220 - loadIPPluginJar : add gic
2025-12-26 10:33:53,320 [INFO] IPUIPlugin:80 - create IPUIPlugin
2025-12-26 10:33:53,320 [INFO] PluginManager:220 - loadIPPluginJar : add gpio
2025-12-26 10:33:53,322 [INFO] IPUIPlugin:80 - create IPUIPlugin
2025-12-26 10:33:53,322 [INFO] PluginManager:220 - loadIPPluginJar : add gtzc
2025-12-26 10:33:53,325 [INFO] IPUIPlugin:80 - create IPUIPlugin
2025-12-26 10:33:53,325 [INFO] PluginManager:220 - loadIPPluginJar : add hash
2025-12-26 10:33:53,327 [INFO] IPUIPlugin:80 - create IPUIPlugin
2025-12-26 10:33:53,327 [INFO] PluginManager:220 - loadIPPluginJar : add i2c
2025-12-26 10:33:53,329 [INFO] IPUIPlugin:80 - create IPUIPlugin
2025-12-26 10:33:53,330 [INFO] PluginManager:220 - loadIPPluginJar : add i2s
2025-12-26 10:33:53,332 [INFO] IPUIPlugin:80 - create IPUIPlugin
2025-12-26 10:33:53,332 [INFO] PluginManager:220 - loadIPPluginJar : add i3c
2025-12-26 10:33:53,336 [INFO] IPUIPlugin:80 - create IPUIPlugin
2025-12-26 10:33:53,336 [INFO] PluginManager:220 - loadIPPluginJar : add ipddr
2025-12-26 10:33:53,341 [INFO] IPUIPlugin:80 - create IPUIPlugin
2025-12-26 10:33:53,342 [INFO] PluginManager:220 - loadIPPluginJar : add linkedlist
2025-12-26 10:33:53,346 [INFO] IPUIPlugin:80 - create IPUIPlugin
2025-12-26 10:33:53,346 [INFO] PluginManager:220 - loadIPPluginJar : add lorawan
2025-12-26 10:33:53,348 [INFO] IPUIPlugin:80 - create IPUIPlugin
2025-12-26 10:33:53,348 [INFO] PluginManager:220 - loadIPPluginJar : add ltdc
2025-12-26 10:33:53,352 [INFO] IPUIPlugin:80 - create IPUIPlugin
2025-12-26 10:33:53,353 [INFO] PluginManager:220 - loadIPPluginJar : add mdma
2025-12-26 10:33:53,355 [INFO] IPUIPlugin:80 - create IPUIPlugin
2025-12-26 10:33:53,356 [INFO] PluginManager:220 - loadIPPluginJar : add nvic
2025-12-26 10:33:53,358 [INFO] IPUIPlugin:80 - create IPUIPlugin
2025-12-26 10:33:53,358 [INFO] PluginManager:220 - loadIPPluginJar : add opamp
2025-12-26 10:33:53,361 [INFO] IPUIPlugin:80 - create IPUIPlugin
2025-12-26 10:33:53,361 [INFO] PluginManager:220 - loadIPPluginJar : add openamp
2025-12-26 10:33:53,365 [INFO] IPUIPlugin:80 - create IPUIPlugin
2025-12-26 10:33:53,365 [INFO] PluginManager:220 - loadIPPluginJar : add pdm2pcm
2025-12-26 10:33:53,371 [INFO] IPUIPlugin:80 - create IPUIPlugin
2025-12-26 10:33:53,373 [INFO] PluginManager:220 - loadIPPluginJar : add plateformsettings
2025-12-26 10:33:53,375 [INFO] IPUIPlugin:80 - create IPUIPlugin
2025-12-26 10:33:53,375 [INFO] PluginManager:220 - loadIPPluginJar : add quadspi
2025-12-26 10:33:53,378 [INFO] IPUIPlugin:80 - create IPUIPlugin
2025-12-26 10:33:53,379 [INFO] PluginManager:220 - loadIPPluginJar : add radio
2025-12-26 10:33:53,381 [INFO] IPUIPlugin:80 - create IPUIPlugin
2025-12-26 10:33:53,381 [INFO] PluginManager:220 - loadIPPluginJar : add resmgrutility
2025-12-26 10:33:53,384 [INFO] IPUIPlugin:80 - create IPUIPlugin
2025-12-26 10:33:53,384 [INFO] PluginManager:220 - loadIPPluginJar : add sai
2025-12-26 10:33:53,386 [INFO] IPUIPlugin:80 - create IPUIPlugin
2025-12-26 10:33:53,386 [INFO] PluginManager:220 - loadIPPluginJar : add spi
2025-12-26 10:33:53,391 [INFO] IPUIPlugin:80 - create IPUIPlugin
2025-12-26 10:33:53,391 [INFO] PluginManager:220 - loadIPPluginJar : add stm32_wpan
2025-12-26 10:33:53,393 [INFO] IPUIPlugin:80 - create IPUIPlugin
2025-12-26 10:33:53,393 [INFO] PluginManager:220 - loadIPPluginJar : add tim
2025-12-26 10:33:53,396 [INFO] IPUIPlugin:80 - create IPUIPlugin
2025-12-26 10:33:53,396 [INFO] PluginManager:220 - loadIPPluginJar : add touchsensing
2025-12-26 10:33:53,398 [INFO] IPUIPlugin:80 - create IPUIPlugin
2025-12-26 10:33:53,398 [INFO] PluginManager:220 - loadIPPluginJar : add tracer_emb
2025-12-26 10:33:53,399 [INFO] IPUIPlugin:80 - create IPUIPlugin
2025-12-26 10:33:53,400 [INFO] PluginManager:220 - loadIPPluginJar : add ts
2025-12-26 10:33:53,401 [INFO] IPUIPlugin:80 - create IPUIPlugin
2025-12-26 10:33:53,401 [INFO] PluginManager:220 - loadIPPluginJar : add tsc
2025-12-26 10:33:53,403 [INFO] IPUIPlugin:80 - create IPUIPlugin
2025-12-26 10:33:53,404 [INFO] PluginManager:220 - loadIPPluginJar : add ucpd
2025-12-26 10:33:53,406 [INFO] IPUIPlugin:80 - create IPUIPlugin
2025-12-26 10:33:53,406 [INFO] PluginManager:220 - loadIPPluginJar : add usart
2025-12-26 10:33:53,409 [INFO] IPUIPlugin:80 - create IPUIPlugin
2025-12-26 10:33:53,409 [INFO] PluginManager:220 - loadIPPluginJar : add usbx
2025-12-26 10:33:53,545 [FATAL] Updater:351 - Updater called before beeing initialized
2025-12-26 10:33:53,564 [INFO] RulesReader:64 - Compatibility file has been processed (302 Rules)
2025-12-26 10:33:53,574 [INFO] RulesReader:64 - Compatibility file has been processed (302 Rules)
2025-12-26 10:33:53,583 [INFO] CADModel:165 - CPN selected for project level
2025-12-26 10:33:53,583 [INFO] CADModel:114 - Register for checkConnection events
2025-12-26 10:33:53,583 [FATAL] Updater:351 - Updater called before beeing initialized
2025-12-26 10:33:53,583 [ERROR] CADModel:125 - Updater not yet initialized, retry later 
2025-12-26 10:33:53,738 [FATAL] Updater:351 - Updater called before beeing initialized
2025-12-26 10:33:53,740 [INFO] CADModel:165 - CPN selected for project level
2025-12-26 10:33:53,740 [INFO] CADModel:114 - Register for checkConnection events
2025-12-26 10:33:53,740 [FATAL] Updater:351 - Updater called before beeing initialized
2025-12-26 10:33:53,741 [ERROR] CADModel:125 - Updater not yet initialized, retry later 
2025-12-26 10:33:53,744 [FATAL] Updater:351 - Updater called before beeing initialized
2025-12-26 10:33:53,860 [FATAL] Updater:351 - Updater called before beeing initialized
2025-12-26 10:33:53,864 [INFO] DbMcusAds:53 - JSON generation date=Tue Dec 16 04:41:46 IST 2025 (1765840306612)
2025-12-26 10:33:53,864 [FATAL] Updater:351 - Updater called before beeing initialized
2025-12-26 10:33:53,899 [WARN] DetailPanel:346 - Failed to get advertising image, set to default
2025-12-26 10:33:54,111 [FATAL] Updater:351 - Updater called before beeing initialized
2025-12-26 10:33:54,112 [FATAL] Updater:351 - Updater called before beeing initialized
2025-12-26 10:33:54,112 [FATAL] Updater:351 - Updater called before beeing initialized
2025-12-26 10:33:54,113 [WARN] DetailPanel:346 - Failed to get advertising image, set to default
2025-12-26 10:33:54,113 [FATAL] Updater:351 - Updater called before beeing initialized
2025-12-26 10:33:54,158 [ERROR] Updater:1198 - MainUpdater not yet initialized. External WinMGr cannot be set.
2025-12-26 10:33:54,159 [INFO] Updater:1134 - Updater Version found : 6.14.1
2025-12-26 10:33:54,173 [INFO] ApplicationProperties:184 - Using Application install path: C:\ST\STM32CubeIDE_1.18.1\STM32CubeIDE\plugins\com.st.stm32cube.common.mx_6.14.1.202504091515
2025-12-26 10:33:55,742 [ERROR] LogOutputStream:75 - [STDERR_REDIRECT] Dec 26, 2025 10:33:55 AM java.util.prefs.WindowsPreferences <init>
2025-12-26 10:33:55,743 [ERROR] LogOutputStream:75 - [STDERR_REDIRECT] WARNING: Could not open/create prefs root node Software\JavaSoft\Prefs at root 0xffffffff80000002. Windows RegCreateKeyEx(...) returned error code 5.
2025-12-26 10:33:55,743 [ERROR] LogOutputStream:75 - [STDERR_REDIRECT] 
2025-12-26 10:33:55,843 [INFO] ThirdPartyUpdaterWithRetryManager:70 - Updater plugin not ready yet. [2/15]
2025-12-26 10:33:56,132 [INFO] MainUpdater:2872 - connection check result : 10
2025-12-26 10:33:56,133 [INFO] MainUpdater:289 - Updater Check For Update Now.
2025-12-26 10:33:56,133 [INFO] MicroXplorer:498 - Change Database Version : DB.6.0.141
2025-12-26 10:33:56,139 [INFO] McuFinderGlobals:63 - Set McuFinder mode to 2 (CubeIDE integrated)
2025-12-26 10:33:56,139 [INFO] UserAuth:171 - activating auth plugin
2025-12-26 10:33:56,142 [INFO] UserAuth:484 - Internet connection configuration mode: 1
2025-12-26 10:33:56,171 [INFO] JxBrowserEngine:152 - Initiate JxBrowser Engine with user profile folder
2025-12-26 10:33:56,308 [INFO] CheckServerUpdateThread:120 - End of CheckServer Thread
2025-12-26 10:33:56,778 [INFO] WebApp:169 - Instantiating new browser for Auth
2025-12-26 10:33:57,440 [INFO] WebApp:463 - Apply proxy settings
2025-12-26 10:33:57,440 [INFO] WebApp:548 - Chromium requires no authentication
2025-12-26 10:33:57,448 [INFO] WebApp:491 - Direct internet connection detected
2025-12-26 10:33:57,468 [INFO] WebApp:894 - Register for checkConnection events
2025-12-26 10:33:57,469 [INFO] WebApp:463 - Apply proxy settings
2025-12-26 10:33:57,469 [INFO] WebApp:548 - Chromium requires no authentication
2025-12-26 10:33:57,469 [INFO] WebApp:491 - Direct internet connection detected
2025-12-26 10:33:57,615 [INFO] WebApp:225 - Starting web application
2025-12-26 10:33:57,616 [INFO] WebApp:593 - Web application path used C:\ST\STM32CubeIDE_1.18.1\STM32CubeIDE\plugins\com.st.stm32cube.common.mx_6.14.1.202504091515\db\plugins\mcufinder\reactClient1\index.html
2025-12-26 10:33:57,806 [ERROR] LogOutputStream:75 - [STDERR_REDIRECT] [Fatal Error] :1:1: Premature end of file.
2025-12-26 10:33:57,807 [ERROR] LogOutputStream:75 - [STDERR_REDIRECT] 
2025-12-26 10:33:57,851 [INFO] WebApp:191 - Connection restablished
2025-12-26 10:33:58,771 [ERROR] LogOutputStream:75 - [STDERR_REDIRECT] [Fatal Error] :1:1: Premature end of file.
2025-12-26 10:33:58,772 [ERROR] LogOutputStream:75 - [STDERR_REDIRECT] 
2025-12-26 10:33:59,085 [WARN] PackLoader:240 - Cannot read IP mode file for STMicroelectronics.FP-SNS-MOTENVWB1.1.4.0
2025-12-26 10:33:59,096 [WARN] PackLoader:240 - Cannot read IP mode file for STMicroelectronics.FP-ATR-ASTRA1.2.0.2
2025-12-26 10:33:59,109 [WARN] PackLoader:240 - Cannot read IP mode file for STMicroelectronics.X-CUBE-SMBUS.2.1.0
2025-12-26 10:33:59,147 [WARN] PackLoader:240 - Cannot read IP mode file for STMicroelectronics.X-CUBE-AZRTOS-F7.1.1.0
2025-12-26 10:33:59,155 [ERROR] Engine:466 - C:\Users\NIVYA\.stm32cubemx\thirdparties\pdsc\STMicroelectronics.FP-SNS-MOTENV1.5.1.0.pdsc: PDSC version is not supported
2025-12-26 10:33:59,162 [ERROR] Engine:466 - C:\Users\NIVYA\.stm32cubemx\thirdparties\pdsc\WES.I-CUBE-Cesium.1.4.0.pdsc: PDSC version is not supported
2025-12-26 10:33:59,203 [WARN] PackLoader:240 - Cannot read IP mode file for STMicroelectronics.X-CUBE-AZRTOS-H7.3.4.0
2025-12-26 10:33:59,229 [WARN] PackLoader:240 - Cannot read IP mode file for STMicroelectronics.X-CUBE-DISPLAY.3.0.0
2025-12-26 10:33:59,252 [WARN] PackLoader:240 - Cannot read IP mode file for STMicroelectronics.X-CUBE-NFC10.1.0.0
2025-12-26 10:33:59,265 [WARN] PackLoader:240 - Cannot read IP mode file for STMicroelectronics.X-CUBE-ST60.1.1.0
2025-12-26 10:33:59,276 [WARN] PackLoader:240 - Cannot read IP mode file for emotas.I-CUBE-CANOPEN.1.3.0
2025-12-26 10:33:59,289 [WARN] PackLoader:240 - Cannot read IP mode file for STMicroelectronics.X-CUBE-GNSS1.7.1.0
2025-12-26 10:33:59,299 [ERROR] Engine:466 - C:\Users\NIVYA\.stm32cubemx\thirdparties\pdsc\STMicroelectronics.FP-SNS-STBOX1.2.1.0.pdsc: PDSC version is not supported
2025-12-26 10:33:59,308 [WARN] PackLoader:240 - Cannot read IP mode file for STMicroelectronics.FP-SNS-SMARTAG2.1.2.0
2025-12-26 10:33:59,318 [WARN] PackLoader:240 - Cannot read IP mode file for STMicroelectronics.FP-SNS-FLIGHT1.5.1.0
2025-12-26 10:33:59,336 [INFO] LogOutputStream:77 - [STDOUT_REDIRECT] 1 : Invalid condition id : UX_CORESTACK_Condition cause : null
2025-12-26 10:33:59,337 [INFO] LogOutputStream:77 - [STDOUT_REDIRECT] 1 : Invalid condition id : UX_CORESTACK_Condition cause : null
2025-12-26 10:33:59,339 [INFO] LogOutputStream:77 - [STDOUT_REDIRECT] 1 : Invalid condition id : UX_CORESTACK_Condition cause : null
2025-12-26 10:33:59,341 [INFO] LogOutputStream:77 - [STDOUT_REDIRECT] 1 : Invalid condition id : UX_CORESTACK_Condition cause : null
2025-12-26 10:33:59,344 [INFO] LogOutputStream:77 - [STDOUT_REDIRECT] 1 : Invalid condition id : UX_CORESTACK_Condition cause : null
2025-12-26 10:33:59,350 [WARN] PackLoader:240 - Cannot read IP mode file for STMicroelectronics.X-CUBE-AZRTOS-WL.2.0.0
2025-12-26 10:33:59,382 [WARN] PackLoader:240 - Cannot read IP mode file for STMicroelectronics.X-CUBE-AZRTOS-H7RS.1.2.0
2025-12-26 10:33:59,398 [WARN] PackLoader:240 - Cannot read IP mode file for STMicroelectronics.X-CUBE-BLE2.3.3.0
2025-12-26 10:33:59,484 [WARN] PackLoader:240 - Cannot read IP mode file for Infineon.AIROC-Wi-Fi-Bluetooth-STM32.1.8.0
2025-12-26 10:33:59,502 [WARN] PackLoader:240 - Cannot read IP mode file for STMicroelectronics.X-CUBE-NFC9.1.0.0
2025-12-26 10:33:59,515 [WARN] PackLoader:240 - Cannot read IP mode file for wolfSSL.I-CUBE-wolfSSL.5.8.2
2025-12-26 10:33:59,522 [WARN] PackLoader:240 - Cannot read IP mode file for STMicroelectronics.X-CUBE-BLE1.7.1.0
2025-12-26 10:33:59,528 [WARN] PackLoader:240 - Cannot read IP mode file for wolfSSL.I-CUBE-wolfMQTT.1.19.2
2025-12-26 10:33:59,534 [ERROR] Engine:466 - C:\Users\NIVYA\.stm32cubemx\thirdparties\pdsc\STMicroelectronics.X-CUBE-FREERTOS.1.4.0.pdsc: PDSC version is not supported
2025-12-26 10:33:59,542 [WARN] PackLoader:240 - Cannot read IP mode file for STMicroelectronics.X-CUBE-EEPRMA1.5.2.0
2025-12-26 10:33:59,553 [WARN] PackLoader:240 - Cannot read IP mode file for Cesanta.I-CUBE-Mongoose.7.20.0
2025-12-26 10:33:59,558 [ERROR] Engine:466 - C:\Users\NIVYA\.stm32cubemx\thirdparties\pdsc\STMicroelectronics.X-CUBE-ST67W61.1.1.0.pdsc: PDSC version is not supported
2025-12-26 10:33:59,627 [WARN] PackLoader:240 - Cannot read IP mode file for STMicroelectronics.X-CUBE-MEMS1.12.0.0
2025-12-26 10:33:59,767 [WARN] PackLoader:240 - Cannot read IP mode file for STMicroelectronics.X-CUBE-AZRTOS-G0.1.1.0
2025-12-26 10:33:59,778 [WARN] PackLoader:240 - Cannot read IP mode file for STMicroelectronics.X-CUBE-NFC4.3.0.0
2025-12-26 10:33:59,791 [WARN] PackLoader:240 - Cannot read IP mode file for EmbeddedOffice.I-CUBE-FS-RTOS.1.0.1
2025-12-26 10:33:59,799 [ERROR] LogOutputStream:75 - [STDERR_REDIRECT] [Fatal Error] :1:1: Premature end of file.
2025-12-26 10:33:59,800 [ERROR] LogOutputStream:75 - [STDERR_REDIRECT] 
2025-12-26 10:33:59,800 [WARN] PackLoader:240 - Cannot read IP mode file for STMicroelectronics.X-CUBE-WB05N.2.0.0
2025-12-26 10:33:59,806 [WARN] PackLoader:240 - Cannot read IP mode file for wolfSSL.I-CUBE-wolfTPM.3.8.0
2025-12-26 10:33:59,816 [WARN] PackLoader:240 - Cannot read IP mode file for STMicroelectronics.X-CUBE-TCPP.4.2.0
2025-12-26 10:33:59,824 [WARN] PackLoader:240 - Cannot read IP mode file for RealThread.X-CUBE-RT-Thread_Nano.4.1.1
2025-12-26 10:33:59,830 [WARN] PackLoader:240 - Cannot read IP mode file for STMicroelectronics.FP-ATR-SIGFOX1.3.2.0
2025-12-26 10:33:59,837 [WARN] PackLoader:240 - Cannot read IP mode file for ITTIA_DB.I-CUBE-ITTIADB.8.9.0
2025-12-26 10:33:59,843 [WARN] PackLoader:240 - Cannot read IP mode file for STMicroelectronics.X-CUBE-AI.10.2.0
2025-12-26 10:33:59,873 [WARN] PackLoader:240 - Cannot read IP mode file for SEGGER.I-CUBE-embOS.1.3.1
2025-12-26 10:33:59,931 [WARN] PackLoader:240 - Cannot read IP mode file for STMicroelectronics.X-CUBE-ALGOBUILD.1.4.0
2025-12-26 10:33:59,967 [WARN] PackLoader:240 - Cannot read IP mode file for STMicroelectronics.X-CUBE-PM33A1.1.0.0
2025-12-26 10:33:59,995 [WARN] PackLoader:240 - Cannot read IP mode file for STMicroelectronics.X-CUBE-AZRTOS-F4.1.1.0
2025-12-26 10:34:00,006 [WARN] PackLoader:240 - Cannot read IP mode file for STMicroelectronics.X-CUBE-ISPU.2.1.0
2025-12-26 10:34:00,014 [ERROR] Engine:466 - C:\Users\NIVYA\.stm32cubemx\thirdparties\pdsc\STMicroelectronics.X-CUBE-IPS.3.2.0.pdsc: PDSC version is not supported
2025-12-26 10:34:00,021 [WARN] PackLoader:240 - Cannot read IP mode file for STMicroelectronics.X-CUBE-NFC12.1.0.0
2025-12-26 10:34:00,047 [WARN] PackLoader:240 - Cannot read IP mode file for STMicroelectronics.X-CUBE-AZRTOS-L5.2.0.0
2025-12-26 10:34:00,056 [WARN] PackLoader:240 - Cannot read IP mode file for STMicroelectronics.X-CUBE-NFC6.3.1.0
2025-12-26 10:34:00,065 [WARN] PackLoader:240 - Cannot read IP mode file for STMicroelectronics.X-CUBE-TOUCHGFX.4.26.0
2025-12-26 10:34:00,071 [WARN] PackLoader:240 - Cannot read IP mode file for STMicroelectronics.FP-SNS-STAIOTCFT.1.0.0
2025-12-26 10:34:00,079 [WARN] PackLoader:240 - Cannot read IP mode file for STMicroelectronics.X-CUBE-DPower.1.3.0
2025-12-26 10:34:00,098 [WARN] ConditionMgr:438 - getConditionDescription Invalid condition id : LAN8742 Phy interface Condition cause : null
2025-12-26 10:34:00,099 [WARN] PackLoader:240 - Cannot read IP mode file for STMicroelectronics.X-CUBE-AZRTOS-L4.2.0.0
2025-12-26 10:34:00,101 [WARN] ConditionMgr:1044 - genDependencies : Invalid condition id : LAN8742 Phy interface Condition cause : null
2025-12-26 10:34:00,101 [WARN] ConditionMgr:1044 - genDependencies : Invalid condition id : LAN8742 Phy interface Condition cause : null
2025-12-26 10:34:00,101 [WARN] ConditionMgr:1044 - genDependencies : Invalid condition id : LAN8742 Phy interface Condition cause : null
2025-12-26 10:34:00,110 [WARN] PackLoader:240 - Cannot read IP mode file for STMicroelectronics.X-CUBE-SFXS2LP1.4.0.0
2025-12-26 10:34:00,120 [WARN] PackLoader:240 - Cannot read IP mode file for STMicroelectronics.X-CUBE-BLEMGR.4.1.0
2025-12-26 10:34:00,133 [WARN] ConditionMgr:438 - getConditionDescription Invalid condition id : UX DEVICE CLASS RTOS Condition cause : null
2025-12-26 10:34:00,133 [WARN] ConditionMgr:438 - getConditionDescription Invalid condition id : UX DEVICE CLASS RTOS Condition cause : null
2025-12-26 10:34:00,134 [WARN] PackLoader:240 - Cannot read IP mode file for STMicroelectronics.X-CUBE-AZRTOS-WB.2.0.0
2025-12-26 10:34:00,135 [WARN] ConditionMgr:1044 - genDependencies : Invalid condition id : UX DEVICE CLASS RTOS Condition cause : null
2025-12-26 10:34:00,135 [WARN] ConditionMgr:1044 - genDependencies : Invalid condition id : UX DEVICE CLASS RTOS Condition cause : null
2025-12-26 10:34:00,135 [WARN] ConditionMgr:1044 - genDependencies : Invalid condition id : UX DEVICE CLASS RTOS Condition cause : null
2025-12-26 10:34:00,135 [WARN] ConditionMgr:1044 - genDependencies : Invalid condition id : UX DEVICE CLASS RTOS Condition cause : null
2025-12-26 10:34:00,135 [WARN] ConditionMgr:1044 - genDependencies : Invalid condition id : UX DEVICE CLASS RTOS Condition cause : null
2025-12-26 10:34:00,141 [WARN] ConditionMgr:438 - getConditionDescription Invalid condition id : Cortex-A Device cause : null
2025-12-26 10:34:00,151 [WARN] ConditionMgr:1044 - genDependencies : Invalid condition id : Cortex-A Device cause : null
2025-12-26 10:34:00,152 [WARN] ConditionMgr:1044 - genDependencies : Invalid condition id : Cortex-A Device cause : null
2025-12-26 10:34:00,152 [WARN] ConditionMgr:1044 - genDependencies : Invalid condition id : Cortex-A Device cause : null
2025-12-26 10:34:00,159 [WARN] PackLoader:240 - Cannot read IP mode file for STMicroelectronics.X-CUBE-SUBG2.5.0.0
2025-12-26 10:34:00,172 [WARN] PackLoader:240 - Cannot read IP mode file for STMicroelectronics.X-CUBE-AZRTOS-G4.2.0.0
2025-12-26 10:34:00,179 [WARN] PackLoader:240 - Cannot read IP mode file for wolfSSL.I-CUBE-wolfSSH.1.4.20
2025-12-26 10:34:00,184 [WARN] PackLoader:240 - Cannot read IP mode file for STMicroelectronics.X-CUBE-NFC7.2.0.0
2025-12-26 10:34:00,188 [WARN] PackLoader:240 - Cannot read IP mode file for STMicroelectronics.X-CUBE-ALS.1.0.2
2025-12-26 10:34:00,198 [WARN] PackLoader:240 - Cannot read IP mode file for STMicroelectronics.X-CUBE-STSE01.1.0.0
2025-12-26 10:34:00,209 [WARN] PackLoader:240 - Cannot read IP mode file for STMicroelectronics.X-CUBE-TOF1.3.4.3
2025-12-26 10:34:00,225 [INFO] ThirdParty:978 - Integrity check success = true
2025-12-26 10:34:00,225 [INFO] IntegrityCheckThread:100 - exiting critical section [integrity check]
2025-12-26 10:34:00,225 [INFO] IntegrityCheckThread:103 - End integrity checks thread
2025-12-26 10:34:00,774 [ERROR] LogOutputStream:75 - [STDERR_REDIRECT] [Fatal Error] :1:1: Premature end of file.
2025-12-26 10:34:00,774 [ERROR] LogOutputStream:75 - [STDERR_REDIRECT] 
2025-12-26 10:34:01,774 [ERROR] LogOutputStream:75 - [STDERR_REDIRECT] [Fatal Error] :1:1: Premature end of file.
2025-12-26 10:34:01,774 [ERROR] LogOutputStream:75 - [STDERR_REDIRECT] 
2025-12-26 10:34:02,773 [ERROR] LogOutputStream:75 - [STDERR_REDIRECT] [Fatal Error] :1:1: Premature end of file.
2025-12-26 10:34:02,774 [ERROR] LogOutputStream:75 - [STDERR_REDIRECT] 
2025-12-26 10:34:03,775 [ERROR] LogOutputStream:75 - [STDERR_REDIRECT] [Fatal Error] :1:1: Premature end of file.
2025-12-26 10:34:03,775 [ERROR] LogOutputStream:75 - [STDERR_REDIRECT] 
2025-12-26 10:34:04,775 [ERROR] LogOutputStream:75 - [STDERR_REDIRECT] [Fatal Error] :1:1: Premature end of file.
2025-12-26 10:34:04,775 [ERROR] LogOutputStream:75 - [STDERR_REDIRECT] 
2025-12-26 10:34:05,773 [ERROR] LogOutputStream:75 - [STDERR_REDIRECT] [Fatal Error] :1:1: Premature end of file.
2025-12-26 10:34:05,773 [ERROR] LogOutputStream:75 - [STDERR_REDIRECT] 
2025-12-26 10:34:06,772 [ERROR] LogOutputStream:75 - [STDERR_REDIRECT] [Fatal Error] :1:1: Premature end of file.
2025-12-26 10:34:06,772 [ERROR] LogOutputStream:75 - [STDERR_REDIRECT] 
2025-12-26 10:34:07,774 [ERROR] LogOutputStream:75 - [STDERR_REDIRECT] [Fatal Error] :1:1: Premature end of file.
2025-12-26 10:34:07,774 [ERROR] LogOutputStream:75 - [STDERR_REDIRECT] 
2025-12-26 10:34:08,774 [ERROR] LogOutputStream:75 - [STDERR_REDIRECT] [Fatal Error] :1:1: Premature end of file.
2025-12-26 10:34:08,774 [ERROR] LogOutputStream:75 - [STDERR_REDIRECT] 
2025-12-26 10:34:09,773 [ERROR] LogOutputStream:75 - [STDERR_REDIRECT] [Fatal Error] :1:1: Premature end of file.
2025-12-26 10:34:09,773 [ERROR] LogOutputStream:75 - [STDERR_REDIRECT] 
2025-12-26 10:34:10,774 [ERROR] LogOutputStream:75 - [STDERR_REDIRECT] [Fatal Error] :1:1: Premature end of file.
2025-12-26 10:34:10,774 [ERROR] LogOutputStream:75 - [STDERR_REDIRECT] 
2025-12-26 10:34:11,773 [ERROR] LogOutputStream:75 - [STDERR_REDIRECT] [Fatal Error] :1:1: Premature end of file.
2025-12-26 10:34:11,775 [ERROR] LogOutputStream:75 - [STDERR_REDIRECT] 
2025-12-26 10:34:12,775 [ERROR] LogOutputStream:75 - [STDERR_REDIRECT] [Fatal Error] :1:1: Premature end of file.
2025-12-26 10:34:12,776 [ERROR] LogOutputStream:75 - [STDERR_REDIRECT] 
2025-12-26 10:34:13,774 [ERROR] LogOutputStream:75 - [STDERR_REDIRECT] [Fatal Error] :1:1: Premature end of file.
2025-12-26 10:34:13,775 [ERROR] LogOutputStream:75 - [STDERR_REDIRECT] 
2025-12-26 10:34:14,775 [ERROR] LogOutputStream:75 - [STDERR_REDIRECT] [Fatal Error] :1:1: Premature end of file.
2025-12-26 10:34:14,775 [ERROR] LogOutputStream:75 - [STDERR_REDIRECT] 
2025-12-26 10:34:15,776 [ERROR] LogOutputStream:75 - [STDERR_REDIRECT] [Fatal Error] :1:1: Premature end of file.
2025-12-26 10:34:15,776 [ERROR] LogOutputStream:75 - [STDERR_REDIRECT] 
2025-12-26 10:34:16,775 [ERROR] LogOutputStream:75 - [STDERR_REDIRECT] [Fatal Error] :1:1: Premature end of file.
2025-12-26 10:34:16,775 [ERROR] LogOutputStream:75 - [STDERR_REDIRECT] 
2025-12-26 10:34:17,775 [ERROR] LogOutputStream:75 - [STDERR_REDIRECT] [Fatal Error] :1:1: Premature end of file.
2025-12-26 10:34:17,776 [ERROR] LogOutputStream:75 - [STDERR_REDIRECT] 
2025-12-26 10:34:18,775 [ERROR] LogOutputStream:75 - [STDERR_REDIRECT] [Fatal Error] :1:1: Premature end of file.
2025-12-26 10:34:18,775 [ERROR] LogOutputStream:75 - [STDERR_REDIRECT] 
2025-12-26 10:34:19,775 [ERROR] LogOutputStream:75 - [STDERR_REDIRECT] [Fatal Error] :1:1: Premature end of file.
2025-12-26 10:34:19,775 [ERROR] LogOutputStream:75 - [STDERR_REDIRECT] 
2025-12-26 10:34:20,797 [ERROR] LogOutputStream:75 - [STDERR_REDIRECT] [Fatal Error] :1:1: Premature end of file.
2025-12-26 10:34:20,799 [ERROR] LogOutputStream:75 - [STDERR_REDIRECT] 
2025-12-26 10:34:20,922 [ERROR] LogOutputStream:75 - [STDERR_REDIRECT] 
